{"/Users/rahmathu/Documents/personal_projects/common-investor-ai/common-investor/ui/app/layout.tsx": {"path":"/Users/rahmathu/Documents/personal_projects/common-investor-ai/common-investor/ui/app/layout.tsx","all":false,"statementMap":{"0":{"start":{"line":1,"column":0},"end":{"line":1,"column":25}},"1":{"start":{"line":2,"column":0},"end":{"line":2,"column":19}},"2":{"start":{"line":3,"column":0},"end":{"line":3,"column":38}},"3":{"start":{"line":4,"column":0},"end":{"line":4,"column":1}},"4":{"start":{"line":5,"column":0},"end":{"line":5,"column":0}},"5":{"start":{"line":6,"column":0},"end":{"line":6,"column":36}},"6":{"start":{"line":7,"column":0},"end":{"line":7,"column":11}},"7":{"start":{"line":8,"column":0},"end":{"line":8,"column":4}},"8":{"start":{"line":9,"column":0},"end":{"line":9,"column":27}},"9":{"start":{"line":10,"column":0},"end":{"line":10,"column":4}},"10":{"start":{"line":11,"column":0},"end":{"line":11,"column":10}},"11":{"start":{"line":12,"column":0},"end":{"line":12,"column":20}},"12":{"start":{"line":13,"column":0},"end":{"line":13,"column":29}},"13":{"start":{"line":14,"column":0},"end":{"line":14,"column":11}},"14":{"start":{"line":15,"column":0},"end":{"line":15,"column":3}},"15":{"start":{"line":16,"column":0},"end":{"line":16,"column":1}}},"s":{"0":1,"1":1,"2":1,"3":1,"4":1,"5":3,"6":3,"7":3,"8":3,"9":3,"10":3,"11":3,"12":3,"13":3,"14":3,"15":3},"branchMap":{"0":{"type":"branch","line":6,"loc":{"start":{"line":6,"column":0},"end":{"line":16,"column":1}},"locations":[{"start":{"line":6,"column":0},"end":{"line":16,"column":1}}]}},"b":{"0":[3]},"fnMap":{"0":{"name":"RootLayout","decl":{"start":{"line":6,"column":0},"end":{"line":16,"column":1}},"loc":{"start":{"line":6,"column":0},"end":{"line":16,"column":1}},"line":6}},"f":{"0":3}}
,"/Users/rahmathu/Documents/personal_projects/common-investor-ai/common-investor/ui/app/page.tsx": {"path":"/Users/rahmathu/Documents/personal_projects/common-investor-ai/common-investor/ui/app/page.tsx","all":false,"statementMap":{"0":{"start":{"line":1,"column":0},"end":{"line":1,"column":32}},"1":{"start":{"line":2,"column":0},"end":{"line":2,"column":10}},"2":{"start":{"line":3,"column":0},"end":{"line":3,"column":34}},"3":{"start":{"line":4,"column":0},"end":{"line":4,"column":30}},"4":{"start":{"line":5,"column":0},"end":{"line":5,"column":71}},"5":{"start":{"line":6,"column":0},"end":{"line":6,"column":11}},"6":{"start":{"line":7,"column":0},"end":{"line":7,"column":4}},"7":{"start":{"line":8,"column":0},"end":{"line":8,"column":1}}},"s":{"0":3,"1":3,"2":3,"3":3,"4":3,"5":3,"6":3,"7":3},"branchMap":{"0":{"type":"branch","line":1,"loc":{"start":{"line":1,"column":0},"end":{"line":8,"column":1}},"locations":[{"start":{"line":1,"column":0},"end":{"line":8,"column":1}}]}},"b":{"0":[3]},"fnMap":{"0":{"name":"Home","decl":{"start":{"line":1,"column":0},"end":{"line":8,"column":1}},"loc":{"start":{"line":1,"column":0},"end":{"line":8,"column":1}},"line":1}},"f":{"0":3}}
,"/Users/rahmathu/Documents/personal_projects/common-investor-ai/common-investor/ui/app/company/[ticker]/page.tsx": {"path":"/Users/rahmathu/Documents/personal_projects/common-investor-ai/common-investor/ui/app/company/[ticker]/page.tsx","all":false,"statementMap":{"0":{"start":{"line":1,"column":0},"end":{"line":1,"column":13}},"1":{"start":{"line":2,"column":0},"end":{"line":2,"column":44}},"2":{"start":{"line":3,"column":0},"end":{"line":3,"column":60}},"3":{"start":{"line":4,"column":0},"end":{"line":4,"column":68}},"4":{"start":{"line":5,"column":0},"end":{"line":5,"column":64}},"5":{"start":{"line":6,"column":0},"end":{"line":6,"column":58}},"6":{"start":{"line":7,"column":0},"end":{"line":7,"column":58}},"7":{"start":{"line":8,"column":0},"end":{"line":8,"column":0}},"8":{"start":{"line":9,"column":0},"end":{"line":9,"column":77}},"9":{"start":{"line":10,"column":0},"end":{"line":10,"column":52}},"10":{"start":{"line":11,"column":0},"end":{"line":11,"column":47}},"11":{"start":{"line":12,"column":0},"end":{"line":12,"column":55}},"12":{"start":{"line":13,"column":0},"end":{"line":13,"column":52}},"13":{"start":{"line":14,"column":0},"end":{"line":14,"column":73}},"14":{"start":{"line":15,"column":0},"end":{"line":15,"column":0}},"15":{"start":{"line":16,"column":0},"end":{"line":16,"column":28}},"16":{"start":{"line":17,"column":0},"end":{"line":17,"column":21}},"17":{"start":{"line":18,"column":0},"end":{"line":18,"column":9}},"18":{"start":{"line":19,"column":0},"end":{"line":19,"column":70}},"19":{"start":{"line":20,"column":0},"end":{"line":20,"column":59}},"20":{"start":{"line":21,"column":0},"end":{"line":21,"column":24}},"21":{"start":{"line":22,"column":0},"end":{"line":22,"column":22}},"22":{"start":{"line":23,"column":0},"end":{"line":23,"column":24}},"23":{"start":{"line":24,"column":0},"end":{"line":24,"column":15}},"24":{"start":{"line":25,"column":0},"end":{"line":25,"column":24}},"25":{"start":{"line":26,"column":0},"end":{"line":26,"column":5}},"26":{"start":{"line":27,"column":0},"end":{"line":27,"column":3}},"27":{"start":{"line":28,"column":0},"end":{"line":28,"column":0}},"28":{"start":{"line":29,"column":0},"end":{"line":29,"column":33}},"29":{"start":{"line":30,"column":0},"end":{"line":30,"column":23}},"30":{"start":{"line":31,"column":0},"end":{"line":31,"column":9}},"31":{"start":{"line":32,"column":0},"end":{"line":32,"column":87}},"32":{"start":{"line":33,"column":0},"end":{"line":33,"column":96}},"33":{"start":{"line":34,"column":0},"end":{"line":34,"column":15}},"34":{"start":{"line":35,"column":0},"end":{"line":35,"column":26}},"35":{"start":{"line":36,"column":0},"end":{"line":36,"column":5}},"36":{"start":{"line":37,"column":0},"end":{"line":37,"column":3}},"37":{"start":{"line":38,"column":0},"end":{"line":38,"column":0}},"38":{"start":{"line":39,"column":0},"end":{"line":39,"column":51}},"39":{"start":{"line":40,"column":0},"end":{"line":40,"column":0}},"40":{"start":{"line":41,"column":0},"end":{"line":41,"column":81}},"41":{"start":{"line":42,"column":0},"end":{"line":42,"column":0}},"42":{"start":{"line":43,"column":0},"end":{"line":43,"column":10}},"43":{"start":{"line":44,"column":0},"end":{"line":44,"column":82}},"44":{"start":{"line":45,"column":0},"end":{"line":45,"column":20}},"45":{"start":{"line":46,"column":0},"end":{"line":46,"column":23}},"46":{"start":{"line":47,"column":0},"end":{"line":47,"column":25}},"47":{"start":{"line":48,"column":0},"end":{"line":48,"column":41}},"48":{"start":{"line":49,"column":0},"end":{"line":49,"column":33}},"49":{"start":{"line":50,"column":0},"end":{"line":50,"column":25}},"50":{"start":{"line":51,"column":0},"end":{"line":51,"column":16}},"51":{"start":{"line":52,"column":0},"end":{"line":52,"column":25}},"52":{"start":{"line":53,"column":0},"end":{"line":53,"column":26}},"53":{"start":{"line":54,"column":0},"end":{"line":54,"column":41}},"54":{"start":{"line":55,"column":0},"end":{"line":55,"column":9}},"55":{"start":{"line":56,"column":0},"end":{"line":56,"column":13}},"56":{"start":{"line":57,"column":0},"end":{"line":57,"column":82}},"57":{"start":{"line":58,"column":0},"end":{"line":58,"column":27}},"58":{"start":{"line":59,"column":0},"end":{"line":59,"column":15}},"59":{"start":{"line":60,"column":0},"end":{"line":60,"column":23}},"60":{"start":{"line":61,"column":0},"end":{"line":61,"column":77}},"61":{"start":{"line":62,"column":0},"end":{"line":62,"column":50}},"62":{"start":{"line":63,"column":0},"end":{"line":63,"column":16}},"63":{"start":{"line":64,"column":0},"end":{"line":64,"column":12}},"64":{"start":{"line":65,"column":0},"end":{"line":65,"column":75}},"65":{"start":{"line":66,"column":0},"end":{"line":66,"column":64}},"66":{"start":{"line":67,"column":0},"end":{"line":67,"column":14}},"67":{"start":{"line":68,"column":0},"end":{"line":68,"column":14}},"68":{"start":{"line":69,"column":0},"end":{"line":69,"column":71}},"69":{"start":{"line":70,"column":0},"end":{"line":70,"column":18}},"70":{"start":{"line":71,"column":0},"end":{"line":71,"column":34}},"71":{"start":{"line":72,"column":0},"end":{"line":72,"column":32}},"72":{"start":{"line":73,"column":0},"end":{"line":73,"column":20}},"73":{"start":{"line":74,"column":0},"end":{"line":74,"column":35}},"74":{"start":{"line":75,"column":0},"end":{"line":75,"column":60}},"75":{"start":{"line":76,"column":0},"end":{"line":76,"column":28}},"76":{"start":{"line":77,"column":0},"end":{"line":77,"column":29}},"77":{"start":{"line":78,"column":0},"end":{"line":78,"column":30}},"78":{"start":{"line":79,"column":0},"end":{"line":79,"column":30}},"79":{"start":{"line":80,"column":0},"end":{"line":80,"column":59}},"80":{"start":{"line":81,"column":0},"end":{"line":81,"column":14}},"81":{"start":{"line":82,"column":0},"end":{"line":82,"column":11}},"82":{"start":{"line":83,"column":0},"end":{"line":83,"column":60}},"83":{"start":{"line":84,"column":0},"end":{"line":84,"column":19}},"84":{"start":{"line":85,"column":0},"end":{"line":85,"column":18}},"85":{"start":{"line":86,"column":0},"end":{"line":86,"column":37}},"86":{"start":{"line":87,"column":0},"end":{"line":87,"column":20}},"87":{"start":{"line":88,"column":0},"end":{"line":88,"column":35}},"88":{"start":{"line":89,"column":0},"end":{"line":89,"column":36}},"89":{"start":{"line":90,"column":0},"end":{"line":90,"column":31}},"90":{"start":{"line":91,"column":0},"end":{"line":91,"column":42}},"91":{"start":{"line":92,"column":0},"end":{"line":92,"column":30}},"92":{"start":{"line":93,"column":0},"end":{"line":93,"column":30}},"93":{"start":{"line":94,"column":0},"end":{"line":94,"column":31}},"94":{"start":{"line":95,"column":0},"end":{"line":95,"column":14}},"95":{"start":{"line":96,"column":0},"end":{"line":96,"column":11}},"96":{"start":{"line":97,"column":0},"end":{"line":97,"column":18}},"97":{"start":{"line":98,"column":0},"end":{"line":98,"column":19}},"98":{"start":{"line":99,"column":0},"end":{"line":99,"column":13}},"99":{"start":{"line":100,"column":0},"end":{"line":100,"column":30}},"100":{"start":{"line":101,"column":0},"end":{"line":101,"column":28}},"101":{"start":{"line":102,"column":0},"end":{"line":102,"column":28}},"102":{"start":{"line":103,"column":0},"end":{"line":103,"column":20}},"103":{"start":{"line":104,"column":0},"end":{"line":104,"column":35}},"104":{"start":{"line":105,"column":0},"end":{"line":105,"column":36}},"105":{"start":{"line":106,"column":0},"end":{"line":106,"column":31}},"106":{"start":{"line":107,"column":0},"end":{"line":107,"column":42}},"107":{"start":{"line":108,"column":0},"end":{"line":108,"column":30}},"108":{"start":{"line":109,"column":0},"end":{"line":109,"column":30}},"109":{"start":{"line":110,"column":0},"end":{"line":110,"column":36}},"110":{"start":{"line":111,"column":0},"end":{"line":111,"column":14}},"111":{"start":{"line":112,"column":0},"end":{"line":112,"column":11}},"112":{"start":{"line":113,"column":0},"end":{"line":113,"column":22}},"113":{"start":{"line":114,"column":0},"end":{"line":114,"column":14}},"114":{"start":{"line":115,"column":0},"end":{"line":115,"column":14}},"115":{"start":{"line":116,"column":0},"end":{"line":116,"column":15}},"116":{"start":{"line":117,"column":0},"end":{"line":117,"column":0}},"117":{"start":{"line":118,"column":0},"end":{"line":118,"column":29}},"118":{"start":{"line":119,"column":0},"end":{"line":119,"column":19}},"119":{"start":{"line":120,"column":0},"end":{"line":120,"column":95}},"120":{"start":{"line":121,"column":0},"end":{"line":121,"column":80}},"121":{"start":{"line":122,"column":0},"end":{"line":122,"column":14}},"122":{"start":{"line":123,"column":0},"end":{"line":123,"column":8}},"123":{"start":{"line":124,"column":0},"end":{"line":124,"column":15}},"124":{"start":{"line":125,"column":0},"end":{"line":125,"column":95}},"125":{"start":{"line":126,"column":0},"end":{"line":126,"column":69}},"126":{"start":{"line":127,"column":0},"end":{"line":127,"column":14}},"127":{"start":{"line":128,"column":0},"end":{"line":128,"column":8}},"128":{"start":{"line":129,"column":0},"end":{"line":129,"column":32}},"129":{"start":{"line":130,"column":0},"end":{"line":130,"column":95}},"130":{"start":{"line":131,"column":0},"end":{"line":131,"column":53}},"131":{"start":{"line":132,"column":0},"end":{"line":132,"column":131}},"132":{"start":{"line":133,"column":0},"end":{"line":133,"column":14}},"133":{"start":{"line":134,"column":0},"end":{"line":134,"column":14}},"134":{"start":{"line":135,"column":0},"end":{"line":135,"column":8}},"135":{"start":{"line":136,"column":0},"end":{"line":136,"column":0}},"136":{"start":{"line":137,"column":0},"end":{"line":137,"column":43}},"137":{"start":{"line":138,"column":0},"end":{"line":138,"column":19}},"138":{"start":{"line":139,"column":0},"end":{"line":139,"column":46}},"139":{"start":{"line":140,"column":0},"end":{"line":140,"column":28}},"140":{"start":{"line":141,"column":0},"end":{"line":141,"column":31}},"141":{"start":{"line":142,"column":0},"end":{"line":142,"column":33}},"142":{"start":{"line":143,"column":0},"end":{"line":143,"column":34}},"143":{"start":{"line":144,"column":0},"end":{"line":144,"column":28}},"144":{"start":{"line":145,"column":0},"end":{"line":145,"column":28}},"145":{"start":{"line":146,"column":0},"end":{"line":146,"column":28}},"146":{"start":{"line":147,"column":0},"end":{"line":147,"column":13}},"147":{"start":{"line":148,"column":0},"end":{"line":148,"column":33}},"148":{"start":{"line":149,"column":0},"end":{"line":149,"column":20}},"149":{"start":{"line":150,"column":0},"end":{"line":150,"column":24}},"150":{"start":{"line":151,"column":0},"end":{"line":151,"column":35}},"151":{"start":{"line":152,"column":0},"end":{"line":152,"column":25}},"152":{"start":{"line":153,"column":0},"end":{"line":153,"column":40}},"153":{"start":{"line":154,"column":0},"end":{"line":154,"column":29}},"154":{"start":{"line":155,"column":0},"end":{"line":155,"column":24}},"155":{"start":{"line":156,"column":0},"end":{"line":156,"column":13}},"156":{"start":{"line":157,"column":0},"end":{"line":157,"column":46}},"157":{"start":{"line":158,"column":0},"end":{"line":158,"column":16}},"158":{"start":{"line":159,"column":0},"end":{"line":159,"column":18}},"159":{"start":{"line":160,"column":0},"end":{"line":160,"column":8}},"160":{"start":{"line":161,"column":0},"end":{"line":161,"column":0}},"161":{"start":{"line":162,"column":0},"end":{"line":162,"column":36}},"162":{"start":{"line":163,"column":0},"end":{"line":163,"column":55}},"163":{"start":{"line":164,"column":0},"end":{"line":164,"column":54}},"164":{"start":{"line":165,"column":0},"end":{"line":165,"column":57}},"165":{"start":{"line":166,"column":0},"end":{"line":166,"column":59}},"166":{"start":{"line":167,"column":0},"end":{"line":167,"column":54}},"167":{"start":{"line":168,"column":0},"end":{"line":168,"column":11}},"168":{"start":{"line":169,"column":0},"end":{"line":169,"column":4}},"169":{"start":{"line":170,"column":0},"end":{"line":170,"column":1}}},"s":{"0":1,"1":1,"2":1,"3":1,"4":1,"5":1,"6":1,"7":1,"8":39,"9":39,"10":39,"11":39,"12":39,"13":39,"14":39,"15":39,"16":15,"17":15,"18":15,"19":15,"20":13,"21":15,"22":1,"23":15,"24":15,"25":15,"26":15,"27":39,"28":39,"29":2,"30":2,"31":2,"32":1,"33":1,"34":1,"35":1,"36":2,"37":39,"38":39,"39":39,"40":39,"41":39,"42":39,"43":39,"44":39,"45":39,"46":39,"47":39,"48":39,"49":39,"50":39,"51":39,"52":39,"53":39,"54":39,"55":39,"56":39,"57":39,"58":39,"59":39,"60":23,"61":23,"62":23,"63":39,"64":39,"65":39,"66":39,"67":39,"68":39,"69":39,"70":39,"71":39,"72":39,"73":39,"74":39,"75":39,"76":39,"77":39,"78":39,"79":39,"80":39,"81":39,"82":39,"83":39,"84":39,"85":39,"86":39,"87":39,"88":39,"89":39,"90":39,"91":39,"92":39,"93":39,"94":39,"95":39,"96":39,"97":39,"98":39,"99":39,"100":39,"101":39,"102":39,"103":39,"104":39,"105":39,"106":39,"107":39,"108":39,"109":39,"110":39,"111":39,"112":39,"113":39,"114":39,"115":39,"116":39,"117":39,"118":39,"119":15,"120":15,"121":15,"122":39,"123":39,"124":1,"125":1,"126":1,"127":39,"128":39,"129":2,"130":2,"131":2,"132":2,"133":2,"134":39,"135":39,"136":39,"137":39,"138":23,"139":23,"140":23,"141":23,"142":23,"143":23,"144":23,"145":23,"146":23,"147":23,"148":23,"149":23,"150":23,"151":23,"152":23,"153":23,"154":23,"155":23,"156":23,"157":23,"158":23,"159":39,"160":39,"161":39,"162":39,"163":39,"164":39,"165":39,"166":39,"167":39,"168":39,"169":39},"branchMap":{"0":{"type":"branch","line":9,"loc":{"start":{"line":9,"column":0},"end":{"line":170,"column":1}},"locations":[{"start":{"line":9,"column":0},"end":{"line":170,"column":1}}]},"1":{"type":"branch","line":60,"loc":{"start":{"line":60,"column":11},"end":{"line":63,"column":16}},"locations":[{"start":{"line":60,"column":11},"end":{"line":63,"column":16}}]},"2":{"type":"branch","line":62,"loc":{"start":{"line":62,"column":23},"end":{"line":62,"column":50}},"locations":[{"start":{"line":62,"column":23},"end":{"line":62,"column":50}}]},"3":{"type":"branch","line":75,"loc":{"start":{"line":75,"column":26},"end":{"line":75,"column":50}},"locations":[{"start":{"line":75,"column":26},"end":{"line":75,"column":50}}]},"4":{"type":"branch","line":75,"loc":{"start":{"line":75,"column":38},"end":{"line":75,"column":60}},"locations":[{"start":{"line":75,"column":38},"end":{"line":75,"column":60}}]},"5":{"type":"branch","line":80,"loc":{"start":{"line":80,"column":22},"end":{"line":80,"column":50}},"locations":[{"start":{"line":80,"column":22},"end":{"line":80,"column":50}}]},"6":{"type":"branch","line":80,"loc":{"start":{"line":80,"column":34},"end":{"line":80,"column":59}},"locations":[{"start":{"line":80,"column":34},"end":{"line":80,"column":59}}]},"7":{"type":"branch","line":83,"loc":{"start":{"line":83,"column":13},"end":{"line":83,"column":42}},"locations":[{"start":{"line":83,"column":13},"end":{"line":83,"column":42}}]},"8":{"type":"branch","line":83,"loc":{"start":{"line":83,"column":25},"end":{"line":83,"column":60}},"locations":[{"start":{"line":83,"column":25},"end":{"line":83,"column":60}}]},"9":{"type":"branch","line":119,"loc":{"start":{"line":119,"column":7},"end":{"line":122,"column":14}},"locations":[{"start":{"line":119,"column":7},"end":{"line":122,"column":14}}]},"10":{"type":"branch","line":124,"loc":{"start":{"line":124,"column":7},"end":{"line":127,"column":14}},"locations":[{"start":{"line":124,"column":7},"end":{"line":127,"column":14}}]},"11":{"type":"branch","line":129,"loc":{"start":{"line":129,"column":8},"end":{"line":129,"column":32}},"locations":[{"start":{"line":129,"column":8},"end":{"line":129,"column":32}}]},"12":{"type":"branch","line":129,"loc":{"start":{"line":129,"column":20},"end":{"line":134,"column":14}},"locations":[{"start":{"line":129,"column":20},"end":{"line":134,"column":14}}]},"13":{"type":"branch","line":138,"loc":{"start":{"line":138,"column":7},"end":{"line":159,"column":18}},"locations":[{"start":{"line":138,"column":7},"end":{"line":159,"column":18}}]},"14":{"type":"branch","line":16,"loc":{"start":{"line":16,"column":2},"end":{"line":27,"column":3}},"locations":[{"start":{"line":16,"column":2},"end":{"line":27,"column":3}}]},"15":{"type":"branch","line":19,"loc":{"start":{"line":19,"column":68},"end":{"line":20,"column":36}},"locations":[{"start":{"line":19,"column":68},"end":{"line":20,"column":36}}]},"16":{"type":"branch","line":20,"loc":{"start":{"line":20,"column":30},"end":{"line":20,"column":43}},"locations":[{"start":{"line":20,"column":30},"end":{"line":20,"column":43}}]},"17":{"type":"branch","line":20,"loc":{"start":{"line":20,"column":36},"end":{"line":22,"column":13}},"locations":[{"start":{"line":20,"column":36},"end":{"line":22,"column":13}}]},"18":{"type":"branch","line":22,"loc":{"start":{"line":22,"column":4},"end":{"line":24,"column":6}},"locations":[{"start":{"line":22,"column":4},"end":{"line":24,"column":6}}]},"19":{"type":"branch","line":29,"loc":{"start":{"line":29,"column":2},"end":{"line":37,"column":3}},"locations":[{"start":{"line":29,"column":2},"end":{"line":37,"column":3}}]},"20":{"type":"branch","line":32,"loc":{"start":{"line":32,"column":85},"end":{"line":36,"column":5}},"locations":[{"start":{"line":32,"column":85},"end":{"line":36,"column":5}}]},"21":{"type":"branch","line":39,"loc":{"start":{"line":39,"column":12},"end":{"line":39,"column":34}},"locations":[{"start":{"line":39,"column":12},"end":{"line":39,"column":34}}]},"22":{"type":"branch","line":86,"loc":{"start":{"line":86,"column":21},"end":{"line":86,"column":37}},"locations":[{"start":{"line":86,"column":21},"end":{"line":86,"column":37}}]}},"b":{"0":[39],"1":[23],"2":[0],"3":[2],"4":[37],"5":[2],"6":[37],"7":[2],"8":[37],"9":[15],"10":[1],"11":[24],"12":[2],"13":[23],"14":[15],"15":[14],"16":[1],"17":[13],"18":[1],"19":[2],"20":[1],"21":[14],"22":[1]},"fnMap":{"0":{"name":"Company","decl":{"start":{"line":9,"column":0},"end":{"line":170,"column":1}},"loc":{"start":{"line":9,"column":0},"end":{"line":170,"column":1}},"line":9},"1":{"name":"loadAll","decl":{"start":{"line":16,"column":2},"end":{"line":27,"column":3}},"loc":{"start":{"line":16,"column":2},"end":{"line":27,"column":3}},"line":16},"2":{"name":"handleIngest","decl":{"start":{"line":29,"column":2},"end":{"line":37,"column":3}},"loc":{"start":{"line":29,"column":2},"end":{"line":37,"column":3}},"line":29},"3":{"name":"onClick","decl":{"start":{"line":86,"column":21},"end":{"line":86,"column":37}},"loc":{"start":{"line":86,"column":21},"end":{"line":86,"column":37}},"line":86}},"f":{"0":39,"1":15,"2":2,"3":1}}
,"/Users/rahmathu/Documents/personal_projects/common-investor-ai/common-investor/ui/components/AlertsPanel.tsx": {"path":"/Users/rahmathu/Documents/personal_projects/common-investor-ai/common-investor/ui/components/AlertsPanel.tsx","all":false,"statementMap":{"0":{"start":{"line":1,"column":0},"end":{"line":1,"column":13}},"1":{"start":{"line":2,"column":0},"end":{"line":2,"column":44}},"2":{"start":{"line":3,"column":0},"end":{"line":3,"column":0}},"3":{"start":{"line":4,"column":0},"end":{"line":4,"column":83}},"4":{"start":{"line":5,"column":0},"end":{"line":5,"column":50}},"5":{"start":{"line":6,"column":0},"end":{"line":6,"column":26}},"6":{"start":{"line":7,"column":0},"end":{"line":7,"column":70}},"7":{"start":{"line":8,"column":0},"end":{"line":8,"column":56}},"8":{"start":{"line":9,"column":0},"end":{"line":9,"column":3}},"9":{"start":{"line":10,"column":0},"end":{"line":10,"column":41}},"10":{"start":{"line":11,"column":0},"end":{"line":11,"column":0}},"11":{"start":{"line":12,"column":0},"end":{"line":12,"column":39}},"12":{"start":{"line":13,"column":0},"end":{"line":13,"column":176}},"13":{"start":{"line":14,"column":0},"end":{"line":14,"column":13}},"14":{"start":{"line":15,"column":0},"end":{"line":15,"column":3}},"15":{"start":{"line":16,"column":0},"end":{"line":16,"column":40}},"16":{"start":{"line":17,"column":0},"end":{"line":17,"column":43}},"17":{"start":{"line":18,"column":0},"end":{"line":18,"column":21}},"18":{"start":{"line":19,"column":0},"end":{"line":19,"column":206}},"19":{"start":{"line":20,"column":0},"end":{"line":20,"column":13}},"20":{"start":{"line":21,"column":0},"end":{"line":21,"column":3}},"21":{"start":{"line":22,"column":0},"end":{"line":22,"column":57}},"22":{"start":{"line":23,"column":0},"end":{"line":23,"column":146}},"23":{"start":{"line":24,"column":0},"end":{"line":24,"column":13}},"24":{"start":{"line":25,"column":0},"end":{"line":25,"column":3}},"25":{"start":{"line":26,"column":0},"end":{"line":26,"column":40}},"26":{"start":{"line":27,"column":0},"end":{"line":27,"column":67}},"27":{"start":{"line":28,"column":0},"end":{"line":28,"column":13}},"28":{"start":{"line":29,"column":0},"end":{"line":29,"column":3}},"29":{"start":{"line":30,"column":0},"end":{"line":30,"column":10}},"30":{"start":{"line":31,"column":0},"end":{"line":31,"column":39}},"31":{"start":{"line":32,"column":0},"end":{"line":32,"column":21}},"32":{"start":{"line":33,"column":0},"end":{"line":33,"column":46}},"33":{"start":{"line":34,"column":0},"end":{"line":34,"column":74}},"34":{"start":{"line":35,"column":0},"end":{"line":35,"column":81}},"35":{"start":{"line":36,"column":0},"end":{"line":36,"column":12}},"36":{"start":{"line":37,"column":0},"end":{"line":37,"column":80}},"37":{"start":{"line":38,"column":0},"end":{"line":38,"column":15}},"38":{"start":{"line":39,"column":0},"end":{"line":39,"column":14}},"39":{"start":{"line":40,"column":0},"end":{"line":40,"column":94}},"40":{"start":{"line":41,"column":0},"end":{"line":41,"column":96}},"41":{"start":{"line":42,"column":0},"end":{"line":42,"column":101}},"42":{"start":{"line":43,"column":0},"end":{"line":43,"column":99}},"43":{"start":{"line":44,"column":0},"end":{"line":44,"column":99}},"44":{"start":{"line":45,"column":0},"end":{"line":45,"column":15}},"45":{"start":{"line":46,"column":0},"end":{"line":46,"column":16}},"46":{"start":{"line":47,"column":0},"end":{"line":47,"column":15}},"47":{"start":{"line":48,"column":0},"end":{"line":48,"column":27}},"48":{"start":{"line":49,"column":0},"end":{"line":49,"column":27}},"49":{"start":{"line":50,"column":0},"end":{"line":50,"column":51}},"50":{"start":{"line":51,"column":0},"end":{"line":51,"column":58}},"51":{"start":{"line":52,"column":0},"end":{"line":52,"column":65}},"52":{"start":{"line":53,"column":0},"end":{"line":53,"column":64}},"53":{"start":{"line":54,"column":0},"end":{"line":54,"column":40}},"54":{"start":{"line":55,"column":0},"end":{"line":55,"column":109}},"55":{"start":{"line":56,"column":0},"end":{"line":56,"column":97}},"56":{"start":{"line":57,"column":0},"end":{"line":57,"column":19}},"57":{"start":{"line":58,"column":0},"end":{"line":58,"column":17}},"58":{"start":{"line":59,"column":0},"end":{"line":59,"column":13}},"59":{"start":{"line":60,"column":0},"end":{"line":60,"column":16}},"60":{"start":{"line":61,"column":0},"end":{"line":61,"column":14}},"61":{"start":{"line":62,"column":0},"end":{"line":62,"column":14}},"62":{"start":{"line":63,"column":0},"end":{"line":63,"column":3}},"63":{"start":{"line":64,"column":0},"end":{"line":64,"column":1}}},"s":{"0":1,"1":1,"2":1,"3":44,"4":44,"5":44,"6":26,"7":26,"8":26,"9":44,"10":44,"11":44,"12":1,"13":1,"14":1,"15":44,"16":2,"17":2,"18":1,"19":1,"20":2,"21":44,"22":2,"23":2,"24":2,"25":44,"26":1,"27":1,"28":1,"29":44,"30":44,"31":44,"32":44,"33":44,"34":44,"35":44,"36":44,"37":44,"38":44,"39":44,"40":44,"41":44,"42":44,"43":44,"44":44,"45":44,"46":44,"47":44,"48":14,"49":14,"50":14,"51":14,"52":14,"53":14,"54":14,"55":14,"56":14,"57":14,"58":44,"59":44,"60":44,"61":44,"62":44,"63":44},"branchMap":{"0":{"type":"branch","line":4,"loc":{"start":{"line":4,"column":0},"end":{"line":64,"column":1}},"locations":[{"start":{"line":4,"column":0},"end":{"line":64,"column":1}}]},"1":{"type":"branch","line":6,"loc":{"start":{"line":6,"column":2},"end":{"line":9,"column":3}},"locations":[{"start":{"line":6,"column":2},"end":{"line":9,"column":3}}]},"2":{"type":"branch","line":8,"loc":{"start":{"line":8,"column":27},"end":{"line":8,"column":52}},"locations":[{"start":{"line":8,"column":27},"end":{"line":8,"column":52}}]},"3":{"type":"branch","line":8,"loc":{"start":{"line":8,"column":48},"end":{"line":8,"column":54}},"locations":[{"start":{"line":8,"column":48},"end":{"line":8,"column":54}}]},"4":{"type":"branch","line":10,"loc":{"start":{"line":10,"column":12},"end":{"line":10,"column":31}},"locations":[{"start":{"line":10,"column":12},"end":{"line":10,"column":31}}]},"5":{"type":"branch","line":12,"loc":{"start":{"line":12,"column":2},"end":{"line":15,"column":3}},"locations":[{"start":{"line":12,"column":2},"end":{"line":15,"column":3}}]},"6":{"type":"branch","line":16,"loc":{"start":{"line":16,"column":2},"end":{"line":21,"column":3}},"locations":[{"start":{"line":16,"column":2},"end":{"line":21,"column":3}}]},"7":{"type":"branch","line":18,"loc":{"start":{"line":18,"column":14},"end":{"line":20,"column":13}},"locations":[{"start":{"line":18,"column":14},"end":{"line":20,"column":13}}]},"8":{"type":"branch","line":22,"loc":{"start":{"line":22,"column":2},"end":{"line":25,"column":3}},"locations":[{"start":{"line":22,"column":2},"end":{"line":25,"column":3}}]},"9":{"type":"branch","line":26,"loc":{"start":{"line":26,"column":2},"end":{"line":29,"column":3}},"locations":[{"start":{"line":26,"column":2},"end":{"line":29,"column":3}}]},"10":{"type":"branch","line":48,"loc":{"start":{"line":48,"column":22},"end":{"line":58,"column":17}},"locations":[{"start":{"line":48,"column":22},"end":{"line":58,"column":17}}]},"11":{"type":"branch","line":52,"loc":{"start":{"line":52,"column":43},"end":{"line":52,"column":60}},"locations":[{"start":{"line":52,"column":43},"end":{"line":52,"column":60}}]},"12":{"type":"branch","line":55,"loc":{"start":{"line":55,"column":71},"end":{"line":55,"column":91}},"locations":[{"start":{"line":55,"column":71},"end":{"line":55,"column":91}}]},"13":{"type":"branch","line":55,"loc":{"start":{"line":55,"column":81},"end":{"line":55,"column":100}},"locations":[{"start":{"line":55,"column":81},"end":{"line":55,"column":100}}]},"14":{"type":"branch","line":55,"loc":{"start":{"line":55,"column":33},"end":{"line":55,"column":69}},"locations":[{"start":{"line":55,"column":33},"end":{"line":55,"column":69}}]},"15":{"type":"branch","line":56,"loc":{"start":{"line":56,"column":33},"end":{"line":56,"column":56}},"locations":[{"start":{"line":56,"column":33},"end":{"line":56,"column":56}}]}},"b":{"0":[44],"1":[26],"2":[25],"3":[1],"4":[21],"5":[1],"6":[2],"7":[1],"8":[2],"9":[1],"10":[14],"11":[10],"12":[8],"13":[6],"14":[2],"15":[1]},"fnMap":{"0":{"name":"AlertsPanel","decl":{"start":{"line":4,"column":0},"end":{"line":64,"column":1}},"loc":{"start":{"line":4,"column":0},"end":{"line":64,"column":1}},"line":4},"1":{"name":"reload","decl":{"start":{"line":6,"column":2},"end":{"line":9,"column":3}},"loc":{"start":{"line":6,"column":2},"end":{"line":9,"column":3}},"line":6},"2":{"name":"createPriceBelowMOS","decl":{"start":{"line":12,"column":2},"end":{"line":15,"column":3}},"loc":{"start":{"line":12,"column":2},"end":{"line":15,"column":3}},"line":12},"3":{"name":"createBelowThreshold","decl":{"start":{"line":16,"column":2},"end":{"line":21,"column":3}},"loc":{"start":{"line":16,"column":2},"end":{"line":21,"column":3}},"line":16},"4":{"name":"toggleAlert","decl":{"start":{"line":22,"column":2},"end":{"line":25,"column":3}},"loc":{"start":{"line":22,"column":2},"end":{"line":25,"column":3}},"line":22},"5":{"name":"deleteAlert","decl":{"start":{"line":26,"column":2},"end":{"line":29,"column":3}},"loc":{"start":{"line":26,"column":2},"end":{"line":29,"column":3}},"line":26},"6":{"name":"onClick","decl":{"start":{"line":55,"column":33},"end":{"line":55,"column":69}},"loc":{"start":{"line":55,"column":33},"end":{"line":55,"column":69}},"line":55},"7":{"name":"onClick","decl":{"start":{"line":56,"column":33},"end":{"line":56,"column":56}},"loc":{"start":{"line":56,"column":33},"end":{"line":56,"column":56}},"line":56}},"f":{"0":44,"1":26,"2":1,"3":2,"4":2,"5":1,"6":2,"7":1}}
,"/Users/rahmathu/Documents/personal_projects/common-investor-ai/common-investor/ui/components/BigFivePanel.tsx": {"path":"/Users/rahmathu/Documents/personal_projects/common-investor-ai/common-investor/ui/components/BigFivePanel.tsx","all":false,"statementMap":{"0":{"start":{"line":1,"column":0},"end":{"line":1,"column":13}},"1":{"start":{"line":2,"column":0},"end":{"line":2,"column":44}},"2":{"start":{"line":3,"column":0},"end":{"line":3,"column":0}},"3":{"start":{"line":4,"column":0},"end":{"line":4,"column":64}},"4":{"start":{"line":5,"column":0},"end":{"line":5,"column":25}},"5":{"start":{"line":6,"column":0},"end":{"line":6,"column":35}},"6":{"start":{"line":7,"column":0},"end":{"line":7,"column":17}},"7":{"start":{"line":8,"column":0},"end":{"line":8,"column":23}},"8":{"start":{"line":9,"column":0},"end":{"line":9,"column":63}},"9":{"start":{"line":10,"column":0},"end":{"line":10,"column":46}},"10":{"start":{"line":11,"column":0},"end":{"line":11,"column":76}},"11":{"start":{"line":12,"column":0},"end":{"line":12,"column":3}},"12":{"start":{"line":13,"column":0},"end":{"line":13,"column":2}},"13":{"start":{"line":14,"column":0},"end":{"line":14,"column":65}},"14":{"start":{"line":15,"column":0},"end":{"line":15,"column":2}},"15":{"start":{"line":16,"column":0},"end":{"line":16,"column":94}},"16":{"start":{"line":17,"column":0},"end":{"line":17,"column":89}},"17":{"start":{"line":18,"column":0},"end":{"line":18,"column":89}},"18":{"start":{"line":19,"column":0},"end":{"line":19,"column":89}},"19":{"start":{"line":20,"column":0},"end":{"line":20,"column":71}},"20":{"start":{"line":21,"column":0},"end":{"line":21,"column":1}},"21":{"start":{"line":22,"column":0},"end":{"line":22,"column":0}},"22":{"start":{"line":23,"column":0},"end":{"line":23,"column":20}},"23":{"start":{"line":24,"column":0},"end":{"line":24,"column":76}},"24":{"start":{"line":25,"column":0},"end":{"line":25,"column":58}},"25":{"start":{"line":26,"column":0},"end":{"line":26,"column":47}},"26":{"start":{"line":27,"column":0},"end":{"line":27,"column":1}},"27":{"start":{"line":28,"column":0},"end":{"line":28,"column":0}},"28":{"start":{"line":29,"column":0},"end":{"line":29,"column":38}},"29":{"start":{"line":30,"column":0},"end":{"line":30,"column":67}},"30":{"start":{"line":31,"column":0},"end":{"line":31,"column":58}},"31":{"start":{"line":32,"column":0},"end":{"line":32,"column":69}},"32":{"start":{"line":33,"column":0},"end":{"line":33,"column":69}},"33":{"start":{"line":34,"column":0},"end":{"line":34,"column":32}},"34":{"start":{"line":35,"column":0},"end":{"line":35,"column":1}},"35":{"start":{"line":36,"column":0},"end":{"line":36,"column":0}},"36":{"start":{"line":37,"column":0},"end":{"line":37,"column":25}},"37":{"start":{"line":38,"column":0},"end":{"line":38,"column":46}},"38":{"start":{"line":39,"column":0},"end":{"line":39,"column":10}},"39":{"start":{"line":40,"column":0},"end":{"line":40,"column":10}},"40":{"start":{"line":41,"column":0},"end":{"line":41,"column":18}},"41":{"start":{"line":42,"column":0},"end":{"line":42,"column":15}},"42":{"start":{"line":43,"column":0},"end":{"line":43,"column":31}},"43":{"start":{"line":44,"column":0},"end":{"line":44,"column":29}},"44":{"start":{"line":45,"column":0},"end":{"line":45,"column":33}},"45":{"start":{"line":46,"column":0},"end":{"line":46,"column":19}},"46":{"start":{"line":47,"column":0},"end":{"line":47,"column":20}},"47":{"start":{"line":48,"column":0},"end":{"line":48,"column":29}},"48":{"start":{"line":49,"column":0},"end":{"line":49,"column":31}},"49":{"start":{"line":50,"column":0},"end":{"line":50,"column":22}},"50":{"start":{"line":51,"column":0},"end":{"line":51,"column":21}},"51":{"start":{"line":52,"column":0},"end":{"line":52,"column":24}},"52":{"start":{"line":53,"column":0},"end":{"line":53,"column":22}},"53":{"start":{"line":54,"column":0},"end":{"line":54,"column":22}},"54":{"start":{"line":55,"column":0},"end":{"line":55,"column":8}},"55":{"start":{"line":56,"column":0},"end":{"line":56,"column":5}},"56":{"start":{"line":57,"column":0},"end":{"line":57,"column":7}},"57":{"start":{"line":58,"column":0},"end":{"line":58,"column":11}},"58":{"start":{"line":59,"column":0},"end":{"line":59,"column":4}},"59":{"start":{"line":60,"column":0},"end":{"line":60,"column":1}},"60":{"start":{"line":61,"column":0},"end":{"line":61,"column":0}},"61":{"start":{"line":62,"column":0},"end":{"line":62,"column":23}},"62":{"start":{"line":63,"column":0},"end":{"line":63,"column":22}},"63":{"start":{"line":64,"column":0},"end":{"line":64,"column":9}},"64":{"start":{"line":65,"column":0},"end":{"line":65,"column":8}},"65":{"start":{"line":66,"column":0},"end":{"line":66,"column":7}},"66":{"start":{"line":67,"column":0},"end":{"line":67,"column":14}},"67":{"start":{"line":68,"column":0},"end":{"line":68,"column":8}},"68":{"start":{"line":69,"column":0},"end":{"line":69,"column":17}},"69":{"start":{"line":70,"column":0},"end":{"line":70,"column":9}},"70":{"start":{"line":71,"column":0},"end":{"line":71,"column":14}},"71":{"start":{"line":72,"column":0},"end":{"line":72,"column":24}},"72":{"start":{"line":73,"column":0},"end":{"line":73,"column":8}},"73":{"start":{"line":74,"column":0},"end":{"line":74,"column":10}},"74":{"start":{"line":75,"column":0},"end":{"line":75,"column":4}},"75":{"start":{"line":76,"column":0},"end":{"line":76,"column":17}},"76":{"start":{"line":77,"column":0},"end":{"line":77,"column":16}},"77":{"start":{"line":78,"column":0},"end":{"line":78,"column":15}},"78":{"start":{"line":79,"column":0},"end":{"line":79,"column":22}},"79":{"start":{"line":80,"column":0},"end":{"line":80,"column":35}},"80":{"start":{"line":81,"column":0},"end":{"line":81,"column":25}},"81":{"start":{"line":82,"column":0},"end":{"line":82,"column":17}},"82":{"start":{"line":83,"column":0},"end":{"line":83,"column":22}},"83":{"start":{"line":84,"column":0},"end":{"line":84,"column":27}},"84":{"start":{"line":85,"column":0},"end":{"line":85,"column":43}},"85":{"start":{"line":86,"column":0},"end":{"line":86,"column":29}},"86":{"start":{"line":87,"column":0},"end":{"line":87,"column":4}},"87":{"start":{"line":88,"column":0},"end":{"line":88,"column":64}},"88":{"start":{"line":89,"column":0},"end":{"line":89,"column":2}},"89":{"start":{"line":90,"column":0},"end":{"line":90,"column":10}},"90":{"start":{"line":91,"column":0},"end":{"line":91,"column":17}},"91":{"start":{"line":92,"column":0},"end":{"line":92,"column":34}},"92":{"start":{"line":93,"column":0},"end":{"line":93,"column":23}},"93":{"start":{"line":94,"column":0},"end":{"line":94,"column":18}},"94":{"start":{"line":95,"column":0},"end":{"line":95,"column":25}},"95":{"start":{"line":96,"column":0},"end":{"line":96,"column":45}},"96":{"start":{"line":97,"column":0},"end":{"line":97,"column":27}},"97":{"start":{"line":98,"column":0},"end":{"line":98,"column":24}},"98":{"start":{"line":99,"column":0},"end":{"line":99,"column":7}},"99":{"start":{"line":100,"column":0},"end":{"line":100,"column":26}},"100":{"start":{"line":101,"column":0},"end":{"line":101,"column":19}},"101":{"start":{"line":102,"column":0},"end":{"line":102,"column":29}},"102":{"start":{"line":103,"column":0},"end":{"line":103,"column":16}},"103":{"start":{"line":104,"column":0},"end":{"line":104,"column":18}},"104":{"start":{"line":105,"column":0},"end":{"line":105,"column":18}},"105":{"start":{"line":106,"column":0},"end":{"line":106,"column":19}},"106":{"start":{"line":107,"column":0},"end":{"line":107,"column":28}},"107":{"start":{"line":108,"column":0},"end":{"line":108,"column":30}},"108":{"start":{"line":109,"column":0},"end":{"line":109,"column":24}},"109":{"start":{"line":110,"column":0},"end":{"line":110,"column":29}},"110":{"start":{"line":111,"column":0},"end":{"line":111,"column":33}},"111":{"start":{"line":112,"column":0},"end":{"line":112,"column":21}},"112":{"start":{"line":113,"column":0},"end":{"line":113,"column":24}},"113":{"start":{"line":114,"column":0},"end":{"line":114,"column":24}},"114":{"start":{"line":115,"column":0},"end":{"line":115,"column":9}},"115":{"start":{"line":116,"column":0},"end":{"line":116,"column":16}},"116":{"start":{"line":117,"column":0},"end":{"line":117,"column":12}},"117":{"start":{"line":118,"column":0},"end":{"line":118,"column":6}},"118":{"start":{"line":119,"column":0},"end":{"line":119,"column":20}},"119":{"start":{"line":120,"column":0},"end":{"line":120,"column":87}},"120":{"start":{"line":121,"column":0},"end":{"line":121,"column":52}},"121":{"start":{"line":122,"column":0},"end":{"line":122,"column":13}},"122":{"start":{"line":123,"column":0},"end":{"line":123,"column":94}},"123":{"start":{"line":124,"column":0},"end":{"line":124,"column":40}},"124":{"start":{"line":125,"column":0},"end":{"line":125,"column":14}},"125":{"start":{"line":126,"column":0},"end":{"line":126,"column":12}},"126":{"start":{"line":127,"column":0},"end":{"line":127,"column":6}},"127":{"start":{"line":128,"column":0},"end":{"line":128,"column":24}},"128":{"start":{"line":129,"column":0},"end":{"line":129,"column":40}},"129":{"start":{"line":130,"column":0},"end":{"line":130,"column":76}},"130":{"start":{"line":131,"column":0},"end":{"line":131,"column":26}},"131":{"start":{"line":132,"column":0},"end":{"line":132,"column":14}},"132":{"start":{"line":133,"column":0},"end":{"line":133,"column":22}},"133":{"start":{"line":134,"column":0},"end":{"line":134,"column":33}},"134":{"start":{"line":135,"column":0},"end":{"line":135,"column":31}},"135":{"start":{"line":136,"column":0},"end":{"line":136,"column":17}},"136":{"start":{"line":137,"column":0},"end":{"line":137,"column":30}},"137":{"start":{"line":138,"column":0},"end":{"line":138,"column":27}},"138":{"start":{"line":139,"column":0},"end":{"line":139,"column":32}},"139":{"start":{"line":140,"column":0},"end":{"line":140,"column":30}},"140":{"start":{"line":141,"column":0},"end":{"line":141,"column":23}},"141":{"start":{"line":142,"column":0},"end":{"line":142,"column":26}},"142":{"start":{"line":143,"column":0},"end":{"line":143,"column":22}},"143":{"start":{"line":144,"column":0},"end":{"line":144,"column":11}},"144":{"start":{"line":145,"column":0},"end":{"line":145,"column":36}},"145":{"start":{"line":146,"column":0},"end":{"line":146,"column":37}},"146":{"start":{"line":147,"column":0},"end":{"line":147,"column":14}},"147":{"start":{"line":148,"column":0},"end":{"line":148,"column":12}},"148":{"start":{"line":149,"column":0},"end":{"line":149,"column":6}},"149":{"start":{"line":150,"column":0},"end":{"line":150,"column":20}},"150":{"start":{"line":151,"column":0},"end":{"line":151,"column":19}},"151":{"start":{"line":152,"column":0},"end":{"line":152,"column":24}},"152":{"start":{"line":153,"column":0},"end":{"line":153,"column":40}},"153":{"start":{"line":154,"column":0},"end":{"line":154,"column":29}},"154":{"start":{"line":155,"column":0},"end":{"line":155,"column":28}},"155":{"start":{"line":156,"column":0},"end":{"line":156,"column":30}},"156":{"start":{"line":157,"column":0},"end":{"line":157,"column":24}},"157":{"start":{"line":158,"column":0},"end":{"line":158,"column":24}},"158":{"start":{"line":159,"column":0},"end":{"line":159,"column":9}},"159":{"start":{"line":160,"column":0},"end":{"line":160,"column":70}},"160":{"start":{"line":161,"column":0},"end":{"line":161,"column":94}},"161":{"start":{"line":162,"column":0},"end":{"line":162,"column":12}},"162":{"start":{"line":163,"column":0},"end":{"line":163,"column":6}},"163":{"start":{"line":164,"column":0},"end":{"line":164,"column":32}},"164":{"start":{"line":165,"column":0},"end":{"line":165,"column":17}},"165":{"start":{"line":166,"column":0},"end":{"line":166,"column":21}},"166":{"start":{"line":167,"column":0},"end":{"line":167,"column":26}},"167":{"start":{"line":168,"column":0},"end":{"line":168,"column":42}},"168":{"start":{"line":169,"column":0},"end":{"line":169,"column":31}},"169":{"start":{"line":170,"column":0},"end":{"line":170,"column":30}},"170":{"start":{"line":171,"column":0},"end":{"line":171,"column":32}},"171":{"start":{"line":172,"column":0},"end":{"line":172,"column":26}},"172":{"start":{"line":173,"column":0},"end":{"line":173,"column":26}},"173":{"start":{"line":174,"column":0},"end":{"line":174,"column":11}},"174":{"start":{"line":175,"column":0},"end":{"line":175,"column":79}},"175":{"start":{"line":176,"column":0},"end":{"line":176,"column":96}},"176":{"start":{"line":177,"column":0},"end":{"line":177,"column":14}},"177":{"start":{"line":178,"column":0},"end":{"line":178,"column":8}},"178":{"start":{"line":179,"column":0},"end":{"line":179,"column":6}},"179":{"start":{"line":180,"column":0},"end":{"line":180,"column":32}},"180":{"start":{"line":181,"column":0},"end":{"line":181,"column":16}},"181":{"start":{"line":182,"column":0},"end":{"line":182,"column":10}},"182":{"start":{"line":183,"column":0},"end":{"line":183,"column":4}},"183":{"start":{"line":184,"column":0},"end":{"line":184,"column":1}},"184":{"start":{"line":185,"column":0},"end":{"line":185,"column":0}},"185":{"start":{"line":186,"column":0},"end":{"line":186,"column":23}},"186":{"start":{"line":187,"column":0},"end":{"line":187,"column":20}},"187":{"start":{"line":188,"column":0},"end":{"line":188,"column":23}},"188":{"start":{"line":189,"column":0},"end":{"line":189,"column":24}},"189":{"start":{"line":190,"column":0},"end":{"line":190,"column":23}},"190":{"start":{"line":191,"column":0},"end":{"line":191,"column":24}},"191":{"start":{"line":192,"column":0},"end":{"line":192,"column":26}},"192":{"start":{"line":193,"column":0},"end":{"line":193,"column":22}},"193":{"start":{"line":194,"column":0},"end":{"line":194,"column":23}},"194":{"start":{"line":195,"column":0},"end":{"line":195,"column":29}},"195":{"start":{"line":196,"column":0},"end":{"line":196,"column":1}},"196":{"start":{"line":197,"column":0},"end":{"line":197,"column":0}},"197":{"start":{"line":198,"column":0},"end":{"line":198,"column":88}},"198":{"start":{"line":199,"column":0},"end":{"line":199,"column":67}},"199":{"start":{"line":200,"column":0},"end":{"line":200,"column":47}},"200":{"start":{"line":201,"column":0},"end":{"line":201,"column":58}},"201":{"start":{"line":202,"column":0},"end":{"line":202,"column":0}},"202":{"start":{"line":203,"column":0},"end":{"line":203,"column":19}},"203":{"start":{"line":204,"column":0},"end":{"line":204,"column":35}},"204":{"start":{"line":205,"column":0},"end":{"line":205,"column":23}},"205":{"start":{"line":206,"column":0},"end":{"line":206,"column":21}},"206":{"start":{"line":207,"column":0},"end":{"line":207,"column":11}},"207":{"start":{"line":208,"column":0},"end":{"line":208,"column":75}},"208":{"start":{"line":209,"column":0},"end":{"line":209,"column":64}},"209":{"start":{"line":210,"column":0},"end":{"line":210,"column":38}},"210":{"start":{"line":211,"column":0},"end":{"line":211,"column":25}},"211":{"start":{"line":212,"column":0},"end":{"line":212,"column":24}},"212":{"start":{"line":213,"column":0},"end":{"line":213,"column":28}},"213":{"start":{"line":214,"column":0},"end":{"line":214,"column":17}},"214":{"start":{"line":215,"column":0},"end":{"line":215,"column":26}},"215":{"start":{"line":216,"column":0},"end":{"line":216,"column":7}},"216":{"start":{"line":217,"column":0},"end":{"line":217,"column":5}},"217":{"start":{"line":218,"column":0},"end":{"line":218,"column":19}},"218":{"start":{"line":219,"column":0},"end":{"line":219,"column":20}},"219":{"start":{"line":220,"column":0},"end":{"line":220,"column":0}},"220":{"start":{"line":221,"column":0},"end":{"line":221,"column":16}},"221":{"start":{"line":222,"column":0},"end":{"line":222,"column":12}},"222":{"start":{"line":223,"column":0},"end":{"line":223,"column":41}},"223":{"start":{"line":224,"column":0},"end":{"line":224,"column":80}},"224":{"start":{"line":225,"column":0},"end":{"line":225,"column":30}},"225":{"start":{"line":226,"column":0},"end":{"line":226,"column":13}},"226":{"start":{"line":227,"column":0},"end":{"line":227,"column":76}},"227":{"start":{"line":228,"column":0},"end":{"line":228,"column":16}},"228":{"start":{"line":229,"column":0},"end":{"line":229,"column":6}},"229":{"start":{"line":230,"column":0},"end":{"line":230,"column":3}},"230":{"start":{"line":231,"column":0},"end":{"line":231,"column":0}},"231":{"start":{"line":232,"column":0},"end":{"line":232,"column":14}},"232":{"start":{"line":233,"column":0},"end":{"line":233,"column":12}},"233":{"start":{"line":234,"column":0},"end":{"line":234,"column":41}},"234":{"start":{"line":235,"column":0},"end":{"line":235,"column":80}},"235":{"start":{"line":236,"column":0},"end":{"line":236,"column":30}},"236":{"start":{"line":237,"column":0},"end":{"line":237,"column":13}},"237":{"start":{"line":238,"column":0},"end":{"line":238,"column":72}},"238":{"start":{"line":239,"column":0},"end":{"line":239,"column":16}},"239":{"start":{"line":240,"column":0},"end":{"line":240,"column":6}},"240":{"start":{"line":241,"column":0},"end":{"line":241,"column":3}},"241":{"start":{"line":242,"column":0},"end":{"line":242,"column":0}},"242":{"start":{"line":243,"column":0},"end":{"line":243,"column":28}},"243":{"start":{"line":244,"column":0},"end":{"line":244,"column":18}},"244":{"start":{"line":245,"column":0},"end":{"line":245,"column":58}},"245":{"start":{"line":246,"column":0},"end":{"line":246,"column":66}},"246":{"start":{"line":247,"column":0},"end":{"line":247,"column":66}},"247":{"start":{"line":248,"column":0},"end":{"line":248,"column":58}},"248":{"start":{"line":249,"column":0},"end":{"line":249,"column":76}},"249":{"start":{"line":250,"column":0},"end":{"line":250,"column":4}},"250":{"start":{"line":251,"column":0},"end":{"line":251,"column":57}},"251":{"start":{"line":252,"column":0},"end":{"line":252,"column":129}},"252":{"start":{"line":253,"column":0},"end":{"line":253,"column":0}},"253":{"start":{"line":254,"column":0},"end":{"line":254,"column":10}},"254":{"start":{"line":255,"column":0},"end":{"line":255,"column":39}},"255":{"start":{"line":256,"column":0},"end":{"line":256,"column":20}},"256":{"start":{"line":257,"column":0},"end":{"line":257,"column":40}},"257":{"start":{"line":258,"column":0},"end":{"line":258,"column":123}},"258":{"start":{"line":259,"column":0},"end":{"line":259,"column":15}},"259":{"start":{"line":260,"column":0},"end":{"line":260,"column":84}},"260":{"start":{"line":261,"column":0},"end":{"line":261,"column":34}},"261":{"start":{"line":262,"column":0},"end":{"line":262,"column":17}},"262":{"start":{"line":263,"column":0},"end":{"line":263,"column":77}},"263":{"start":{"line":264,"column":0},"end":{"line":264,"column":96}},"264":{"start":{"line":265,"column":0},"end":{"line":265,"column":16}},"265":{"start":{"line":266,"column":0},"end":{"line":266,"column":16}},"266":{"start":{"line":267,"column":0},"end":{"line":267,"column":23}},"267":{"start":{"line":268,"column":0},"end":{"line":268,"column":33}},"268":{"start":{"line":269,"column":0},"end":{"line":269,"column":37}},"269":{"start":{"line":270,"column":0},"end":{"line":270,"column":29}},"270":{"start":{"line":271,"column":0},"end":{"line":271,"column":26}},"271":{"start":{"line":272,"column":0},"end":{"line":272,"column":31}},"272":{"start":{"line":273,"column":0},"end":{"line":273,"column":13}},"273":{"start":{"line":274,"column":0},"end":{"line":274,"column":81}},"274":{"start":{"line":275,"column":0},"end":{"line":275,"column":77}},"275":{"start":{"line":276,"column":0},"end":{"line":276,"column":16}},"276":{"start":{"line":277,"column":0},"end":{"line":277,"column":14}},"277":{"start":{"line":278,"column":0},"end":{"line":278,"column":12}},"278":{"start":{"line":279,"column":0},"end":{"line":279,"column":0}},"279":{"start":{"line":280,"column":0},"end":{"line":280,"column":28}},"280":{"start":{"line":281,"column":0},"end":{"line":281,"column":19}},"281":{"start":{"line":282,"column":0},"end":{"line":282,"column":24}},"282":{"start":{"line":283,"column":0},"end":{"line":283,"column":68}},"283":{"start":{"line":284,"column":0},"end":{"line":284,"column":15}},"284":{"start":{"line":285,"column":0},"end":{"line":285,"column":9}},"285":{"start":{"line":286,"column":0},"end":{"line":286,"column":23}},"286":{"start":{"line":287,"column":0},"end":{"line":287,"column":20}},"287":{"start":{"line":288,"column":0},"end":{"line":288,"column":20}},"288":{"start":{"line":289,"column":0},"end":{"line":289,"column":22}},"289":{"start":{"line":290,"column":0},"end":{"line":290,"column":19}},"290":{"start":{"line":291,"column":0},"end":{"line":291,"column":205}},"291":{"start":{"line":292,"column":0},"end":{"line":292,"column":35}},"292":{"start":{"line":293,"column":0},"end":{"line":293,"column":55}},"293":{"start":{"line":294,"column":0},"end":{"line":294,"column":23}},"294":{"start":{"line":295,"column":0},"end":{"line":295,"column":42}},"295":{"start":{"line":296,"column":0},"end":{"line":296,"column":9}},"296":{"start":{"line":297,"column":0},"end":{"line":297,"column":67}},"297":{"start":{"line":298,"column":0},"end":{"line":298,"column":128}},"298":{"start":{"line":299,"column":0},"end":{"line":299,"column":14}},"299":{"start":{"line":300,"column":0},"end":{"line":300,"column":22}},"300":{"start":{"line":301,"column":0},"end":{"line":301,"column":0}},"301":{"start":{"line":302,"column":0},"end":{"line":302,"column":33}},"302":{"start":{"line":303,"column":0},"end":{"line":303,"column":20}},"303":{"start":{"line":304,"column":0},"end":{"line":304,"column":20}},"304":{"start":{"line":305,"column":0},"end":{"line":305,"column":32}},"305":{"start":{"line":306,"column":0},"end":{"line":306,"column":19}},"306":{"start":{"line":307,"column":0},"end":{"line":307,"column":184}},"307":{"start":{"line":308,"column":0},"end":{"line":308,"column":39}},"308":{"start":{"line":309,"column":0},"end":{"line":309,"column":59}},"309":{"start":{"line":310,"column":0},"end":{"line":310,"column":23}},"310":{"start":{"line":311,"column":0},"end":{"line":311,"column":33}},"311":{"start":{"line":312,"column":0},"end":{"line":312,"column":55}},"312":{"start":{"line":313,"column":0},"end":{"line":313,"column":33}},"313":{"start":{"line":314,"column":0},"end":{"line":314,"column":49}},"314":{"start":{"line":315,"column":0},"end":{"line":315,"column":24}},"315":{"start":{"line":316,"column":0},"end":{"line":316,"column":9}},"316":{"start":{"line":317,"column":0},"end":{"line":317,"column":67}},"317":{"start":{"line":318,"column":0},"end":{"line":318,"column":133}},"318":{"start":{"line":319,"column":0},"end":{"line":319,"column":14}},"319":{"start":{"line":320,"column":0},"end":{"line":320,"column":22}},"320":{"start":{"line":321,"column":0},"end":{"line":321,"column":0}},"321":{"start":{"line":322,"column":0},"end":{"line":322,"column":29}},"322":{"start":{"line":323,"column":0},"end":{"line":323,"column":20}},"323":{"start":{"line":324,"column":0},"end":{"line":324,"column":20}},"324":{"start":{"line":325,"column":0},"end":{"line":325,"column":28}},"325":{"start":{"line":326,"column":0},"end":{"line":326,"column":19}},"326":{"start":{"line":327,"column":0},"end":{"line":327,"column":160}},"327":{"start":{"line":328,"column":0},"end":{"line":328,"column":39}},"328":{"start":{"line":329,"column":0},"end":{"line":329,"column":59}},"329":{"start":{"line":330,"column":0},"end":{"line":330,"column":23}},"330":{"start":{"line":331,"column":0},"end":{"line":331,"column":33}},"331":{"start":{"line":332,"column":0},"end":{"line":332,"column":55}},"332":{"start":{"line":333,"column":0},"end":{"line":333,"column":33}},"333":{"start":{"line":334,"column":0},"end":{"line":334,"column":49}},"334":{"start":{"line":335,"column":0},"end":{"line":335,"column":24}},"335":{"start":{"line":336,"column":0},"end":{"line":336,"column":9}},"336":{"start":{"line":337,"column":0},"end":{"line":337,"column":67}},"337":{"start":{"line":338,"column":0},"end":{"line":338,"column":121}},"338":{"start":{"line":339,"column":0},"end":{"line":339,"column":14}},"339":{"start":{"line":340,"column":0},"end":{"line":340,"column":22}},"340":{"start":{"line":341,"column":0},"end":{"line":341,"column":0}},"341":{"start":{"line":342,"column":0},"end":{"line":342,"column":50}},"342":{"start":{"line":343,"column":0},"end":{"line":343,"column":20}},"343":{"start":{"line":344,"column":0},"end":{"line":344,"column":20}},"344":{"start":{"line":345,"column":0},"end":{"line":345,"column":32}},"345":{"start":{"line":346,"column":0},"end":{"line":346,"column":19}},"346":{"start":{"line":347,"column":0},"end":{"line":347,"column":165}},"347":{"start":{"line":348,"column":0},"end":{"line":348,"column":37}},"348":{"start":{"line":349,"column":0},"end":{"line":349,"column":105}},"349":{"start":{"line":350,"column":0},"end":{"line":350,"column":20}},"350":{"start":{"line":351,"column":0},"end":{"line":351,"column":42}},"351":{"start":{"line":352,"column":0},"end":{"line":352,"column":9}},"352":{"start":{"line":353,"column":0},"end":{"line":353,"column":67}},"353":{"start":{"line":354,"column":0},"end":{"line":354,"column":137}},"354":{"start":{"line":355,"column":0},"end":{"line":355,"column":14}},"355":{"start":{"line":356,"column":0},"end":{"line":356,"column":22}},"356":{"start":{"line":357,"column":0},"end":{"line":357,"column":0}},"357":{"start":{"line":358,"column":0},"end":{"line":358,"column":34}},"358":{"start":{"line":359,"column":0},"end":{"line":359,"column":20}},"359":{"start":{"line":360,"column":0},"end":{"line":360,"column":20}},"360":{"start":{"line":361,"column":0},"end":{"line":361,"column":28}},"361":{"start":{"line":362,"column":0},"end":{"line":362,"column":19}},"362":{"start":{"line":363,"column":0},"end":{"line":363,"column":146}},"363":{"start":{"line":364,"column":0},"end":{"line":364,"column":38}},"364":{"start":{"line":365,"column":0},"end":{"line":365,"column":109}},"365":{"start":{"line":366,"column":0},"end":{"line":366,"column":22}},"366":{"start":{"line":367,"column":0},"end":{"line":367,"column":38}},"367":{"start":{"line":368,"column":0},"end":{"line":368,"column":32}},"368":{"start":{"line":369,"column":0},"end":{"line":369,"column":61}},"369":{"start":{"line":370,"column":0},"end":{"line":370,"column":39}},"370":{"start":{"line":371,"column":0},"end":{"line":371,"column":61}},"371":{"start":{"line":372,"column":0},"end":{"line":372,"column":24}},"372":{"start":{"line":373,"column":0},"end":{"line":373,"column":9}},"373":{"start":{"line":374,"column":0},"end":{"line":374,"column":67}},"374":{"start":{"line":375,"column":0},"end":{"line":375,"column":146}},"375":{"start":{"line":376,"column":0},"end":{"line":376,"column":14}},"376":{"start":{"line":377,"column":0},"end":{"line":377,"column":22}},"377":{"start":{"line":378,"column":0},"end":{"line":378,"column":12}},"378":{"start":{"line":379,"column":0},"end":{"line":379,"column":0}},"379":{"start":{"line":380,"column":0},"end":{"line":380,"column":33}},"380":{"start":{"line":381,"column":0},"end":{"line":381,"column":19}},"381":{"start":{"line":382,"column":0},"end":{"line":382,"column":22}},"382":{"start":{"line":383,"column":0},"end":{"line":383,"column":20}},"383":{"start":{"line":384,"column":0},"end":{"line":384,"column":30}},"384":{"start":{"line":385,"column":0},"end":{"line":385,"column":36}},"385":{"start":{"line":386,"column":0},"end":{"line":386,"column":24}},"386":{"start":{"line":387,"column":0},"end":{"line":387,"column":9}},"387":{"start":{"line":388,"column":0},"end":{"line":388,"column":92}},"388":{"start":{"line":389,"column":0},"end":{"line":389,"column":82}},"389":{"start":{"line":390,"column":0},"end":{"line":390,"column":99}},"390":{"start":{"line":391,"column":0},"end":{"line":391,"column":93}},"391":{"start":{"line":392,"column":0},"end":{"line":392,"column":126}},"392":{"start":{"line":393,"column":0},"end":{"line":393,"column":115}},"393":{"start":{"line":394,"column":0},"end":{"line":394,"column":12}},"394":{"start":{"line":395,"column":0},"end":{"line":395,"column":12}},"395":{"start":{"line":396,"column":0},"end":{"line":396,"column":14}},"396":{"start":{"line":397,"column":0},"end":{"line":397,"column":4}},"397":{"start":{"line":398,"column":0},"end":{"line":398,"column":1}}},"s":{"0":1,"1":1,"2":1,"3":1,"4":25,"5":25,"6":25,"7":25,"8":25,"9":25,"10":25,"11":25,"12":0,"13":25,"14":25,"15":25,"16":0,"17":0,"18":0,"19":0,"20":0,"21":1,"22":1,"23":15,"24":15,"25":0,"26":0,"27":1,"28":1,"29":0,"30":0,"31":0,"32":0,"33":0,"34":0,"35":1,"36":1,"37":25,"38":25,"39":25,"40":25,"41":25,"42":25,"43":25,"44":25,"45":25,"46":25,"47":25,"48":25,"49":25,"50":25,"51":25,"52":25,"53":25,"54":25,"55":25,"56":25,"57":25,"58":25,"59":25,"60":1,"61":1,"62":25,"63":25,"64":25,"65":25,"66":25,"67":25,"68":25,"69":25,"70":25,"71":25,"72":25,"73":25,"74":25,"75":25,"76":25,"77":25,"78":25,"79":25,"80":25,"81":25,"82":25,"83":25,"84":25,"85":25,"86":25,"87":25,"88":25,"89":25,"90":25,"91":25,"92":25,"93":25,"94":25,"95":25,"96":25,"97":25,"98":25,"99":25,"100":25,"101":25,"102":25,"103":25,"104":25,"105":25,"106":25,"107":25,"108":25,"109":25,"110":25,"111":25,"112":25,"113":25,"114":25,"115":25,"116":25,"117":25,"118":25,"119":25,"120":25,"121":25,"122":25,"123":25,"124":25,"125":25,"126":25,"127":25,"128":25,"129":25,"130":25,"131":25,"132":25,"133":25,"134":25,"135":25,"136":25,"137":25,"138":25,"139":25,"140":25,"141":25,"142":25,"143":25,"144":25,"145":25,"146":25,"147":25,"148":25,"149":25,"150":25,"151":25,"152":25,"153":25,"154":25,"155":25,"156":25,"157":25,"158":25,"159":25,"160":25,"161":25,"162":25,"163":25,"164":25,"165":4,"166":4,"167":4,"168":4,"169":4,"170":4,"171":4,"172":4,"173":4,"174":4,"175":4,"176":4,"177":25,"178":25,"179":25,"180":25,"181":25,"182":25,"183":25,"184":1,"185":1,"186":1,"187":1,"188":1,"189":1,"190":1,"191":1,"192":1,"193":1,"194":1,"195":1,"196":1,"197":16,"198":16,"199":16,"200":16,"201":16,"202":16,"203":9,"204":9,"205":9,"206":9,"207":9,"208":9,"209":5,"210":5,"211":9,"212":2,"213":9,"214":7,"215":7,"216":9,"217":9,"218":16,"219":16,"220":16,"221":9,"222":9,"223":9,"224":9,"225":9,"226":9,"227":9,"228":9,"229":9,"230":7,"231":16,"232":2,"233":2,"234":2,"235":2,"236":2,"237":2,"238":2,"239":2,"240":2,"241":5,"242":5,"243":5,"244":16,"245":16,"246":16,"247":16,"248":16,"249":16,"250":16,"251":16,"252":16,"253":16,"254":16,"255":16,"256":16,"257":16,"258":16,"259":16,"260":16,"261":16,"262":16,"263":16,"264":16,"265":16,"266":16,"267":16,"268":16,"269":16,"270":16,"271":16,"272":16,"273":16,"274":16,"275":16,"276":16,"277":16,"278":16,"279":16,"280":16,"281":16,"282":16,"283":16,"284":16,"285":16,"286":16,"287":16,"288":16,"289":16,"290":16,"291":16,"292":16,"293":16,"294":16,"295":16,"296":16,"297":16,"298":16,"299":16,"300":16,"301":16,"302":16,"303":16,"304":16,"305":16,"306":16,"307":16,"308":16,"309":16,"310":16,"311":16,"312":0,"313":0,"314":16,"315":16,"316":16,"317":16,"318":16,"319":16,"320":16,"321":16,"322":16,"323":16,"324":16,"325":16,"326":16,"327":16,"328":16,"329":16,"330":16,"331":16,"332":0,"333":0,"334":16,"335":16,"336":16,"337":16,"338":16,"339":16,"340":16,"341":16,"342":16,"343":16,"344":16,"345":16,"346":16,"347":16,"348":16,"349":16,"350":16,"351":16,"352":16,"353":16,"354":16,"355":16,"356":16,"357":16,"358":16,"359":16,"360":16,"361":16,"362":16,"363":16,"364":16,"365":16,"366":16,"367":16,"368":16,"369":4,"370":4,"371":16,"372":16,"373":16,"374":16,"375":16,"376":16,"377":16,"378":16,"379":16,"380":16,"381":16,"382":16,"383":16,"384":16,"385":16,"386":16,"387":16,"388":16,"389":16,"390":16,"391":16,"392":16,"393":16,"394":16,"395":16,"396":16,"397":16},"branchMap":{"0":{"type":"branch","line":5,"loc":{"start":{"line":5,"column":0},"end":{"line":21,"column":1}},"locations":[{"start":{"line":5,"column":0},"end":{"line":21,"column":1}}]},"1":{"type":"branch","line":12,"loc":{"start":{"line":12,"column":2},"end":{"line":14,"column":50}},"locations":[{"start":{"line":12,"column":2},"end":{"line":14,"column":50}}]},"2":{"type":"branch","line":14,"loc":{"start":{"line":14,"column":41},"end":{"line":14,"column":65}},"locations":[{"start":{"line":14,"column":41},"end":{"line":14,"column":65}}]},"3":{"type":"branch","line":16,"loc":{"start":{"line":16,"column":20},"end":{"line":21,"column":1}},"locations":[{"start":{"line":16,"column":20},"end":{"line":21,"column":1}}]},"4":{"type":"branch","line":24,"loc":{"start":{"line":24,"column":0},"end":{"line":27,"column":1}},"locations":[{"start":{"line":24,"column":0},"end":{"line":27,"column":1}}]},"5":{"type":"branch","line":25,"loc":{"start":{"line":25,"column":52},"end":{"line":27,"column":1}},"locations":[{"start":{"line":25,"column":52},"end":{"line":27,"column":1}}]},"6":{"type":"branch","line":38,"loc":{"start":{"line":38,"column":0},"end":{"line":60,"column":1}},"locations":[{"start":{"line":38,"column":0},"end":{"line":60,"column":1}}]},"7":{"type":"branch","line":63,"loc":{"start":{"line":63,"column":0},"end":{"line":184,"column":1}},"locations":[{"start":{"line":63,"column":0},"end":{"line":184,"column":1}}]},"8":{"type":"branch","line":165,"loc":{"start":{"line":165,"column":7},"end":{"line":177,"column":14}},"locations":[{"start":{"line":165,"column":7},"end":{"line":177,"column":14}}]},"9":{"type":"branch","line":198,"loc":{"start":{"line":198,"column":0},"end":{"line":398,"column":1}},"locations":[{"start":{"line":198,"column":0},"end":{"line":398,"column":1}}]},"10":{"type":"branch","line":221,"loc":{"start":{"line":221,"column":15},"end":{"line":230,"column":3}},"locations":[{"start":{"line":221,"column":15},"end":{"line":230,"column":3}}]},"11":{"type":"branch","line":230,"loc":{"start":{"line":230,"column":2},"end":{"line":232,"column":13}},"locations":[{"start":{"line":230,"column":2},"end":{"line":232,"column":13}}]},"12":{"type":"branch","line":232,"loc":{"start":{"line":232,"column":13},"end":{"line":241,"column":3}},"locations":[{"start":{"line":232,"column":13},"end":{"line":241,"column":3}}]},"13":{"type":"branch","line":241,"loc":{"start":{"line":241,"column":2},"end":{"line":245,"column":25}},"locations":[{"start":{"line":241,"column":2},"end":{"line":245,"column":25}}]},"14":{"type":"branch","line":245,"loc":{"start":{"line":245,"column":13},"end":{"line":245,"column":52}},"locations":[{"start":{"line":245,"column":13},"end":{"line":245,"column":52}}]},"15":{"type":"branch","line":245,"loc":{"start":{"line":245,"column":45},"end":{"line":245,"column":56}},"locations":[{"start":{"line":245,"column":45},"end":{"line":245,"column":56}}]},"16":{"type":"branch","line":245,"loc":{"start":{"line":245,"column":52},"end":{"line":245,"column":58}},"locations":[{"start":{"line":245,"column":52},"end":{"line":245,"column":58}}]},"17":{"type":"branch","line":246,"loc":{"start":{"line":246,"column":4},"end":{"line":246,"column":29}},"locations":[{"start":{"line":246,"column":4},"end":{"line":246,"column":29}}]},"18":{"type":"branch","line":246,"loc":{"start":{"line":246,"column":13},"end":{"line":246,"column":60}},"locations":[{"start":{"line":246,"column":13},"end":{"line":246,"column":60}}]},"19":{"type":"branch","line":246,"loc":{"start":{"line":246,"column":53},"end":{"line":246,"column":64}},"locations":[{"start":{"line":246,"column":53},"end":{"line":246,"column":64}}]},"20":{"type":"branch","line":246,"loc":{"start":{"line":246,"column":60},"end":{"line":246,"column":66}},"locations":[{"start":{"line":246,"column":60},"end":{"line":246,"column":66}}]},"21":{"type":"branch","line":247,"loc":{"start":{"line":247,"column":4},"end":{"line":247,"column":29}},"locations":[{"start":{"line":247,"column":4},"end":{"line":247,"column":29}}]},"22":{"type":"branch","line":247,"loc":{"start":{"line":247,"column":13},"end":{"line":247,"column":60}},"locations":[{"start":{"line":247,"column":13},"end":{"line":247,"column":60}}]},"23":{"type":"branch","line":247,"loc":{"start":{"line":247,"column":53},"end":{"line":247,"column":64}},"locations":[{"start":{"line":247,"column":53},"end":{"line":247,"column":64}}]},"24":{"type":"branch","line":247,"loc":{"start":{"line":247,"column":60},"end":{"line":247,"column":66}},"locations":[{"start":{"line":247,"column":60},"end":{"line":247,"column":66}}]},"25":{"type":"branch","line":248,"loc":{"start":{"line":248,"column":4},"end":{"line":248,"column":27}},"locations":[{"start":{"line":248,"column":4},"end":{"line":248,"column":27}}]},"26":{"type":"branch","line":248,"loc":{"start":{"line":248,"column":13},"end":{"line":248,"column":52}},"locations":[{"start":{"line":248,"column":13},"end":{"line":248,"column":52}}]},"27":{"type":"branch","line":248,"loc":{"start":{"line":248,"column":48},"end":{"line":248,"column":56}},"locations":[{"start":{"line":248,"column":48},"end":{"line":248,"column":56}}]},"28":{"type":"branch","line":248,"loc":{"start":{"line":248,"column":52},"end":{"line":248,"column":58}},"locations":[{"start":{"line":248,"column":52},"end":{"line":248,"column":58}}]},"29":{"type":"branch","line":249,"loc":{"start":{"line":249,"column":4},"end":{"line":249,"column":29}},"locations":[{"start":{"line":249,"column":4},"end":{"line":249,"column":29}}]},"30":{"type":"branch","line":249,"loc":{"start":{"line":249,"column":29},"end":{"line":249,"column":70}},"locations":[{"start":{"line":249,"column":29},"end":{"line":249,"column":70}}]},"31":{"type":"branch","line":249,"loc":{"start":{"line":249,"column":64},"end":{"line":249,"column":74}},"locations":[{"start":{"line":249,"column":64},"end":{"line":249,"column":74}}]},"32":{"type":"branch","line":249,"loc":{"start":{"line":249,"column":70},"end":{"line":249,"column":76}},"locations":[{"start":{"line":249,"column":70},"end":{"line":249,"column":76}}]},"33":{"type":"branch","line":252,"loc":{"start":{"line":252,"column":39},"end":{"line":252,"column":55}},"locations":[{"start":{"line":252,"column":39},"end":{"line":252,"column":55}}]},"34":{"type":"branch","line":252,"loc":{"start":{"line":252,"column":43},"end":{"line":252,"column":129}},"locations":[{"start":{"line":252,"column":43},"end":{"line":252,"column":129}}]},"35":{"type":"branch","line":252,"loc":{"start":{"line":252,"column":71},"end":{"line":252,"column":87}},"locations":[{"start":{"line":252,"column":71},"end":{"line":252,"column":87}}]},"36":{"type":"branch","line":252,"loc":{"start":{"line":252,"column":103},"end":{"line":252,"column":119}},"locations":[{"start":{"line":252,"column":103},"end":{"line":252,"column":119}}]},"37":{"type":"branch","line":292,"loc":{"start":{"line":292,"column":17},"end":{"line":292,"column":35}},"locations":[{"start":{"line":292,"column":17},"end":{"line":292,"column":35}}]},"38":{"type":"branch","line":293,"loc":{"start":{"line":293,"column":36},"end":{"line":293,"column":53}},"locations":[{"start":{"line":293,"column":36},"end":{"line":293,"column":53}}]},"39":{"type":"branch","line":308,"loc":{"start":{"line":308,"column":17},"end":{"line":308,"column":39}},"locations":[{"start":{"line":308,"column":17},"end":{"line":308,"column":39}}]},"40":{"type":"branch","line":309,"loc":{"start":{"line":309,"column":36},"end":{"line":309,"column":57}},"locations":[{"start":{"line":309,"column":36},"end":{"line":309,"column":57}}]},"41":{"type":"branch","line":312,"loc":{"start":{"line":312,"column":17},"end":{"line":312,"column":42}},"locations":[{"start":{"line":312,"column":17},"end":{"line":312,"column":42}}]},"42":{"type":"branch","line":312,"loc":{"start":{"line":312,"column":42},"end":{"line":315,"column":14}},"locations":[{"start":{"line":312,"column":42},"end":{"line":315,"column":14}}]},"43":{"type":"branch","line":315,"loc":{"start":{"line":315,"column":10},"end":{"line":315,"column":24}},"locations":[{"start":{"line":315,"column":10},"end":{"line":315,"column":24}}]},"44":{"type":"branch","line":328,"loc":{"start":{"line":328,"column":17},"end":{"line":328,"column":39}},"locations":[{"start":{"line":328,"column":17},"end":{"line":328,"column":39}}]},"45":{"type":"branch","line":329,"loc":{"start":{"line":329,"column":36},"end":{"line":329,"column":57}},"locations":[{"start":{"line":329,"column":36},"end":{"line":329,"column":57}}]},"46":{"type":"branch","line":332,"loc":{"start":{"line":332,"column":17},"end":{"line":332,"column":42}},"locations":[{"start":{"line":332,"column":17},"end":{"line":332,"column":42}}]},"47":{"type":"branch","line":332,"loc":{"start":{"line":332,"column":42},"end":{"line":335,"column":14}},"locations":[{"start":{"line":332,"column":42},"end":{"line":335,"column":14}}]},"48":{"type":"branch","line":335,"loc":{"start":{"line":335,"column":10},"end":{"line":335,"column":24}},"locations":[{"start":{"line":335,"column":10},"end":{"line":335,"column":24}}]},"49":{"type":"branch","line":348,"loc":{"start":{"line":348,"column":17},"end":{"line":348,"column":37}},"locations":[{"start":{"line":348,"column":17},"end":{"line":348,"column":37}}]},"50":{"type":"branch","line":349,"loc":{"start":{"line":349,"column":26},"end":{"line":349,"column":50}},"locations":[{"start":{"line":349,"column":26},"end":{"line":349,"column":50}}]},"51":{"type":"branch","line":349,"loc":{"start":{"line":349,"column":50},"end":{"line":349,"column":99}},"locations":[{"start":{"line":349,"column":50},"end":{"line":349,"column":99}}]},"52":{"type":"branch","line":349,"loc":{"start":{"line":349,"column":95},"end":{"line":349,"column":105}},"locations":[{"start":{"line":349,"column":95},"end":{"line":349,"column":105}}]},"53":{"type":"branch","line":364,"loc":{"start":{"line":364,"column":17},"end":{"line":364,"column":38}},"locations":[{"start":{"line":364,"column":17},"end":{"line":364,"column":38}}]},"54":{"type":"branch","line":365,"loc":{"start":{"line":365,"column":26},"end":{"line":365,"column":51}},"locations":[{"start":{"line":365,"column":26},"end":{"line":365,"column":51}}]},"55":{"type":"branch","line":365,"loc":{"start":{"line":365,"column":51},"end":{"line":365,"column":103}},"locations":[{"start":{"line":365,"column":51},"end":{"line":365,"column":103}}]},"56":{"type":"branch","line":365,"loc":{"start":{"line":365,"column":98},"end":{"line":365,"column":109}},"locations":[{"start":{"line":365,"column":98},"end":{"line":365,"column":109}}]},"57":{"type":"branch","line":369,"loc":{"start":{"line":369,"column":17},"end":{"line":369,"column":48}},"locations":[{"start":{"line":369,"column":17},"end":{"line":369,"column":48}}]},"58":{"type":"branch","line":369,"loc":{"start":{"line":369,"column":48},"end":{"line":372,"column":14}},"locations":[{"start":{"line":369,"column":48},"end":{"line":372,"column":14}}]},"59":{"type":"branch","line":372,"loc":{"start":{"line":372,"column":10},"end":{"line":372,"column":24}},"locations":[{"start":{"line":372,"column":10},"end":{"line":372,"column":24}}]},"60":{"type":"branch","line":203,"loc":{"start":{"line":203,"column":12},"end":{"line":219,"column":5}},"locations":[{"start":{"line":203,"column":12},"end":{"line":219,"column":5}}]},"61":{"type":"branch","line":204,"loc":{"start":{"line":204,"column":4},"end":{"line":217,"column":5}},"locations":[{"start":{"line":204,"column":4},"end":{"line":217,"column":5}}]},"62":{"type":"branch","line":208,"loc":{"start":{"line":208,"column":73},"end":{"line":209,"column":27}},"locations":[{"start":{"line":208,"column":73},"end":{"line":209,"column":27}}]},"63":{"type":"branch","line":209,"loc":{"start":{"line":209,"column":21},"end":{"line":209,"column":64}},"locations":[{"start":{"line":209,"column":21},"end":{"line":209,"column":64}}]},"64":{"type":"branch","line":209,"loc":{"start":{"line":209,"column":62},"end":{"line":212,"column":15}},"locations":[{"start":{"line":209,"column":62},"end":{"line":212,"column":15}}]},"65":{"type":"branch","line":212,"loc":{"start":{"line":212,"column":6},"end":{"line":214,"column":8}},"locations":[{"start":{"line":212,"column":6},"end":{"line":214,"column":8}}]},"66":{"type":"branch","line":214,"loc":{"start":{"line":214,"column":6},"end":{"line":216,"column":7}},"locations":[{"start":{"line":214,"column":6},"end":{"line":216,"column":7}}]},"67":{"type":"branch","line":251,"loc":{"start":{"line":251,"column":37},"end":{"line":251,"column":54}},"locations":[{"start":{"line":251,"column":37},"end":{"line":251,"column":54}}]}},"b":{"0":[25],"1":[0],"2":[0],"3":[0],"4":[15],"5":[0],"6":[25],"7":[25],"8":[4],"9":[16],"10":[9],"11":[7],"12":[2],"13":[5],"14":[0],"15":[0],"16":[5],"17":[5],"18":[0],"19":[0],"20":[5],"21":[5],"22":[0],"23":[0],"24":[5],"25":[5],"26":[0],"27":[0],"28":[5],"29":[5],"30":[0],"31":[0],"32":[5],"33":[0],"34":[5],"35":[0],"36":[0],"37":[5],"38":[5],"39":[5],"40":[5],"41":[5],"42":[0],"43":[5],"44":[5],"45":[5],"46":[5],"47":[0],"48":[5],"49":[5],"50":[5],"51":[0],"52":[5],"53":[5],"54":[5],"55":[0],"56":[5],"57":[5],"58":[4],"59":[1],"60":[9],"61":[9],"62":[6],"63":[1],"64":[5],"65":[2],"66":[7],"67":[25]},"fnMap":{"0":{"name":"getMetricStatus","decl":{"start":{"line":5,"column":0},"end":{"line":21,"column":1}},"loc":{"start":{"line":5,"column":0},"end":{"line":21,"column":1}},"line":5},"1":{"name":"formatPct","decl":{"start":{"line":24,"column":0},"end":{"line":27,"column":1}},"loc":{"start":{"line":24,"column":0},"end":{"line":27,"column":1}},"line":24},"2":{"name":"formatCurrency","decl":{"start":{"line":30,"column":0},"end":{"line":35,"column":1}},"loc":{"start":{"line":30,"column":0},"end":{"line":35,"column":1}},"line":30},"3":{"name":"InfoTip","decl":{"start":{"line":38,"column":0},"end":{"line":60,"column":1}},"loc":{"start":{"line":38,"column":0},"end":{"line":60,"column":1}},"line":38},"4":{"name":"BigFiveCard","decl":{"start":{"line":63,"column":0},"end":{"line":184,"column":1}},"loc":{"start":{"line":63,"column":0},"end":{"line":184,"column":1}},"line":63},"5":{"name":"BigFivePanel","decl":{"start":{"line":198,"column":0},"end":{"line":398,"column":1}},"loc":{"start":{"line":198,"column":0},"end":{"line":398,"column":1}},"line":198},"6":{"name":"fetchMetrics","decl":{"start":{"line":204,"column":4},"end":{"line":217,"column":5}},"loc":{"start":{"line":204,"column":4},"end":{"line":217,"column":5}},"line":204}},"f":{"0":25,"1":15,"2":0,"3":25,"4":25,"5":16,"6":9}}
,"/Users/rahmathu/Documents/personal_projects/common-investor-ai/common-investor/ui/components/CompanyDashboard.tsx": {"path":"/Users/rahmathu/Documents/personal_projects/common-investor-ai/common-investor/ui/components/CompanyDashboard.tsx","all":false,"statementMap":{"0":{"start":{"line":1,"column":0},"end":{"line":1,"column":13}},"1":{"start":{"line":2,"column":0},"end":{"line":2,"column":44}},"2":{"start":{"line":3,"column":0},"end":{"line":3,"column":48}},"3":{"start":{"line":4,"column":0},"end":{"line":4,"column":0}},"4":{"start":{"line":5,"column":0},"end":{"line":5,"column":25}},"5":{"start":{"line":6,"column":0},"end":{"line":6,"column":46}},"6":{"start":{"line":7,"column":0},"end":{"line":7,"column":10}},"7":{"start":{"line":8,"column":0},"end":{"line":8,"column":10}},"8":{"start":{"line":9,"column":0},"end":{"line":9,"column":18}},"9":{"start":{"line":10,"column":0},"end":{"line":10,"column":15}},"10":{"start":{"line":11,"column":0},"end":{"line":11,"column":31}},"11":{"start":{"line":12,"column":0},"end":{"line":12,"column":29}},"12":{"start":{"line":13,"column":0},"end":{"line":13,"column":33}},"13":{"start":{"line":14,"column":0},"end":{"line":14,"column":19}},"14":{"start":{"line":15,"column":0},"end":{"line":15,"column":20}},"15":{"start":{"line":16,"column":0},"end":{"line":16,"column":29}},"16":{"start":{"line":17,"column":0},"end":{"line":17,"column":31}},"17":{"start":{"line":18,"column":0},"end":{"line":18,"column":22}},"18":{"start":{"line":19,"column":0},"end":{"line":19,"column":21}},"19":{"start":{"line":20,"column":0},"end":{"line":20,"column":24}},"20":{"start":{"line":21,"column":0},"end":{"line":21,"column":22}},"21":{"start":{"line":22,"column":0},"end":{"line":22,"column":22}},"22":{"start":{"line":23,"column":0},"end":{"line":23,"column":8}},"23":{"start":{"line":24,"column":0},"end":{"line":24,"column":5}},"24":{"start":{"line":25,"column":0},"end":{"line":25,"column":7}},"25":{"start":{"line":26,"column":0},"end":{"line":26,"column":11}},"26":{"start":{"line":27,"column":0},"end":{"line":27,"column":4}},"27":{"start":{"line":28,"column":0},"end":{"line":28,"column":1}},"28":{"start":{"line":29,"column":0},"end":{"line":29,"column":0}},"29":{"start":{"line":30,"column":0},"end":{"line":30,"column":21}},"30":{"start":{"line":31,"column":0},"end":{"line":31,"column":20}},"31":{"start":{"line":32,"column":0},"end":{"line":32,"column":8}},"32":{"start":{"line":33,"column":0},"end":{"line":33,"column":7}},"33":{"start":{"line":34,"column":0},"end":{"line":34,"column":14}},"34":{"start":{"line":35,"column":0},"end":{"line":35,"column":11}},"35":{"start":{"line":36,"column":0},"end":{"line":36,"column":9}},"36":{"start":{"line":37,"column":0},"end":{"line":37,"column":4}},"37":{"start":{"line":38,"column":0},"end":{"line":38,"column":16}},"38":{"start":{"line":39,"column":0},"end":{"line":39,"column":15}},"39":{"start":{"line":40,"column":0},"end":{"line":40,"column":22}},"40":{"start":{"line":
[...]
"line":323,"column":0},"end":{"line":323,"column":14}},"323":{"start":{"line":324,"column":0},"end":{"line":324,"column":22}},"324":{"start":{"line":325,"column":0},"end":{"line":325,"column":34}},"325":{"start":{"line":326,"column":0},"end":{"line":326,"column":45}},"326":{"start":{"line":327,"column":0},"end":{"line":327,"column":54}},"327":{"start":{"line":328,"column":0},"end":{"line":328,"column":23}},"328":{"start":{"line":329,"column":0},"end":{"line":329,"column":14}},"329":{"start":{"line":330,"column":0},"end":{"line":330,"column":16}},"330":{"start":{"line":331,"column":0},"end":{"line":331,"column":0}},"331":{"start":{"line":332,"column":0},"end":{"line":332,"column":37}},"332":{"start":{"line":333,"column":0},"end":{"line":333,"column":48}},"333":{"start":{"line":334,"column":0},"end":{"line":334,"column":29}},"334":{"start":{"line":335,"column":0},"end":{"line":335,"column":32}},"335":{"start":{"line":336,"column":0},"end":{"line":336,"column":35}},"336":{"start":{"line":337,"column":0},"end":{"line":337,"column":36}},"337":{"start":{"line":338,"column":0},"end":{"line":338,"column":30}},"338":{"start":{"line":339,"column":0},"end":{"line":339,"column":30}},"339":{"start":{"line":340,"column":0},"end":{"line":340,"column":30}},"340":{"start":{"line":341,"column":0},"end":{"line":341,"column":15}},"341":{"start":{"line":342,"column":0},"end":{"line":342,"column":38}},"342":{"start":{"line":343,"column":0},"end":{"line":343,"column":22}},"343":{"start":{"line":344,"column":0},"end":{"line":344,"column":25}},"344":{"start":{"line":345,"column":0},"end":{"line":345,"column":26}},"345":{"start":{"line":346,"column":0},"end":{"line":346,"column":33}},"346":{"start":{"line":347,"column":0},"end":{"line":347,"column":42}},"347":{"start":{"line":348,"column":0},"end":{"line":348,"column":41}},"348":{"start":{"line":349,"column":0},"end":{"line":349,"column":15}},"349":{"start":{"line":350,"column":0},"end":{"line":350,"column":112}},"350":{"start":{"line":351,"column":0},"end":{"line":351,"column":119}},"351":{"start":{"line":352,"column":0},"end":{"line":352,"column":130}},"352":{"start":{"line":353,"column":0},"end":{"line":353,"column":120}},"353":{"start":{"line":354,"column":0},"end":{"line":354,"column":129}},"354":{"start":{"line":355,"column":0},"end":{"line":355,"column":144}},"355":{"start":{"line":356,"column":0},"end":{"line":356,"column":18}},"356":{"start":{"line":357,"column":0},"end":{"line":357,"column":20}},"357":{"start":{"line":358,"column":0},"end":{"line":358,"column":0}},"358":{"start":{"line":359,"column":0},"end":{"line":359,"column":38}},"359":{"start":{"line":360,"column":0},"end":{"line":360,"column":19}},"360":{"start":{"line":361,"column":0},"end":{"line":361,"column":29}},"361":{"start":{"line":362,"column":0},"end":{"line":362,"column":32}},"362":{"start":{"line":363,"column":0},"end":{"line":363,"column":35}},"363":{"start":{"line":364,"column":0},"end":{"line":364,"column":36}},"364":{"start":{"line":365,"column":0},"end":{"line":365,"column":30}},"365":{"start":{"line":366,"column":0},"end":{"line":366,"column":30}},"366":{"start":{"line":367,"column":0},"end":{"line":367,"column":30}},"367":{"start":{"line":368,"column":0},"end":{"line":368,"column":15}},"368":{"start":{"line":369,"column":0},"end":{"line":369,"column":36}},"369":{"start":{"line":370,"column":0},"end":{"line":370,"column":22}},"370":{"start":{"line":371,"column":0},"end":{"line":371,"column":25}},"371":{"start":{"line":372,"column":0},"end":{"line":372,"column":36}},"372":{"start":{"line":373,"column":0},"end":{"line":373,"column":26}},"373":{"start":{"line":374,"column":0},"end":{"line":374,"column":42}},"374":{"start":{"line":375,"column":0},"end":{"line":375,"column":31}},"375":{"start":{"line":376,"column":0},"end":{"line":376,"column":26}},"376":{"start":{"line":377,"column":0},"end":{"line":377,"column":15}},"377":{"start":{"line":378,"column":0},"end":{"line":378,"column":50}},"378":{"start":{"line":379,"column":0},"end":{"line":379,"column":18}},"379":{"start":{"line":380,"column":0},"end":{"line":380,"column":20}},"380":{"start":{"line":381,"column":0},"end":{"line":381,"column":14}},"381":{"start":{"line":382,"column":0},"end":{"line":382,"column":8}},"382":{"start":{"line":383,"column":0},"end":{"line":383,"column":0}},"383":{"start":{"line":384,"column":0},"end":{"line":384,"column":33}},"384":{"start":{"line":385,"column":0},"end":{"line":385,"column":22}},"385":{"start":{"line":386,"column":0},"end":{"line":386,"column":21}},"386":{"start":{"line":387,"column":0},"end":{"line":387,"column":22}},"387":{"start":{"line":388,"column":0},"end":{"line":388,"column":32}},"388":{"start":{"line":389,"column":0},"end":{"line":389,"column":38}},"389":{"start":{"line":390,"column":0},"end":{"line":390,"column":26}},"390":{"start":{"line":391,"column":0},"end":{"line":391,"column":11}},"391":{"start":{"line":392,"column":0},"end":{"line":392,"column":99}},"392":{"start":{"line":393,"column":0},"end":{"line":393,"column":113}},"393":{"start":{"line":394,"column":0},"end":{"line":394,"column":17}},"394":{"start":{"line":395,"column":0},"end":{"line":395,"column":48}},"395":{"start":{"line":396,"column":0},"end":{"line":396,"column":79}},"396":{"start":{"line":397,"column":0},"end":{"line":397,"column":107}},"397":{"start":{"line":398,"column":0},"end":{"line":398,"column":18}},"398":{"start":{"line":399,"column":0},"end":{"line":399,"column":18}},"399":{"start":{"line":400,"column":0},"end":{"line":400,"column":17}},"400":{"start":{"line":401,"column":0},"end":{"line":401,"column":43}},"401":{"start":{"line":402,"column":0},"end":{"line":402,"column":79}},"402":{"start":{"line":403,"column":0},"end":{"line":403,"column":92}},"403":{"start":{"line":404,"column":0},"end":{"line":404,"column":18}},"404":{"start":{"line":405,"column":0},"end":{"line":405,"column":18}},"405":{"start":{"line":406,"column":0},"end":{"line":406,"column":17}},"406":{"start":{"line":407,"column":0},"end":{"line":407,"column":41}},"407":{"start":{"line":408,"column":0},"end":{"line":408,"column":79}},"408":{"start":{"line":409,"column":0},"end":{"line":409,"column":116}},"409":{"start":{"line":410,"column":0},"end":{"line":410,"column":18}},"410":{"start":{"line":411,"column":0},"end":{"line":411,"column":18}},"411":{"start":{"line":412,"column":0},"end":{"line":412,"column":17}},"412":{"start":{"line":413,"column":0},"end":{"line":413,"column":46}},"413":{"start":{"line":414,"column":0},"end":{"line":414,"column":79}},"414":{"start":{"line":415,"column":0},"end":{"line":415,"column":113}},"415":{"start":{"line":416,"column":0},"end":{"line":416,"column":18}},"416":{"start":{"line":417,"column":0},"end":{"line":417,"column":18}},"417":{"start":{"line":418,"column":0},"end":{"line":418,"column":16}},"418":{"start":{"line":419,"column":0},"end":{"line":419,"column":14}},"419":{"start":{"line":420,"column":0},"end":{"line":420,"column":8}},"420":{"start":{"line":421,"column":0},"end":{"line":421,"column":14}},"421":{"start":{"line":422,"column":0},"end":{"line":422,"column":4}},"422":{"start":{"line":423,"column":0},"end":{"line":423,"column":1}}},"s":{"0":1,"1":1,"2":1,"3":1,"4":94,"5":94,"6":94,"7":94,"8":94,"9":94,"10":94,"11":94,"12":94,"13":94,"14":94,"15":94,"16":94,"17":94,"18":94,"19":94,"20":94,"21":94,"22":94,"23":94,"24":94,"25":94,"26":94,"27":1,"28":1,"29":94,"30":94,"31":94,"32":94,"33":94,"34":94,"35":94,"36":94,"37":94,"38":94,"39":94,"40":94,"41":94,"42":94,"43":94,"44":94,"45":94,"46":94,"47":94,"48":94,"49":94,"50":94,"51":94,"52":94,"53":94,"54":94,"55":94,"56":94,"57":94,"58":94,"59":94,"60":94,"61":94,"62":94,"63":94,"64":94,"65":94,"66":94,"67":94,"68":94,"69":94,"70":94,"71":94,"72":94,"73":94,"74":94,"75":94,"76":94,"77":94,"78":94,"79":94,"80":1,"81":1,"82":36,"83":36,"84":36,"85":36,"86":36,"87":36,"88":36,"89":36,"90":36,"91":36,"92":36,"93":36,"94":36,"95":36,"96":29,"97":7,"98":36,"99":36,"100":36,"101":36,"102":36,"103":36,"104":36,"105":36,"106":36,"107":36,"108":36,"109":36,"110":36,"111":36,"112":36,"113":36,"114":36,"115":36,"116":36,"117":36,"118":36,"119":36,"120":36,"121":1,"122":1,"123":54,"124":54,"125":54,"126":54,"127":54,"128":54,"129":54,"130":54,"131":54,"132":54,"133":54,"134":54,"135":54,"136":1,"137":45,"138":45,"139":45,"140":45,"141":45,"142":45,"143":45,"144":45,"145":45,"146":45,"147":10,"148":10,"149":10,"150":10,"151":10,"152":10,"153":10,"154":10,"155":10,"156":10,"157":10,"158":10,"159":9,"160":9,"161":9,"162":9,"163":10,"164":45,"165":45,"166":45,"167":45,"168":45,"169":45,"170":45,"171":45,"172":45,"173":45,"174":45,"175":45,"176":45,"177":45,"178":45,"179":45,"180":45,"181":45,"182":45,"183":45,"184":45,"185":45,"186":45,"187":45,"188":45,"189":45,"190":45,"191":45,"192":45,"193":45,"194":45,"195":45,"196":45,"197":45,"198":45,"199":45,"200":45,"201":45,"202":45,"203":45,"204":45,"205":45,"206":45,"207":45,"208":45,"209":45,"210":45,"211":45,"212":45,"213":45,"214":45,"215":45,"216":45,"217":45,"218":45,"219":45,"220":45,"221":45,"222":45,"223":45,"224":45,"225":45,"226":2,"227":2,"228":2,"229":2,"230":2,"231":2,"232":2,"233":2,"234":2,"235":2,"236":2,"237":2,"238":2,"239":2,"240":2,"241":2,"242":2,"243":2,"244":2,"245":2,"246":2,"247":2,"248":2,"249":2,"250":2,"251":2,"252":2,"253":2,"254":45,"255":45,"256":45,"257":45,"258":45,"259":45,"260":45,"261":45,"262":45,"263":45,"264":45,"265":45,"266":45,"267":45,"268":45,"269":45,"270":45,"271":45,"272":45,"273":45,"274":45,"275":45,"276":45,"277":45,"278":45,"279":45,"280":45,"281":45,"282":45,"283":45,"284":45,"285":45,"286":45,"287":45,"288":45,"289":45,"290":45,"291":45,"292":45,"293":45,"294":45,"295":45,"296":9,"297":9,"298":9,"299":9,"300":9,"301":9,"302":9,"303":9,"304":9,"305":9,"306":9,"307":9,"308":9,"309":9,"310":9,"311":9,"312":9,"313":9,"314":9,"315":9,"316":9,"317":9,"318":9,"319":9,"320":9,"321":9,"322":9,"323":9,"324":9,"325":9,"326":9,"327":9,"328":9,"329":9,"330":9,"331":9,"332":9,"333":9,"334":9,"335":9,"336":9,"337":9,"338":9,"339":9,"340":9,"341":9,"342":9,"343":9,"344":9,"345":9,"346":9,"347":9,"348":9,"349":9,"350":9,"351":9,"352":9,"353":9,"354":9,"355":9,"356":9,"357":9,"358":9,"359":9,"360":9,"361":9,"362":9,"363":9,"364":9,"365":9,"366":9,"367":9,"368":9,"369":9,"370":9,"371":9,"372":9,"373":9,"374":9,"375":9,"376":9,"377":9,"378":9,"379":9,"380":9,"381":45,"382":45,"383":45,"384":45,"385":36,"386":36,"387":36,"388":36,"389":36,"390":36,"391":36,"392":36,"393":36,"394":36,"395":36,"396":36,"397":36,"398":36,"399":36,"400":36,"401":36,"402":36,"403":36,"404":36,"405":36,"406":36,"407":36,"408":36,"409":36,"410":36,"411":36,"412":36,"413":36,"414":36,"415":36,"416":36,"417":36,"418":36,"419":45,"420":45,"421":45,"422":45},"branchMap":{"0":{"type":"branch","line":5,"loc":{"start":{"line":5,"column":0},"end":{"line":27,"column":1}},"locations":[{"start":{"line":5,"column":0},"end":{"line":27,"column":1}}]},"1":{"type":"branch","line":30,"loc":{"start":{"line":30,"column":0},"end":{"line":80,"column":1}},"locations":[{"start":{"line":30,"column":0},"end":{"line":80,"column":1}}]},"2":{"type":"branch","line":83,"loc":{"start":{"line":83,"column":0},"end":{"line":121,"column":1}},"locations":[{"start":{"line":83,"column":0},"end":{"line":121,"column":1}}]},"3":{"type":"branch","line":96,"loc":{"start":{"line":96,"column":30},"end":{"line":96,"column":58}},"locations":[{"start":{"line":96,"column":30},"end":{"line":96,"column":58}}]},"4":{"type":"branch","line":96,"loc":{"start":{"line":96,"column":48},"end":{"line":97,"column":29}},"locations":[{"start":{"line":96,"column":48},"end":{"line":97,"column":29}}]},"5":{"type":"branch","line":97,"loc":{"start":{"line":97,"column":26},"end":{"line":98,"column":12}},"locations":[{"start":{"line":97,"column":26},"end":{"line":98,"column":12}}]},"6":{"type":"branch","line":103,"loc":{"start":{"line":103,"column":18},"end":{"line":103,"column":42}},"locations":[{"start":{"line":103,"column":18},"end":{"line":103,"column":42}}]},"7":{"type":"branch","line":103,"loc":{"start":{"line":103,"column":30},"end":{"line":103,"column":49}},"locations":[{"start":{"line":103,"column":30},"end":{"line":103,"column":49}}]},"8":{"type":"branch","line":104,"loc":{"start":{"line":104,"column":14},"end":{"line":104,"column":48}},"locations":[{"start":{"line":104,"column":14},"end":{"line":104,"column":48}}]},"9":{"type":"branch","line":104,"loc":{"start":{"line":104,"column":26},"end":{"line":104,"column":68}},"locations":[{"start":{"line":104,"column":26},"end":{"line":104,"column":68}}]},"10":{"type":"branch","line":113,"loc":{"start":{"line":113,"column":15},"end":{"line":113,"column":39}},"locations":[{"start":{"line":113,"column":15},"end":{"line":113,"column":39}}]},"11":{"type":"branch","line":113,"loc":{"start":{"line":113,"column":27},"end":{"line":113,"column":46}},"locations":[{"start":{"line":113,"column":27},"end":{"line":113,"column":46}}]},"12":{"type":"branch","line":124,"loc":{"start":{"line":124,"column":0},"end":{"line":136,"column":1}},"locations":[{"start":{"line":124,"column":0},"end":{"line":136,"column":1}}]},"13":{"type":"branch","line":138,"loc":{"start":{"line":138,"column":0},"end":{"line":423,"column":1}},"locations":[{"start":{"line":138,"column":0},"end":{"line":423,"column":1}}]},"14":{"type":"branch","line":223,"loc":{"start":{"line":223,"column":9},"end":{"line":223,"column":30}},"locations":[{"start":{"line":223,"column":9},"end":{"line":223,"column":30}}]},"15":{"type":"branch","line":223,"loc":{"start":{"line":223,"column":24},"end":{"line":223,"column":34}},"locations":[{"start":{"line":223,"column":24},"end":{"line":223,"column":34}}]},"16":{"type":"branch","line":226,"loc":{"start":{"line":226,"column":7},"end":{"line":254,"column":14}},"locations":[{"start":{"line":226,"column":7},"end":{"line":254,"column":14}}]},"17":{"type":"branch","line":264,"loc":{"start":{"line":264,"column":24},"end":{"line":264,"column":46}},"locations":[{"start":{"line":264,"column":24},"end":{"line":264,"column":46}}]},"18":{"type":"branch","line":264,"loc":{"start":{"line":264,"column":34},"end":{"line":264,"column":56}},"locations":[{"start":{"line":264,"column":34},"end":{"line":264,"column":56}}]},"19":{"type":"branch","line":270,"loc":{"start":{"line":270,"column":20},"end":{"line":270,"column":46}},"locations":[{"start":{"line":270,"column":20},"end":{"line":270,"column":46}}]},"20":{"type":"branch","line":270,"loc":{"start":{"line":270,"column":30},"end":{"line":270,"column":55}},"locations":[{"start":{"line":270,"column":30},"end":{"line":270,"column":55}}]},"21":{"type":"branch","line":273,"loc":{"start":{"line":273,"column":11},"end":{"line":273,"column":40}},"locations":[{"start":{"line":273,"column":11},"end":{"line":273,"column":40}}]},"22":{"type":"branch","line":273,"loc":{"start":{"line":273,"column":21},"end":{"line":273,"column":62}},"locations":[{"start":{"line":273,"column":21},"end":{"line":273,"column":62}}]},"23":{"type":"branch","line":296,"loc":{"start":{"line":296,"column":7},"end":{"line":381,"column":14}},"locations":[{"start":{"line":296,"column":7},"end":{"line":381,"column":14}}]},"24":{"type":"branch","line":350,"loc":{"start":{"line":350,"column":62},"end":{"line":350,"column":103}},"locations":[{"start":{"line":350,"column":62},"end":{"line":350,"column":103}}]},"25":{"type":"branch","line":350,"loc":{"start":{"line":350,"column":98},"end":{"line":350,"column":110}},"locations":[{"start":{"line":350,"column":98},"end":{"line":350,"column":110}}]},"26":{"type":"branch","line":351,"loc":{"start":{"line":351,"column":67},"end":{"line":351,"column":110}},"locations":[{"start":{"line":351,"column":67},"end":{"line":351,"column":110}}]},"27":{"type":"branch","line":351,"loc":{"start":{"line":351,"column":104},"end":{"line":351,"column":117}},"locations":[{"start":{"line":351,"column":104},"end":{"line":351,"column":117}}]},"28":{"type":"branch","line":352,"loc":{"start":{"line":352,"column":68},"end":{"line":352,"column":121}},"locations":[{"start":{"line":352,"column":68},"end":{"line":352,"column":121}}]},"29":{"type":"branch","line":352,"loc":{"start":{"line":352,"column":116},"end":{"line":352,"column":128}},"locations":[{"start":{"line":352,"column":116},"end":{"line":352,"column":128}}]},"30":{"type":"branch","line":353,"loc":{"start":{"line":353,"column":64},"end":{"line":353,"column":111}},"locations":[{"start":{"line":353,"column":64},"end":{"line":353,"column":111}}]},"31":{"type":"branch","line":353,"loc":{"start":{"line":353,"column":105},"end":{"line":353,"column":118}},"locations":[{"start":{"line":353,"column":105},"end":{"line":353,"column":118}}]},"32":{"type":"branch","line":354,"loc":{"start":{"line":354,"column":63},"end":{"line":354,"column":120}},"locations":[{"start":{"line":354,"column":63},"end":{"line":354,"column":120}}]},"33":{"type":"branch","line":354,"loc":{"start":{"line":354,"column":115},"end":{"line":354,"column":127}},"locations":[{"start":{"line":354,"column":115},"end":{"line":354,"column":127}}]},"34":{"type":"branch","line":355,"loc":{"start":{"line":355,"column":65},"end":{"line":355,"column":135}},"locations":[{"start":{"line":355,"column":65},"end":{"line":355,"column":135}}]},"35":{"type":"branch","line":355,"loc":{"start":{"line":355,"column":129},"end":{"line":355,"column":142}},"locations":[{"start":{"line":355,"column":129},"end":{"line":355,"column":142}}]},"36":{"type":"branch","line":385,"loc":{"start":{"line":385,"column":8},"end":{"line":419,"column":14}},"locations":[{"start":{"line":385,"column":8},"end":{"line":419,"column":14}}]},"37":{"type":"branch","line":147,"loc":{"start":{"line":147,"column":2},"end":{"line":164,"column":3}},"locations":[{"start":{"line":147,"column":2},"end":{"line":164,"column":3}}]},"38":{"type":"branch","line":159,"loc":{"start":{"line":159,"column":7},"end":{"line":163,"column":5}},"locations":[{"start":{"line":159,"column":7},"end":{"line":163,"column":5}}]},"39":{"type":"branch","line":210,"loc":{"start":{"line":210,"column":17},"end":{"line":210,"column":54}},"locations":[{"start":{"line":210,"column":17},"end":{"line":210,"column":54}}]}},"b":{"0":[94],"1":[94],"2":[36],"3":[34],"4":[29],"5":[7],"6":[9],"7":[27],"8":[9],"9":[27],"10":[9],"11":[27],"12":[54],"13":[45],"14":[2],"15":[43],"16":[2],"17":[10],"18":[35],"19":[10],"20":[35],"21":[10],"22":[35],"23":[9],"24":[7],"25":[2],"26":[7],"27":[2],"28":[7],"29":[2],"30":[7],"31":[2],"32":[7],"33":[2],"34":[7],"35":[2],"36":[36],"37":[10],"38":[9],"39":[3]},"fnMap":{"0":{"name":"InfoTip","decl":{"start":{"line":5,"column":0},"end":{"line":27,"column":1}},"loc":{"start":{"line":5,"column":0},"end":{"line":27,"column":1}},"line":5},"1":{"name":"SliderInput","decl":{"start":{"line":30,"column":0},"end":{"line":80,"column":1}},"loc":{"start":{"line":30,"column":0},"end":{"line":80,"column":1}},"line":30},"2":{"name":"onChange","decl":{"start":{"line":66,"column":18},"end":{"line":66,"column":56}},"loc":{"start":{"line":66,"column":18},"end":{"line":66,"column":56}},"line":66},"3":{"name":"PriceCard","decl":{"start":{"line":83,"column":0},"end":{"line":121,"column":1}},"loc":{"start":{"line":83,"column":0},"end":{"line":121,"column":1}},"line":83},"4":{"name":"MetricRow","decl":{"start":{"line":124,"column":0},"end":{"line":136,"column":1}},"loc":{"start":{"line":124,"column":0},"end":{"line":136,"column":1}},"line":124},"5":{"name":"ValuationPanel","decl":{"start":{"line":138,"column":0},"end":{"line":423,"column":1}},"loc":{"start":{"line":138,"column":0},"end":{"line":423,"column":1}},"line":138},"6":{"name":"runValuation","decl":{"start":{"line":147,"column":2},"end":{"line":164,"column":3}},"loc":{"start":{"line":147,"column":2},"end":{"line":164,"column":3}},"line":147},"7":{"name":"onClick","decl":{"start":{"line":210,"column":17},"end":{"line":210,"column":54}},"loc":{"start":{"line":210,"column":17},"end":{"line":210,"column":54}},"line":210}},"f":{"0":94,"1":94,"2":0,"3":36,"4":54,"5":45,"6":10,"7":3}}
}
