{"/Users/rahmathu/Documents/personal_projects/common-investor-ai/common-investor/ui/app/layout.tsx": {"path":"/Users/rahmathu/Documents/personal_projects/common-investor-ai/common-investor/ui/app/layout.tsx","all":false,"statementMap":{"0":{"start":{"line":1,"column":0},"end":{"line":1,"column":25}},"1":{"start":{"line":2,"column":0},"end":{"line":2,"column":19}},"2":{"start":{"line":3,"column":0},"end":{"line":3,"column":38}},"3":{"start":{"line":4,"column":0},"end":{"line":4,"column":1}},"4":{"start":{"line":5,"column":0},"end":{"line":5,"column":0}},"5":{"start":{"line":6,"column":0},"end":{"line":6,"column":36}},"6":{"start":{"line":7,"column":0},"end":{"line":7,"column":11}},"7":{"start":{"line":8,"column":0},"end":{"line":8,"column":4}},"8":{"start":{"line":9,"column":0},"end":{"line":9,"column":27}},"9":{"start":{"line":10,"column":0},"end":{"line":10,"column":4}},"10":{"start":{"line":11,"column":0},"end":{"line":11,"column":10}},"11":{"start":{"line":12,"column":0},"end":{"line":12,"column":20}},"12":{"start":{"line":13,"column":0},"end":{"line":13,"column":29}},"13":{"start":{"line":14,"column":0},"end":{"line":14,"column":11}},"14":{"start":{"line":15,"column":0},"end":{"line":15,"column":3}},"15":{"start":{"line":16,"column":0},"end":{"line":16,"column":1}}},"s":{"0":1,"1":1,"2":1,"3":1,"4":1,"5":3,"6":3,"7":3,"8":3,"9":3,"10":3,"11":3,"12":3,"13":3,"14":3,"15":3},"branchMap":{"0":{"type":"branch","line":6,"loc":{"start":{"line":6,"column":0},"end":{"line":16,"column":1}},"locations":[{"start":{"line":6,"column":0},"end":{"line":16,"column":1}}]}},"b":{"0":[3]},"fnMap":{"0":{"name":"RootLayout","decl":{"start":{"line":6,"column":0},"end":{"line":16,"column":1}},"loc":{"start":{"line":6,"column":0},"end":{"line":16,"column":1}},"line":6}},"f":{"0":3}}
,"/Users/rahmathu/Documents/personal_projects/common-investor-ai/common-investor/ui/app/page.tsx": {"path":"/Users/rahmathu/Documents/personal_projects/common-investor-ai/common-investor/ui/app/page.tsx","all":false,"statementMap":{"0":{"start":{"line":1,"column":0},"end":{"line":1,"column":32}},"1":{"start":{"line":2,"column":0},"end":{"line":2,"column":10}},"2":{"start":{"line":3,"column":0},"end":{"line":3,"column":34}},"3":{"start":{"line":4,"column":0},"end":{"line":4,"column":30}},"4":{"start":{"line":5,"column":0},"end":{"line":5,"column":71}},"5":{"start":{"line":6,"column":0},"end":{"line":6,"column":11}},"6":{"start":{"line":7,"column":0},"end":{"line":7,"column":4}},"7":{"start":{"line":8,"column":0},"end":{"line":8,"column":1}}},"s":{"0":3,"1":3,"2":3,"3":3,"4":3,"5":3,"6":3,"7":3},"branchMap":{"0":{"type":"branch","line":1,"loc":{"start":{"line":1,"column":0},"end":{"line":8,"column":1}},"locations":[{"start":{"line":1,"column":0},"end":{"line":8,"column":1}}]}},"b":{"0":[3]},"fnMap":{"0":{"name":"Home","decl":{"start":{"line":1,"column":0},"end":{"line":8,"column":1}},"loc":{"start":{"line":1,"column":0},"end":{"line":8,"column":1}},"line":1}},"f":{"0":3}}
,"/Users/rahmathu/Documents/personal_projects/common-investor-ai/common-investor/ui/app/company/[ticker]/page.tsx": {"path":"/Users/rahmathu/Documents/personal_projects/common-investor-ai/common-investor/ui/app/company/[ticker]/page.tsx","all":false,"statementMap":{"0":{"start":{"line":1,"column":0},"end":{"line":1,"column":13}},"1":{"start":{"line":2,"column":0},"end":{"line":2,"column":44}},"2":{"start":{"line":3,"column":0},"end":{"line":3,"column":60}},"3":{"start":{"line":4,"column":0},"end":{"line":4,"column":76}},"4":{"start":{"line":5,"column":0},"end":{"line":5,"column":68}},"5":{"start":{"line":6,"column":0},"end":{"line":6,"column":64}},"6":{"start":{"line":7,"column":0},"end":{"line":7,"column":58}},"7":{"start":{"line":8,"column":0},"end":{"line":8,"column":58}},"8":{"start":{"line":9,"column":0},"end":{"line":9,"column":0}},"9":{"start":{"line":10,"column":0},"end":{"line":10,"column":26}},"10":{"start":{"line":11,"column":0},"end":{"line":11,"column":25}},"11":{"start":{"line":12,"column":0},"end":{"line":12,"column":1}},"12":{"start":{"line":13,"column":0},"end":{"line":13,"column":0}},"13":{"start":{"line":14,"column":0},"end":{"line":14,"column":29}},"14":{"start":{"line":15,"column":0},"end":{"line":15,"column":29}},"15":{"start":{"line":16,"column":0},"end":{"line":16,"column":1}},"16":{"start":{"line":17,"column":0},"end":{"line":17,"column":0}},"17":{"start":{"line":18,"column":0},"end":{"line":18,"column":64}},"18":{"start":{"line":19,"column":0},"end":{"line":19,"column":70}},"19":{"start":{"line":20,"column":0},"end":{"line":20,"column":47}},"20":{"start":{"line":21,"column":0},"end":{"line":21,"column":55}},"21":{"start":{"line":22,"column":0},"end":{"line":22,"column":52}},"22":{"start":{"line":23,"column":0},"end":{"line":23,"column":73}},"23":{"start":{"line":24,"column":0},"end":{"line":24,"column":0}},"24":{"start":{"line":25,"column":0},"end":{"line":25,"column":46}},"25":{"start":{"line":26,"column":0},"end":{"line":26,"column":21}},"26":{"start":{"line":27,"column":0},"end":{"line":27,"column":9}},"27":{"start":{"line":28,"column":0},"end":{"line":28,"column":70}},"28":{"start":{"line":29,"column":0},"end":{"line":29,"column":59}},"29":{"start":{"line":30,"column":0},"end":{"line":30,"column":24}},"30":{"start":{"line":31,"column":0},"end":{"line":31,"column":26}},"31":{"start":{"line":32,"column":0},"end":{"line":32,"column":57}},"32":{"start":{"line":33,"column":0},"end":{"line":33,"column":15}},"33":{"start":{"line":34,"column":0},"end":{"line":34,"column":24}},"34":{"start":{"line":35,"column":0},"end":{"line":35,"column":5}},"35":{"start":{"line":36,"column":0},"end":{"line":36,"column":4}},"36":{"start":{"line":37,"column":0},"end":{"line":37,"column":0}},"37":{"start":{"line":38,"column":0},"end":{"line":38,"column":51}},"38":{"start":{"line":39,"column":0},"end":{"line":39,"column":23}},"39":{"start":{"line":40,"column":0},"end":{"line":40,"column":9}},"40":{"start":{"line":41,"column":0},"end":{"line":41,"column":87}},"41":{"start":{"line":42,"column":0},"end":{"line":42,"column":96}},"42":{"start":{"line":43,"column":0},"end":{"line":43,"column":26}},"43":{"start":{"line":44,"column":0},"end":{"line":44,"column":82}},"44":{"start":{"line":45,"column":0},"end":{"line":45,"column":15}},"45":{"start":{"line":46,"column":0},"end":{"line":46,"column":26}},"46":{"start":{"line":47,"column":0},"end":{"line":47,"column":5}},"47":{"start":{"line":48,"column":0},"end":{"line":48,"column":4}},"48":{"start":{"line":49,"column":0},"end":{"line":49,"column":0}},"49":{"start":{"line":50,"column":0},"end":{"line":50,"column":56}},"50":{"start":{"line":51,"column":0},"end":{"line":51,"column":0}},"51":{"start":{"line":52,"column":0},"end":{"line":52,"column":81}},"52":{"start":{"line":53,"column":0},"end":{"line":53,"column":0}},"53":{"start":{"line":54,"column":0},"end":{"line":54,"column":10}},"54":{"start":{"line":55,"column":0},"end":{"line":55,"column":82}},"55":{"start":{"line":56,"column":0},"end":{"line":56,"column":20}},"56":{"start":{"line":57,"column":0},"end":{"line":57,"column":23}},"57":{"start":{"line":58,"column":0},"end":{"line":58,"column":25}},"58":{"start":{"line":59,"column":0},"end":{"line":59,"column":41}},"59":{"start":{"line":60,"column":0},"end":{"line":60,"column":33}},"60":{"start":{"line":61,"column":0},"end":{"line":61,"column":25}},"61":{"start":{"line":62,"column":0},"end":{"line":62,"column":16}},"62":{"start":{"line":63,"column":0},"end":{"line":63,"column":25}},"63":{"start":{"line":64,"column":0},"end":{"line":64,"column":26}},"64":{"start":{"line":65,"column":0},"end":{"line":65,"column":41}},"65":{"start":{"line":66,"column":0},"end":{"line":66,"column":9}},"66":{"start":{"line":67,"column":0},"end":{"line":67,"column":13}},"67":{"start":{"line":68,"column":0},"end":{"line":68,"column":82}},"68":{"start":{"line":69,"column":0},"end":{"line":69,"column":27}},"69":{"start":{"line":70,"column":0},"end":{"line":70,"column":15}},"70":{"start":{"line":71,"column":0},"end":{"line":71,"column":23}},"71":{"start":{"line":72,"column":0},"end":{"line":72,"column":77}},"72":{"start":{"line":73,"column":0},"end":{"line":73,"column":58}},"73":{"start":{"line":74,"column":0},"end":{"line":74,"column":16}},"74":{"start":{"line":75,"column":0},"end":{"line":75,"column":12}},"75":{"start":{"line":76,"column":0},"end":{"line":76,"column":75}},"76":{"start":{"line":77,"column":0},"end":{"line":77,"column":64}},"77":{"start":{"line":78,"column":0},"end":{"line":78,"column":14}},"78":{"start":{"line":79,"column":0},"end":{"line":79,"column":14}},"79":{"start":{"line":80,"column":0},"end":{"line":80,"column":71}},"80":{"start":{"line":81,"column":0},"end":{"line":81,"column":18}},"81":{"start":{"line":82,"column":0},"end":{"line":82,"column":34}},"82":{"start":{"line":83,"column":0},"end":{"line":83,"column":32}},"83":{"start":{"line":84,"column":0},"end":{"line":84,"column":20}},"84":{"start":{"line":85,"column":0},"end":{"line":85,"column":35}},"85":{"start":{"line":86,"column":0},"end":{"line":86,"column":60}},"86":{"start":{"line":87,"column":0},"end":{"line":87,"column":28}},"87":{"start":{"line":88,"column":0},"end":{"line":88,"column":29}},"88":{"start":{"line":89,"column":0},"end":{"line":89,"column":30}},"89":{"start":{"line":90,"column":0},"end":{"line":90,"column":30}},"90":{"start":{"line":91,"column":0},"end":{"line":91,"column":59}},"91":{"start":{"line":92,"column":0},"end":{"line":92,"column":14}},"92":{"start":{"line":93,"column":0},"end":{"line":93,"column":11}},"93":{"start":{"line":94,"column":0},"end":{"line":94,"column":60}},"94":{"start":{"line":95,"column":0},"end":{"line":95,"column":19}},"95":{"start":{"line":96,"column":0},"end":{"line":96,"column":18}},"96":{"start":{"line":97,"column":0},"end":{"line":97,"column":37}},"97":{"start":{"line":98,"column":0},"end":{"line":98,"column":20}},"98":{"start":{"line":99,"column":0},"end":{"line":99,"column":35}},"99":{"start":{"line":100,"column":0},"end":{"line":100,"column":36}},"100":{"start":{"line":101,"column":0},"end":{"line":101,"column":31}},"101":{"start":{"line":102,"column":0},"end":{"line":102,"column":42}},"102":{"start":{"line":103,"column":0},"end":{"line":103,"column":30}},"103":{"start":{"line":104,"column":0},"end":{"line":104,"column":30}},"104":{"start":{"line":105,"column":0},"end":{"line":105,"column":31}},"105":{"start":{"line":106,"column":0},"end":{"line":106,"column":14}},"106":{"start":{"line":107,"column":0},"end":{"line":107,"column":11}},"107":{"start":{"line":108,"column":0},"end":{"line":108,"column":18}},"108":{"start":{"line":109,"column":0},"end":{"line":109,"column":19}},"109":{"start":{"line":110,"column":0},"end":{"line":110,"column":13}},"110":{"start":{"line":111,"column":0},"end":{"line":111,"column":30}},"111":{"start":{"line":112,"column":0},"end":{"line":112,"column":28}},"112":{"start":{"line":113,"column":0},"end":{"line":113,"column":28}},"113":{"start":{"line":114,"column":0},"end":{"line":114,"column":20}},"114":{"start":{"line":115,"column":0},"end":{"line":115,"column":35}},"115":{"start":{"line":116,"column":0},"end":{"line":116,"column":36}},"116":{"start":{"line":117,"column":0},"end":{"line":117,"column":31}},"117":{"start":{"line":118,"column":0},"end":{"line":118,"column":42}},"118":{"start":{"line":119,"column":0},"end":{"line":119,"column":30}},"119":{"start":{"line":120,"column":0},"end":{"line":120,"column":30}},"120":{"start":{"line":121,"column":0},"end":{"line":121,"column":36}},"121":{"start":{"line":122,"column":0},"end":{"line":122,"column":14}},"122":{"start":{"line":123,"column":0},"end":{"line":123,"column":11}},"123":{"start":{"line":124,"column":0},"end":{"line":124,"column":22}},"124":{"start":{"line":125,"column":0},"end":{"line":125,"column":14}},"125":{"start":{"line":126,"column":0},"end":{"line":126,"column":14}},"126":{"start":{"line":127,"column":0},"end":{"line":127,"column":15}},"127":{"start":{"line":128,"column":0},"end":{"line":128,"column":0}},"128":{"start":{"line":129,"column":0},"end":{"line":129,"column":29}},"129":{"start":{"line":130,"column":0},"end":{"line":130,"column":19}},"130":{"start":{"line":131,"column":0},"end":{"line":131,"column":95}},"131":{"start":{"line":132,"column":0},"end":{"line":132,"column":80}},"132":{"start":{"line":133,"column":0},"end":{"line":133,"column":14}},"133":{"start":{"line":134,"column":0},"end":{"line":134,"column":8}},"134":{"start":{"line":135,"column":0},"end":{"line":135,"column":15}},"135":{"start":{"line":136,"column":0},"end":{"line":136,"column":95}},"136":{"start":{"line":137,"column":0},"end":{"line":137,"column":69}},"137":{"start":{"line":138,"column":0},"end":{"line":138,"column":14}},"138":{"start":{"line":139,"column":0},"end":{"line":139,"column":8}},"139":{"start":{"line":140,"column":0},"end":{"line":140,"column":32}},"140":{"start":{"line":141,"column":0},"end":{"line":141,"column":95}},"141":{"start":{"line":142,"column":0},"end":{"line":142,"column":53}},"142":{"start":{"line":143,"column":0},"end":{"line":143,"column":131}},"143":{"start":{"line":144,"column":0},"end":{"line":144,"column":14}},"144":{"start":{"line":145,"column":0},"end":{"line":145,"column":14}},"145":{"start":{"line":146,"column":0},"end":{"line":146,"column":8}},"146":{"start":{"line":147,"column":0},"end":{"line":147,"column":0}},"147":{"start":{"line":148,"column":0},"end":{"line":148,"column":43}},"148":{"start":{"line":149,"column":0},"end":{"line":149,"column":19}},"149":{"start":{"line":150,"column":0},"end":{"line":150,"column":46}},"150":{"start":{"line":151,"column":0},"end":{"line":151,"column":28}},"151":{"start":{"line":152,"column":0},"end":{"line":152,"column":31}},"152":{"start":{"line":153,"column":0},"end":{"line":153,"column":33}},"153":{"start":{"line":154,"column":0},"end":{"line":154,"column":34}},"154":{"start":{"line":155,"column":0},"end":{"line":155,"column":28}},"155":{"start":{"line":156,"column":0},"end":{"line":156,"column":28}},"156":{"start":{"line":157,"column":0},"end":{"line":157,"column":28}},"157":{"start":{"line":158,"column":0},"end":{"line":158,"column":13}},"158":{"start":{"line":159,"column":0},"end":{"line":159,"column":33}},"159":{"start":{"line":160,"column":0},"end":{"line":160,"column":20}},"160":{"start":{"line":161,"column":0},"end":{"line":161,"column":24}},"161":{"start":{"line":162,"column":0},"end":{"line":162,"column":35}},"162":{"start":{"line":163,"column":0},"end":{"line":163,"column":25}},"163":{"start":{"line":164,"column":0},"end":{"line":164,"column":40}},"164":{"start":{"line":165,"column":0},"end":{"line":165,"column":29}},"165":{"start":{"line":166,"column":0},"end":{"line":166,"column":24}},"166":{"start":{"line":167,"column":0},"end":{"line":167,"column":13}},"167":{"start":{"line":168,"column":0},"end":{"line":168,"column":46}},"168":{"start":{"line":169,"column":0},"end":{"line":169,"column":16}},"169":{"start":{"line":170,"column":0},"end":{"line":170,"column":18}},"170":{"start":{"line":171,"column":0},"end":{"line":171,"column":8}},"171":{"start":{"line":172,"column":0},"end":{"line":172,"column":0}},"172":{"start":{"line":173,"column":0},"end":{"line":173,"column":36}},"173":{"start":{"line":174,"column":0},"end":{"line":174,"column":55}},"174":{"start":{"line":175,"column":0},"end":{"line":175,"column":63}},"175":{"start":{"line":176,"column":0},"end":{"line":176,"column":54}},"176":{"start":{"line":177,"column":0},"end":{"line":177,"column":57}},"177":{"start":{"line":178,"column":0},"end":{"line":178,"column":59}},"178":{"start":{"line":179,"column":0},"end":{"line":179,"column":54}},"179":{"start":{"line":180,"column":0},"end":{"line":180,"column":11}},"180":{"start":{"line":181,"column":0},"end":{"line":181,"column":4}},"181":{"start":{"line":182,"column":0},"end":{"line":182,"column":1}}},"s":{"0":1,"1":1,"2":1,"3":1,"4":1,"5":1,"6":1,"7":1,"8":1,"9":1,"10":1,"11":1,"12":1,"13":1,"14":1,"15":1,"16":1,"17":39,"18":39,"19":39,"20":39,"21":39,"22":39,"23":39,"24":39,"25":15,"26":15,"27":15,"28":15,"29":13,"30":15,"31":1,"32":15,"33":15,"34":15,"35":15,"36":39,"37":39,"38":2,"39":2,"40":2,"41":1,"42":2,"43":0,"44":2,"45":1,"46":1,"47":2,"48":39,"49":39,"50":39,"51":39,"52":39,"53":39,"54":39,"55":39,"56":39,"57":39,"58":39,"59":39,"60":39,"61":39,"62":39,"63":39,"64":39,"65":39,"66":39,"67":39,"68":39,"69":39,"70":39,"71":23,"72":23,"73":23,"74":39,"75":39,"76":39,"77":39,"78":39,"79":39,"80":39,"81":39,"82":39,"83":39,"84":39,"85":39,"86":39,"87":39,"88":39,"89":39,"90":39,"91":39,"92":39,"93":39,"94":39,"95":39,"96":39,"97":39,"98":39,"99":39,"100":39,"101":39,"102":39,"103":39,"104":39,"105":39,"106":39,"107":39,"108":39,"109":39,"110":39,"111":39,"112":39,"113":39,"114":39,"115":39,"116":39,"117":39,"118":39,"119":39,"120":39,"121":39,"122":39,"123":39,"124":39,"125":39,"126":39,"127":39,"128":39,"129":39,"130":15,"131":15,"132":15,"133":39,"134":39,"135":1,"136":1,"137":1,"138":39,"139":39,"140":2,"141":2,"142":2,"143":2,"144":2,"145":39,"146":39,"147":39,"148":39,"149":23,"150":23,"151":23,"152":23,"153":23,"154":23,"155":23,"156":23,"157":23,"158":23,"159":23,"160":23,"161":23,"162":23,"163":23,"164":23,"165":23,"166":23,"167":23,"168":23,"169":23,"170":39,"171":39,"172":39,"173":39,"174":39,"175":39,"176":39,"177":39,"178":39,"179":39,"180":39,"181":39},"branchMap":{"0":{"type":"branch","line":18,"loc":{"start":{"line":18,"column":0},"end":{"line":182,"column":1}},"locations":[{"start":{"line":18,"column":0},"end":{"line":182,"column":1}}]},"1":{"type":"branch","line":71,"loc":{"start":{"line":71,"column":11},"end":{"line":74,"column":16}},"locations":[{"start":{"line":71,"column":11},"end":{"line":74,"column":16}}]},"2":{"type":"branch","line":73,"loc":{"start":{"line":73,"column":34},"end":{"line":73,"column":58}},"locations":[{"start":{"line":73,"column":34},"end":{"line":73,"column":58}}]},"3":{"type":"branch","line":86,"loc":{"start":{"line":86,"column":26},"end":{"line":86,"column":50}},"locations":[{"start":{"line":86,"column":26},"end":{"line":86,"column":50}}]},"4":{"type":"branch","line":86,"loc":{"start":{"line":86,"column":38},"end":{"line":86,"column":60}},"locations":[{"start":{"line":86,"column":38},"end":{"line":86,"column":60}}]},"5":{"type":"branch","line":91,"loc":{"start":{"line":91,"column":22},"end":{"line":91,"column":50}},"locations":[{"start":{"line":91,"column":22},"end":{"line":91,"column":50}}]},"6":{"type":"branch","line":91,"loc":{"start":{"line":91,"column":34},"end":{"line":91,"column":59}},"locations":[{"start":{"line":91,"column":34},"end":{"line":91,"column":59}}]},"7":{"type":"branch","line":94,"loc":{"start":{"line":94,"column":13},"end":{"line":94,"column":42}},"locations":[{"start":{"line":94,"column":13},"end":{"line":94,"column":42}}]},"8":{"type":"branch","line":94,"loc":{"start":{"line":94,"column":25},"end":{"line":94,"column":60}},"locations":[{"start":{"line":94,"column":25},"end":{"line":94,"column":60}}]},"9":{"type":"branch","line":130,"loc":{"start":{"line":130,"column":7},"end":{"line":133,"column":14}},"locations":[{"start":{"line":130,"column":7},"end":{"line":133,"column":14}}]},"10":{"type":"branch","line":135,"loc":{"start":{"line":135,"column":7},"end":{"line":138,"column":14}},"locations":[{"start":{"line":135,"column":7},"end":{"line":138,"column":14}}]},"11":{"type":"branch","line":140,"loc":{"start":{"line":140,"column":8},"end":{"line":140,"column":32}},"locations":[{"start":{"line":140,"column":8},"end":{"line":140,"column":32}}]},"12":{"type":"branch","line":140,"loc":{"start":{"line":140,"column":20},"end":{"line":145,"column":14}},"locations":[{"start":{"line":140,"column":20},"end":{"line":145,"column":14}}]},"13":{"type":"branch","line":149,"loc":{"start":{"line":149,"column":7},"end":{"line":170,"column":18}},"locations":[{"start":{"line":149,"column":7},"end":{"line":170,"column":18}}]},"14":{"type":"branch","line":25,"loc":{"start":{"line":25,"column":18},"end":{"line":36,"column":4}},"locations":[{"start":{"line":25,"column":18},"end":{"line":36,"column":4}}]},"15":{"type":"branch","line":28,"loc":{"start":{"line":28,"column":68},"end":{"line":29,"column":36}},"locations":[{"start":{"line":28,"column":68},"end":{"line":29,"column":36}}]},"16":{"type":"branch","line":29,"loc":{"start":{"line":29,"column":30},"end":{"line":29,"column":43}},"locations":[{"start":{"line":29,"column":30},"end":{"line":29,"column":43}}]},"17":{"type":"branch","line":29,"loc":{"start":{"line":29,"column":36},"end":{"line":31,"column":13}},"locations":[{"start":{"line":29,"column":36},"end":{"line":31,"column":13}}]},"18":{"type":"branch","line":31,"loc":{"start":{"line":31,"column":4},"end":{"line":33,"column":6}},"locations":[{"start":{"line":31,"column":4},"end":{"line":33,"column":6}}]},"19":{"type":"branch","line":32,"loc":{"start":{"line":32,"column":36},"end":{"line":32,"column":55}},"locations":[{"start":{"line":32,"column":36},"end":{"line":32,"column":55}}]},"20":{"type":"branch","line":38,"loc":{"start":{"line":38,"column":23},"end":{"line":48,"column":4}},"locations":[{"start":{"line":38,"column":23},"end":{"line":48,"column":4}}]},"21":{"type":"branch","line":41,"loc":{"start":{"line":41,"column":85},"end":{"line":43,"column":13}},"locations":[{"start":{"line":41,"column":85},"end":{"line":43,"column":13}}]},"22":{"type":"branch","line":43,"loc":{"start":{"line":43,"column":4},"end":{"line":45,"column":6}},"locations":[{"start":{"line":43,"column":4},"end":{"line":45,"column":6}}]},"23":{"type":"branch","line":45,"loc":{"start":{"line":45,"column":4},"end":{"line":47,"column":5}},"locations":[{"start":{"line":45,"column":4},"end":{"line":47,"column":5}}]},"24":{"type":"branch","line":50,"loc":{"start":{"line":50,"column":12},"end":{"line":50,"column":34}},"locations":[{"start":{"line":50,"column":12},"end":{"line":50,"column":34}}]},"25":{"type":"branch","line":97,"loc":{"start":{"line":97,"column":21},"end":{"line":97,"column":37}},"locations":[{"start":{"line":97,"column":21},"end":{"line":97,"column":37}}]}},"b":{"0":[39],"1":[23],"2":[0],"3":[2],"4":[37],"5":[2],"6":[37],"7":[2],"8":[37],"9":[15],"10":[1],"11":[24],"12":[2],"13":[23],"14":[15],"15":[14],"16":[1],"17":[13],"18":[1],"19":[0],"20":[2],"21":[1],"22":[0],"23":[1],"24":[14],"25":[1]},"fnMap":{"0":{"name":"Company","decl":{"start":{"line":18,"column":0},"end":{"line":182,"column":1}},"loc":{"start":{"line":18,"column":0},"end":{"line":182,"column":1}},"line":18},"1":{"name":"loadAll","decl":{"start":{"line":25,"column":18},"end":{"line":36,"column":4}},"loc":{"start":{"line":25,"column":18},"end":{"line":36,"column":4}},"line":25},"2":{"name":"handleIngest","decl":{"start":{"line":38,"column":23},"end":{"line":48,"column":4}},"loc":{"start":{"line":38,"column":23},"end":{"line":48,"column":4}},"line":38},"3":{"name":"onClick","decl":{"start":{"line":97,"column":21},"end":{"line":97,"column":37}},"loc":{"start":{"line":97,"column":21},"end":{"line":97,"column":37}},"line":97}},"f":{"0":39,"1":15,"2":2,"3":1}}
,"/Users/rahmathu/Documents/personal_projects/common-investor-ai/common-investor/ui/components/AlertsPanel.tsx": {"path":"/Users/rahmathu/Documents/personal_projects/common-investor-ai/common-investor/ui/components/AlertsPanel.tsx","all":false,"statementMap":{"0":{"start":{"line":1,"column":0},"end":{"line":1,"column":13}},"1":{"start":{"line":2,"column":0},"end":{"line":2,"column":44}},"2":{"start":{"line":3,"column":0},"end":{"line":3,"column":0}},"3":{"start":{"line":4,"column":0},"end":{"line":4,"column":17}},"4":{"start":{"line":5,"column":0},"end":{"line":5,"column":13}},"5":{"start":{"line":6,"column":0},"end":{"line":6,"column":20}},"6":{"start":{"line":7,"column":0},"end":{"line":7,"column":27}},"7":{"start":{"line":8,"column":0},"end":{"line":8,"column":19}},"8":{"start":{"line":9,"column":0},"end":{"line":9,"column":1}},"9":{"start":{"line":10,"column":0},"end":{"line":10,"column":0}},"10":{"start":{"line":11,"column":0},"end":{"line":11,"column":83}},"11":{"start":{"line":12,"column":0},"end":{"line":12,"column":52}},"12":{"start":{"line":13,"column":0},"end":{"line":13,"column":45}},"13":{"start":{"line":14,"column":0},"end":{"line":14,"column":9}},"14":{"start":{"line":15,"column":0},"end":{"line":15,"column":72}},"15":{"start":{"line":16,"column":0},"end":{"line":16,"column":58}},"16":{"start":{"line":17,"column":0},"end":{"line":17,"column":26}},"17":{"start":{"line":18,"column":0},"end":{"line":18,"column":90}},"18":{"start":{"line":19,"column":0},"end":{"line":19,"column":5}},"19":{"start":{"line":20,"column":0},"end":{"line":20,"column":4}},"20":{"start":{"line":21,"column":0},"end":{"line":21,"column":46}},"21":{"start":{"line":22,"column":0},"end":{"line":22,"column":0}},"22":{"start":{"line":23,"column":0},"end":{"line":23,"column":58}},"23":{"start":{"line":24,"column":0},"end":{"line":24,"column":9}},"24":{"start":{"line":25,"column":0},"end":{"line":25,"column":178}},"25":{"start":{"line":26,"column":0},"end":{"line":26,"column":21}},"26":{"start":{"line":27,"column":0},"end":{"line":27,"column":26}},"27":{"start":{"line":28,"column":0},"end":{"line":28,"column":91}},"28":{"start":{"line":29,"column":0},"end":{"line":29,"column":5}},"29":{"start":{"line":30,"column":0},"end":{"line":30,"column":4}},"30":{"start":{"line":31,"column":0},"end":{"line":31,"column":59}},"31":{"start":{"line":32,"column":0},"end":{"line":32,"column":43}},"32":{"start":{"line":33,"column":0},"end":{"line":33,"column":21}},"33":{"start":{"line":34,"column":0},"end":{"line":34,"column":9}},"34":{"start":{"line":35,"column":0},"end":{"line":35,"column":208}},"35":{"start":{"line":36,"column":0},"end":{"line":36,"column":21}},"36":{"start":{"line":37,"column":0},"end":{"line":37,"column":26}},"37":{"start":{"line":38,"column":0},"end":{"line":38,"column":91}},"38":{"start":{"line":39,"column":0},"end":{"line":39,"column":5}},"39":{"start":{"line":40,"column":0},"end":{"line":40,"column":4}},"40":{"start":{"line":41,"column":0},"end":{"line":41,"column":76}},"41":{"start":{"line":42,"column":0},"end":{"line":42,"column":9}},"42":{"start":{"line":43,"column":0},"end":{"line":43,"column":148}},"43":{"start":{"line":44,"column":0},"end":{"line":44,"column":21}},"44":{"start":{"line":45,"column":0},"end":{"line":45,"column":26}},"45":{"start":{"line":46,"column":0},"end":{"line":46,"column":91}},"46":{"start":{"line":47,"column":0},"end":{"line":47,"column":5}},"47":{"start":{"line":48,"column":0},"end":{"line":48,"column":4}},"48":{"start":{"line":49,"column":0},"end":{"line":49,"column":59}},"49":{"start":{"line":50,"column":0},"end":{"line":50,"column":9}},"50":{"start":{"line":51,"column":0},"end":{"line":51,"column":69}},"51":{"start":{"line":52,"column":0},"end":{"line":52,"column":21}},"52":{"start":{"line":53,"column":0},"end":{"line":53,"column":26}},"53":{"start":{"line":54,"column":0},"end":{"line":54,"column":91}},"54":{"start":{"line":55,"column":0},"end":{"line":55,"column":5}},"55":{"start":{"line":56,"column":0},"end":{"line":56,"column":4}},"56":{"start":{"line":57,"column":0},"end":{"line":57,"column":10}},"57":{"start":{"line":58,"column":0},"end":{"line":58,"column":39}},"58":{"start":{"line":59,"column":0},"end":{"line":59,"column":21}},"59":{"start":{"line":60,"column":0},"end":{"line":60,"column":46}},"60":{"start":{"line":61,"column":0},"end":{"line":61,"column":74}},"61":{"start":{"line":62,"column":0},"end":{"line":62,"column":81}},"62":{"start":{"line":63,"column":0},"end":{"line":63,"column":12}},"63":{"start":{"line":64,"column":0},"end":{"line":64,"column":80}},"64":{"start":{"line":65,"column":0},"end":{"line":65,"column":15}},"65":{"start":{"line":66,"column":0},"end":{"line":66,"column":14}},"66":{"start":{"line":67,"column":0},"end":{"line":67,"column":94}},"67":{"start":{"line":68,"column":0},"end":{"line":68,"column":96}},"68":{"start":{"line":69,"column":0},"end":{"line":69,"column":101}},"69":{"start":{"line":70,"column":0},"end":{"line":70,"column":99}},"70":{"start":{"line":71,"column":0},"end":{"line":71,"column":99}},"71":{"start":{"line":72,"column":0},"end":{"line":72,"column":15}},"72":{"start":{"line":73,"column":0},"end":{"line":73,"column":16}},"73":{"start":{"line":74,"column":0},"end":{"line":74,"column":15}},"74":{"start":{"line":75,"column":0},"end":{"line":75,"column":36}},"75":{"start":{"line":76,"column":0},"end":{"line":76,"column":27}},"76":{"start":{"line":77,"column":0},"end":{"line":77,"column":51}},"77":{"start":{"line":78,"column":0},"end":{"line":78,"column":58}},"78":{"start":{"line":79,"column":0},"end":{"line":79,"column":65}},"79":{"start":{"line":80,"column":0},"end":{"line":80,"column":64}},"80":{"start":{"line":81,"column":0},"end":{"line":81,"column":40}},"81":{"start":{"line":82,"column":0},"end":{"line":82,"column":109}},"82":{"start":{"line":83,"column":0},"end":{"line":83,"column":97}},"83":{"start":{"line":84,"column":0},"end":{"line":84,"column":19}},"84":{"start":{"line":85,"column":0},"end":{"line":85,"column":17}},"85":{"start":{"line":86,"column":0},"end":{"line":86,"column":13}},"86":{"start":{"line":87,"column":0},"end":{"line":87,"column":16}},"87":{"start":{"line":88,"column":0},"end":{"line":88,"column":14}},"88":{"start":{"line":89,"column":0},"end":{"line":89,"column":14}},"89":{"start":{"line":90,"column":0},"end":{"line":90,"column":3}},"90":{"start":{"line":91,"column":0},"end":{"line":91,"column":1}}},"s":{"0":1,"1":1,"2":1,"3":1,"4":1,"5":1,"6":1,"7":1,"8":1,"9":1,"10":53,"11":53,"12":53,"13":31,"14":31,"15":31,"16":31,"17":1,"18":1,"19":31,"20":53,"21":53,"22":53,"23":2,"24":2,"25":1,"26":1,"27":1,"28":1,"29":2,"30":53,"31":3,"32":3,"33":2,"34":2,"35":1,"36":1,"37":1,"38":1,"39":3,"40":53,"41":3,"42":3,"43":2,"44":3,"45":1,"46":1,"47":3,"48":53,"49":2,"50":2,"51":1,"52":1,"53":1,"54":1,"55":2,"56":53,"57":53,"58":53,"59":53,"60":53,"61":53,"62":53,"63":53,"64":53,"65":53,"66":53,"67":53,"68":53,"69":53,"70":53,"71":53,"72":53,"73":53,"74":53,"75":16,"76":16,"77":16,"78":16,"79":16,"80":16,"81":16,"82":16,"83":16,"84":16,"85":53,"86":53,"87":53,"88":53,"89":53,"90":53},"branchMap":{"0":{"type":"branch","line":11,"loc":{"start":{"line":11,"column":0},"end":{"line":91,"column":1}},"locations":[{"start":{"line":11,"column":0},"end":{"line":91,"column":1}}]},"1":{"type":"branch","line":13,"loc":{"start":{"line":13,"column":17},"end":{"line":20,"column":4}},"locations":[{"start":{"line":13,"column":17},"end":{"line":20,"column":4}}]},"2":{"type":"branch","line":15,"loc":{"start":{"line":15,"column":70},"end":{"line":16,"column":35}},"locations":[{"start":{"line":15,"column":70},"end":{"line":16,"column":35}}]},"3":{"type":"branch","line":16,"loc":{"start":{"line":16,"column":29},"end":{"line":16,"column":54}},"locations":[{"start":{"line":16,"column":29},"end":{"line":16,"column":54}}]},"4":{"type":"branch","line":16,"loc":{"start":{"line":16,"column":50},"end":{"line":16,"column":56}},"locations":[{"start":{"line":16,"column":50},"end":{"line":16,"column":56}}]},"5":{"type":"branch","line":17,"loc":{"start":{"line":17,"column":4},"end":{"line":19,"column":5}},"locations":[{"start":{"line":17,"column":4},"end":{"line":19,"column":5}}]},"6":{"type":"branch","line":18,"loc":{"start":{"line":18,"column":69},"end":{"line":18,"column":88}},"locations":[{"start":{"line":18,"column":69},"end":{"line":18,"column":88}}]},"7":{"type":"branch","line":21,"loc":{"start":{"line":21,"column":12},"end":{"line":21,"column":31}},"locations":[{"start":{"line":21,"column":12},"end":{"line":21,"column":31}}]},"8":{"type":"branch","line":23,"loc":{"start":{"line":23,"column":30},"end":{"line":30,"column":4}},"locations":[{"start":{"line":23,"column":30},"end":{"line":30,"column":4}}]},"9":{"type":"branch","line":25,"loc":{"start":{"line":25,"column":176},"end":{"line":29,"column":5}},"locations":[{"start":{"line":25,"column":176},"end":{"line":29,"column":5}}]},"10":{"type":"branch","line":28,"loc":{"start":{"line":28,"column":70},"end":{"line":28,"column":89}},"locations":[{"start":{"line":28,"column":70},"end":{"line":28,"column":89}}]},"11":{"type":"branch","line":31,"loc":{"start":{"line":31,"column":31},"end":{"line":40,"column":4}},"locations":[{"start":{"line":31,"column":31},"end":{"line":40,"column":4}}]},"12":{"type":"branch","line":33,"loc":{"start":{"line":33,"column":14},"end":{"line":33,"column":21}},"locations":[{"start":{"line":33,"column":14},"end":{"line":33,"column":21}}]},"13":{"type":"branch","line":33,"loc":{"start":{"line":33,"column":14},"end":{"line":35,"column":208}},"locations":[{"start":{"line":33,"column":14},"end":{"line":35,"column":208}}]},"14":{"type":"branch","line":35,"loc":{"start":{"line":35,"column":206},"end":{"line":39,"column":5}},"locations":[{"start":{"line":35,"column":206},"end":{"line":39,"column":5}}]},"15":{"type":"branch","line":38,"loc":{"start":{"line":38,"column":70},"end":{"line":38,"column":89}},"locations":[{"start":{"line":38,"column":70},"end":{"line":38,"column":89}}]},"16":{"type":"branch","line":41,"loc":{"start":{"line":41,"column":22},"end":{"line":48,"column":4}},"locations":[{"start":{"line":41,"column":22},"end":{"line":48,"column":4}}]},"17":{"type":"branch","line":43,"loc":{"start":{"line":43,"column":146},"end":{"line":45,"column":13}},"locations":[{"start":{"line":43,"column":146},"end":{"line":45,"column":13}}]},"18":{"type":"branch","line":45,"loc":{"start":{"line":45,"column":4},"end":{"line":47,"column":5}},"locations":[{"start":{"line":45,"column":4},"end":{"line":47,"column":5}}]},"19":{"type":"branch","line":46,"loc":{"start":{"line":46,"column":70},"end":{"line":46,"column":89}},"locations":[{"start":{"line":46,"column":70},"end":{"line":46,"column":89}}]},"20":{"type":"branch","line":49,"loc":{"start":{"line":49,"column":22},"end":{"line":56,"column":4}},"locations":[{"start":{"line":49,"column":22},"end":{"line":56,"column":4}}]},"21":{"type":"branch","line":51,"loc":{"start":{"line":51,"column":67},"end":{"line":55,"column":5}},"locations":[{"start":{"line":51,"column":67},"end":{"line":55,"column":5}}]},"22":{"type":"branch","line":54,"loc":{"start":{"line":54,"column":70},"end":{"line":54,"column":89}},"locations":[{"start":{"line":54,"column":70},"end":{"line":54,"column":89}}]},"23":{"type":"branch","line":75,"loc":{"start":{"line":75,"column":22},"end":{"line":85,"column":17}},"locations":[{"start":{"line":75,"column":22},"end":{"line":85,"column":17}}]},"24":{"type":"branch","line":79,"loc":{"start":{"line":79,"column":43},"end":{"line":79,"column":60}},"locations":[{"start":{"line":79,"column":43},"end":{"line":79,"column":60}}]},"25":{"type":"branch","line":82,"loc":{"start":{"line":82,"column":71},"end":{"line":82,"column":91}},"locations":[{"start":{"line":82,"column":71},"end":{"line":82,"column":91}}]},"26":{"type":"branch","line":82,"loc":{"start":{"line":82,"column":81},"end":{"line":82,"column":100}},"locations":[{"start":{"line":82,"column":81},"end":{"line":82,"column":100}}]},"27":{"type":"branch","line":82,"loc":{"start":{"line":82,"column":33},"end":{"line":82,"column":69}},"locations":[{"start":{"line":82,"column":33},"end":{"line":82,"column":69}}]},"28":{"type":"branch","line":83,"loc":{"start":{"line":83,"column":33},"end":{"line":83,"column":56}},"locations":[{"start":{"line":83,"column":33},"end":{"line":83,"column":56}}]}},"b":{"0":[53],"1":[31],"2":[30],"3":[29],"4":[1],"5":[1],"6":[0],"7":[26],"8":[2],"9":[1],"10":[0],"11":[3],"12":[1],"13":[2],"14":[1],"15":[0],"16":[3],"17":[2],"18":[1],"19":[0],"20":[2],"21":[1],"22":[0],"23":[16],"24":[12],"25":[10],"26":[6],"27":[3],"28":[2]},"fnMap":{"0":{"name":"AlertsPanel","decl":{"start":{"line":11,"column":0},"end":{"line":91,"column":1}},"loc":{"start":{"line":11,"column":0},"end":{"line":91,"column":1}},"line":11},"1":{"name":"reload","decl":{"start":{"line":13,"column":17},"end":{"line":20,"column":4}},"loc":{"start":{"line":13,"column":17},"end":{"line":20,"column":4}},"line":13},"2":{"name":"createPriceBelowMOS","decl":{"start":{"line":23,"column":30},"end":{"line":30,"column":4}},"loc":{"start":{"line":23,"column":30},"end":{"line":30,"column":4}},"line":23},"3":{"name":"createBelowThreshold","decl":{"start":{"line":31,"column":31},"end":{"line":40,"column":4}},"loc":{"start":{"line":31,"column":31},"end":{"line":40,"column":4}},"line":31},"4":{"name":"toggleAlert","decl":{"start":{"line":41,"column":22},"end":{"line":48,"column":4}},"loc":{"start":{"line":41,"column":22},"end":{"line":48,"column":4}},"line":41},"5":{"name":"deleteAlert","decl":{"start":{"line":49,"column":22},"end":{"line":56,"column":4}},"loc":{"start":{"line":49,"column":22},"end":{"line":56,"column":4}},"line":49},"6":{"name":"onClick","decl":{"start":{"line":82,"column":33},"end":{"line":82,"column":69}},"loc":{"start":{"line":82,"column":33},"end":{"line":82,"column":69}},"line":82},"7":{"name":"onClick","decl":{"start":{"line":83,"column":33},"end":{"line":83,"column":56}},"loc":{"start":{"line":83,"column":33},"end":{"line":83,"column":56}},"line":83}},"f":{"0":53,"1":31,"2":2,"3":3,"4":3,"5":2,"6":3,"7":2}}
,"/Users/rahmathu/Documents/personal_projects/common-investor-ai/common-investor/ui/components/BigFivePanel.tsx": {"path":"/Users/rahmathu/Documents/personal_projects/common-investor-ai/common-investor/ui/components/BigFivePanel.tsx","all":false,"statementMap":{"0":{"start":{"line":1,"column":0},"end":{"line":1,"column":13}},"1":{"start":{"line":2,"column":0},"end":{"line":2,"column":44}},"2":{"start":{"line":3,"column":0},"end":{"line":3,"column":0}},"3":{"start":{"line":4,"column":0},"end":{"line":4,"column":64}},"4":{"start":{"line":5,"column":0},"end":{"line":5,"column":25}},"5":{"start":{"line":6,"column":0},"end":{"line":6,"column":35}},"6":{"start":{"line":7,"column":0},"end":{"line":7,"column":17}},"7":{"start":{"line":8,"column":0},"end":{"line":8,"column":23}},"8":{"start":{"line":9,"column":0},"end":{"line":9,"column":63}},"9":{"start":{"line":10,"column":0},"end":{"line":10,"column":46}},"10":{"start":{"line":11,"column":0},"end":{"line":11,"column":76}},"11":{"start":{"line":12,"column":0},"end":{"line":12,"column":3}},"12":{"start":{"line":13,"column":0},"end":{"line":13,"column":2}},"13":{"start":{"line":14,"column":0},"end":{"line":14,"column":65}},"14":{"start":{"line":15,"column":0},"end":{"line":15,"column":2}},"15":{"start":{"line":16,"column":0},"end":{"line":16,"column":94}},"16":{"start":{"line":17,"column":0},"end":{"line":17,"column":89}},"17":{"start":{"line":18,"column":0},"end":{"line":18,"column":89}},"18":{"start":{"line":19,"column":0},"end":{"line":19,"column":89}},"19":{"start":{"line":20,"column":0},"end":{"line":20,"column":71}},"20":{"start":{"line":21,"column":0},"end":{"line":21,"column":1}},"21":{"start":{"line":22,"column":0},"end":{"line":22,"column":0}},"22":{"start":{"line":23,"column":0},"end":{"line":23,"column":20}},"23":{"start":{"line":24,"column":0},"end":{"line":24,"column":76}},"24":{"start":{"line":25,"column":0},"end":{"line":25,"column":58}},"25":{"start":{"line":26,"column":0},"end":{"line":26,"column":47}},"26":{"start":{"line":27,"column":0},"end":{"line":27,"column":1}},"27":{"start":{"line":28,"column":0},"end":{"line":28,"column":0}},"28":{"start":{"line":29,"column":0},"end":{"line":29,"column":38}},"29":{"start":{"line":30,"column":0},"end":{"line":30,"column":67}},"30":{"start":{"line":31,"column":0},"end":{"line":31,"column":58}},"31":{"start":{"line":32,"column":0},"end":{"line":32,"column":69}},"32":{"start":{"line":33,"column":0},"end":{"line":33,"column":69}},"33":{"start":{"line":34,"column":0},"end":{"line":34,"column":32}},"34":{"start":{"line":35,"column":0},"end":{"line":35,"column":1}},"35":{"start":{"line":36,"column":0},"end":{"line":36,"column":0}},"36":{"start":{"line":37,"column":0},"end":{"line":37,"column":25}},"37":{"start":{"line":38,"column":0},"end":{"line":38,"column":46}},"38":{"start":{"line":39,"column":0},"end":{"line":39,"column":10}},"39":{"start":{"line":40,"column":0},"end":{"line":40,"column":10}},"40":{"start":{"line":41,"column":0},"end":{"line":41,"column":18}},"41":{"start":{"line":42,"column":0},"end":{"line":42,"column":15}},"42":{"start":{"line":43,"column":0},"end":{"line":43,"column":31}},"43":{"start":{"line":44,"column":0},"end":{"line":44,"column":29}},"44":{"start":{"line":45,"column":0},"end":{"line":45,"column":33}},"45":{"start":{"line":46,"column":0},"end":{"line":46,"column":19}},"46":{"start":{"line":47,"column":0},"end":{"line":47,"column":20}},"47":{"start":{"line":48,"column":0},"end":{"line":48,"column":29}},"48":{"start":{"line":49,"column":0},"end":{"line":49,"column":31}},"49":{"start":{"line":50,"column":0},"end":{"line":50,"column":22}},"50":{"start":{"line":51,"column":0},"end":{"line":51,"column":21}},"51":{"start":{"line":52,"column":0},"end":{"line":52,"column":24}},"52":{"start":{"line":53,"column":0},"end":{"line":53,"column":22}},"53":{"start":{"line":54,"column":0},"end":{"line":54,"column":22}},"54":{"start":{"line":55,"column":0},"end":{"line":55,"column":8}},"55":{"start":{"line":56,"column":0},"end":{"line":56,"column":5}},"56":{"start":{"line":57,"column":0},"end":{"line":57,"column":7}},"57":{"start":{"line":58,"column":0},"end":{"line":58,"column":11}},"58":{"start":{"line":59,"column":0},"end":{"line":59,"column":4}},"59":{"start":{"line":60,"column":0},"end":{"line":60,"column":1}},"60":{"start":{"line":61,"column":0},"end":{"line":61,"column":0}},"61":{"start":{"line":62,"column":0},"end":{"line":62,"column":23}},"62":{"start":{"line":63,"column":0},"end":{"line":63,"column":22}},"63":{"start":{"line":64,"column":0},"end":{"line":64,"column":9}},"64":{"start":{"line":65,"column":0},"end":{"line":65,"column":8}},"65":{"start":{"line":66,"column":0},"end":{"line":66,"column":7}},"66":{"start":{"line":67,"column":0},"end":{"line":67,"column":14}},"67":{"start":{"line":68,"column":0},"end":{"line":68,"column":8}},"68":{"start":{"line":69,"column":0},"end":{"line":69,"column":17}},"69":{"start":{"line":70,"column":0},"end":{"line":70,"column":9}},"70":{"start":{"line":71,"column":0},"end":{"line":71,"column":14}},"71":{"start":{"line":72,"column":0},"end":{"line":72,"column":24}},"72":{"start":{"line":73,"column":0},"end":{"line":73,"column":8}},"73":{"start":{"line":74,"column":0},"end":{"line":74,"column":10}},"74":{"start":{"line":75,"column":0},"end":{"line":75,"column":4}},"75":{"start":{"line":76,"column":0},"end":{"line":76,"column":17}},"76":{"start":{"line":77,"column":0},"end":{"line":77,"column":16}},"77":{"start":{"line":78,"column":0},"end":{"line":78,"column":15}},"78":{"start":{"line":79,"column":0},"end":{"line":79,"column":22}},"79":{"start":{"line":80,"column":0},"end":{"line":80,"column":35}},"80":{"start":{"line":81,"column":0},"end":{"line":81,"column":25}},"81":{"start":{"line":82,"column":0},"end":{"line":82,"column":17}},"82":{"start":{"line":83,"column":0},"end":{"line":83,"column":22}},"83":{"start":{"line":84,"column":0},"end":{"line":84,"column":27}},"84":{"start":{"line":85,"column":0},"end":{"line":85,"column":43}},"85":{"start":{"line":86,"column":0},"end":{"line":86,"column":29}},"86":{"start":{"line":87,"column":0},"end":{"line":87,"column":4}},"87":{"start":{"line":88,"column":0},"end":{"line":88,"column":64}},"88":{"start":{"line":89,"column":0},"end":{"line":89,"column":2}},"89":{"start":{"line":90,"column":0},"end":{"line":90,"column":10}},"90":{"start":{"line":91,"column":0},"end":{"line":91,"column":17}},"91":{"start":{"line":92,"column":0},"end":{"line":92,"column":34}},"92":{"start":{"line":93,"column":0},"end":{"line":93,"column":23}},"93":{"start":{"line":94,"column":0},"end":{"line":94,"column":18}},"94":{"start":{"line":95,"column":0},"end":{"line":95,"column":25}},"95":{"start":{"line":96,"column":0},"end":{"line":96,"column":45}},"96":{"start":{"line":97,"column":0},"end":{"line":97,"column":27}},"97":{"start":{"line":98,"column":0},"end":{"line":98,"column":24}},"98":{"start":{"line":99,"column":0},"end":{"line":99,"column":7}},"99":{"start":{"line":100,"column":0},"end":{"line":100,"column":26}},"100":{"start":{"line":101,"column":0},"end":{"line":101,"column":19}},"101":{"start":{"line":102,"column":0},"end":{"line":102,"column":29}},"102":{"start":{"line":103,"column":0},"end":{"line":103,"column":16}},"103":{"start":{"line":104,"column":0},"end":{"line":104,"column":18}},"104":{"start":{"line":105,"column":0},"end":{"line":105,"column":18}},"105":{"start":{"line":106,"column":0},"end":{"line":106,"column":19}},"106":{"start":{"line":107,"column":0},"end":{"line":107,"column":28}},"107":{"start":{"line":108,"column":0},"end":{"line":108,"column":30}},"108":{"start":{"line":109,"column":0},"end":{"line":109,"column":24}},"109":{"start":{"line":110,"column":0},"end":{"line":110,"column":29}},"110":{"start":{"line":111,"column":0},"end":{"line":111,"column":33}},"111":{"start":{"line":112,"column":0},"end":{"line":112,"column":21}},"112":{"start":{"line":113,"column":0},"end":{"line":113,"column":24}},"113":{"start":{"line":114,"column":0},"end":{"line":114,"column":24}},"114":{"start":{"line":115,"column":0},"end":{"line":115,"column":9}},"115":{"start":{"line":116,"column":0},"end":{"line":116,"column":16}},"116":{"start":{"line":117,"column":0},"end":{"line":117,"column":12}},"117":{"start":{"line":118,"column":0},"end":{"line":118,"column":6}},"118":{"start":{"line":119,"column":0},"end":{"line":119,"column":20}},"119":{"start":{"line":120,"column":0},"end":{"line":120,"column":87}},"120":{"start":{"line":121,"column":0},"end":{"line":121,"column":52}},"121":{"start":{"line":122,"column":0},"end":{"line":122,"column":13}},"122":{"start":{"line":123,"column":0},"end":{"line":123,"column":94}},"123":{"start":{"line":124,"column":0},"end":{"line":124,"column":40}},"124":{"start":{"line":125,"column":0},"end":{"line":125,"column":14}},"125":{"start":{"line":126,"column":0},"end":{"line":126,"column":12}},"126":{"start":{"line":127,"column":0},"end":{"line":127,"column":6}},"127":{"start":{"line":128,"column":0},"end":{"line":128,"column":24}},"128":{"start":{"line":129,"column":0},"end":{"line":129,"column":40}},"129":{"start":{"line":130,"column":0},"end":{"line":130,"column":76}},"130":{"start":{"line":131,"column":0},"end":{"line":131,"column":26}},"131":{"start":{"line":132,"column":0},"end":{"line":132,"column":14}},"132":{"start":{"line":133,"column":0},"end":{"line":133,"column":22}},"133":{"start":{"line":134,"column":0},"end":{"line":134,"column":33}},"134":{"start":{"line":135,"column":0},"end":{"line":135,"column":31}},"135":{"start":{"line":136,"column":0},"end":{"line":136,"column":17}},"136":{"start":{"line":137,"column":0},"end":{"line":137,"column":30}},"137":{"start":{"line":138,"column":0},"end":{"line":138,"column":27}},"138":{"start":{"line":139,"column":0},"end":{"line":139,"column":32}},"139":{"start":{"line":140,"column":0},"end":{"line":140,"column":30}},"140":{"start":{"line":141,"column":0},"end":{"line":141,"column":23}},"141":{"start":{"line":142,"column":0},"end":{"line":142,"column":26}},"142":{"start":{"line":143,"column":0},"end":{"line":143,"column":22}},"143":{"start":{"line":144,"column":0},"end":{"line":144,"column":11}},"144":{"start":{"line":145,"column":0},"end":{"line":145,"column":36}},"145":{"start":{"line":146,"column":0},"end":{"line":146,"column":37}},"146":{"start":{"line":147,"column":0},"end":{"line":147,"column":14}},"147":{"start":{"line":148,"column":0},"end":{"line":148,"column":12}},"148":{"start":{"line":149,"column":0},"end":{"line":149,"column":6}},"149":{"start":{"line":150,"column":0},"end":{"line":150,"column":20}},"150":{"start":{"line":151,"column":0},"end":{"line":151,"column":19}},"151":{"start":{"line":152,"column":0},"end":{"line":152,"column":24}},"152":{"start":{"line":153,"column":0},"end":{"line":153,"column":40}},"153":{"start":{"line":154,"column":0},"end":{"line":154,"column":29}},"154":{"start":{"line":155,"column":0},"end":{"line":155,"column":28}},"155":{"start":{"line":156,"column":0},"end":{"line":156,"column":30}},"156":{"start":{"line":157,"column":0},"end":{"line":157,"column":24}},"157":{"start":{"line":158,"column":0},"end":{"line":158,"column":24}},"158":{"start":{"line":159,"column":0},"end":{"line":159,"column":9}},"159":{"start":{"line":160,"column":0},"end":{"line":160,"column":70}},"160":{"start":{"line":161,"column":0},"end":{"line":161,"column":94}},"161":{"start":{"line":162,"column":0},"end":{"line":162,"column":12}},"162":{"start":{"line":163,"column":0},"end":{"line":163,"column":6}},"163":{"start":{"line":164,"column":0},"end":{"line":164,"column":32}},"164":{"start":{"line":165,"column":0},"end":{"line":165,"column":17}},"165":{"start":{"line":166,"column":0},"end":{"line":166,"column":21}},"166":{"start":{"line":167,"column":0},"end":{"line":167,"column":26}},"167":{"start":{"line":168,"column":0},"end":{"line":168,"column":42}},"168":{"start":{"line":169,"column":0},"end":{"line":169,"column":31}},"169":{"start":{"line":170,"column":0},"end":{"line":170,"column":30}},"170":{"start":{"line":171,"column":0},"end":{"line":171,"column":32}},"171":{"start":{"line":172,"column":0},"end":{"line":172,"column":26}},"172":{"start":{"line":173,"column":0},"end":{"line":173,"column":26}},"173":{"start":{"line":174,"column":0},"end":{"line":174,"column":11}},"174":{"start":{"line":175,"column":0},"end":{"line":175,"column":79}},"175":{"start":{"line":176,"column":0},"end":{"line":176,"column":96}},"176":{"start":{"line":177,"column":0},"end":{"line":177,"column":14}},"177":{"start":{"line":178,"column":0},"end":{"line":178,"column":8}},"178":{"start":{"line":179,"column":0},"end":{"line":179,"column":6}},"179":{"start":{"line":180,"column":0},"end":{"line":180,"column":32}},"180":{"start":{"line":181,"column":0},"end":{"line":181,"column":16}},"181":{"start":{"line":182,"column":0},"end":{"line":182,"column":10}},"182":{"start":{"line":183,"column":0},"end":{"line":183,"column":4}},"183":{"start":{"line":184,"column":0},"end":{"line":184,"column":1}},"184":{"start":{"line":185,"column":0},"end":{"line":185,"column":0}},"185":{"start":{"line":186,"column":0},"end":{"line":186,"column":23}},"186":{"start":{"line":187,"column":0},"end":{"line":187,"column":20}},"187":{"start":{"line":188,"column":0},"end":{"line":188,"column":24}},"188":{"start":{"line":189,"column":0},"end":{"line":189,"column":23}},"189":{"start":{"line":190,"column":0},"end":{"line":190,"column":24}},"190":{"start":{"line":191,"column":0},"end":{"line":191,"column":23}},"191":{"start":{"line":192,"column":0},"end":{"line":192,"column":24}},"192":{"start":{"line":193,"column":0},"end":{"line":193,"column":26}},"193":{"start":{"line":194,"column":0},"end":{"line":194,"column":22}},"194":{"start":{"line":195,"column":0},"end":{"line":195,"column":22}},"195":{"start":{"line":196,"column":0},"end":{"line":196,"column":23}},"196":{"start":{"line":197,"column":0},"end":{"line":197,"column":26}},"197":{"start":{"line":198,"column":0},"end":{"line":198,"column":29}},"198":{"start":{"line":199,"column":0},"end":{"line":199,"column":22}},"199":{"start":{"line":200,"column":0},"end":{"line":200,"column":30}},"200":{"start":{"line":201,"column":0},"end":{"line":201,"column":34}},"201":{"start":{"line":202,"column":0},"end":{"line":202,"column":31}},"202":{"start":{"line":203,"column":0},"end":{"line":203,"column":13}},"203":{"start":{"line":204,"column":0},"end":{"line":204,"column":25}},"204":{"start":{"line":205,"column":0},"end":{"line":205,"column":26}},"205":{"start":{"line":206,"column":0},"end":{"line":206,"column":25}},"206":{"start":{"line":207,"column":0},"end":{"line":207,"column":26}},"207":{"start":{"line":208,"column":0},"end":{"line":208,"column":4}},"208":{"start":{"line":209,"column":0},"end":{"line":209,"column":22}},"209":{"start":{"line":210,"column":0},"end":{"line":210,"column":25}},"210":{"start":{"line":211,"column":0},"end":{"line":211,"column":25}},"211":{"start":{"line":212,"column":0},"end":{"line":212,"column":25}},"212":{"start":{"line":213,"column":0},"end":{"line":213,"column":26}},"213":{"start":{"line":214,"column":0},"end":{"line":214,"column":25}},"214":{"start":{"line":215,"column":0},"end":{"line":215,"column":25}},"215":{"start":{"line":216,"column":0},"end":{"line":216,"column":25}},"216":{"start":{"line":217,"column":0},"end":{"line":217,"column":26}},"217":{"start":{"line":218,"column":0},"end":{"line":218,"column":4}},"218":{"start":{"line":219,"column":0},"end":{"line":219,"column":1}},"219":{"start":{"line":220,"column":0},"end":{"line":220,"column":0}},"220":{"start":{"line":221,"column":0},"end":{"line":221,"column":37}},"221":{"start":{"line":222,"column":0},"end":{"line":222,"column":89}},"222":{"start":{"line":223,"column":0},"end":{"line":223,"column":56}},"223":{"start":{"line":224,"column":0},"end":{"line":224,"column":54}},"224":{"start":{"line":225,"column":0},"end":{"line":225,"column":3}},"225":{"start":{"line":226,"column":0},"end":{"line":226,"column":2}},"226":{"start":{"line":227,"column":0},"end":{"line":227,"column":20}},"227":{"start":{"line":228,"column":0},"end":{"line":228,"column":20}},"228":{"start":{"line":229,"column":0},"end":{"line":229,"column":19}},"229":{"start":{"line":230,"column":0},"end":{"line":230,"column":2}},"230":{"start":{"line":231,"column":0},"end":{"line":231,"column":27}},"231":{"start":{"line":232,"column":0},"end":{"line":232,"column":30}},"232":{"start":{"line":233,"column":0},"end":{"line":233,"column":22}},"233":{"start":{"line":234,"column":0},"end":{"line":234,"column":16}},"234":{"start":{"line":235,"column":0},"end":{"line":235,"column":34}},"235":{"start":{"line":236,"column":0},"end":{"line":236,"column":35}},"236":{"start":{"line":237,"column":0},"end":{"line":237,"column":22}},"237":{"start":{"line":238,"column":0},"end":{"line":238,"column":16}},"238":{"start":{"line":239,"column":0},"end":{"line":239,"column":10}},"239":{"start":{"line":240,"column":0},"end":{"line":240,"column":31}},"240":{"start":{"line":241,"column":0},"end":{"line":241,"column":22}},"241":{"start":{"line":242,"column":0},"end":{"line":242,"column":16}},"242":{"start":{"line":243,"column":0},"end":{"line":243,"column":3}},"243":{"start":{"line":244,"column":0},"end":{"line":244,"column":2}},"244":{"start":{"line":245,"column":0},"end":{"line":245,"column":10}},"245":{"start":{"line":246,"column":0},"end":{"line":246,"column":18}},"246":{"start":{"line":247,"column":0},"end":{"line":247,"column":23}},"247":{"start":{"line":248,"column":0},"end":{"line":248,"column":28}},"248":{"start":{"line":249,"column":0},"end":{"line":249,"column":13}},"249":{"start":{"line":250,"column":0},"end":{"line":250,"column":26}},"250":{"start":{"line":251,"column":0},"end":{"line":251,"column":28}},"251":{"start":{"line":252,"column":0},"end":{"line":252,"column":22}},"252":{"start":{"line":253,"column":0},"end":{"line":253,"column":18}},"253":{"start":{"line":254,"column":0},"end":{"line":254,"column":7}},"254":{"start":{"line":255,"column":0},"end":{"line":255,"column":50}},"255":{"start":{"line":256,"column":0},"end":{"line":256,"column":11}},"256":{"start":{"line":257,"column":0},"end":{"line":257,"column":75}},"257":{"start":{"line":258,"column":0},"end":{"line":258,"column":114}},"258":{"start":{"line":259,"column":0},"end":{"line":259,"column":12}},"259":{"start":{"line":260,"column":0},"end":{"line":260,"column":10}},"260":{"start":{"line":261,"column":0},"end":{"line":261,"column":4}},"261":{"start":{"line":262,"column":0},"end":{"line":262,"column":1}},"262":{"start":{"line":263,"column":0},"end":{"line":263,"column":0}},"263":{"start":{"line":264,"column":0},"end":{"line":264,"column":88}},"264":{"start":{"line":265,"column":0},"end":{"line":265,"column":67}},"265":{"start":{"line":266,"column":0},"end":{"line":266,"column":47}},"266":{"start":{"line":267,"column":0},"end":{"line":267,"column":58}},"267":{"start":{"line":268,"column":0},"end":{"line":268,"column":0}},"268":{"start":{"line":269,"column":0},"end":{"line":269,"column":19}},"269":{"start":{"line":270,"column":0},"end":{"line":270,"column":35}},"270":{"start":{"line":271,"column":0},"end":{"line":271,"column":23}},"271":{"start":{"line":272,"column":0},"end":{"line":272,"column":21}},"272":{"start":{"line":273,"column":0},"end":{"line":273,"column":11}},"273":{"start":{"line":274,"column":0},"end":{"line":274,"column":75}},"274":{"start":{"line":275,"column":0},"end":{"line":275,"column":64}},"275":{"start":{"line":276,"column":0},"end":{"line":276,"column":38}},"276":{"start":{"line":277,"column":0},"end":{"line":277,"column":25}},"277":{"start":{"line":278,"column":0},"end":{"line":278,"column":28}},"278":{"start":{"line":279,"column":0},"end":{"line":279,"column":61}},"279":{"start":{"line":280,"column":0},"end":{"line":280,"column":17}},"280":{"start":{"line":281,"column":0},"end":{"line":281,"column":26}},"281":{"start":{"line":282,"column":0},"end":{"line":282,"column":7}},"282":{"start":{"line":283,"column":0},"end":{"line":283,"column":5}},"283":{"start":{"line":284,"column":0},"end":{"line":284,"column":19}},"284":{"start":{"line":285,"column":0},"end":{"line":285,"column":20}},"285":{"start":{"line":286,"column":0},"end":{"line":286,"column":0}},"286":{"start":{"line":287,"column":0},"end":{"line":287,"column":16}},"287":{"start":{"line":288,"column":0},"end":{"line":288,"column":12}},"288":{"start":{"line":289,"column":0},"end":{"line":289,"column":41}},"289":{"start":{"line":290,"column":0},"end":{"line":290,"column":80}},"290":{"start":{"line":291,"column":0},"end":{"line":291,"column":30}},"291":{"start":{"line":292,"column":0},"end":{"line":292,"column":13}},"292":{"start":{"line":293,"column":0},"end":{"line":293,"column":76}},"293":{"start":{"line":294,"column":0},"end":{"line":294,"column":16}},"294":{"start":{"line":295,"column":0},"end":{"line":295,"column":6}},"295":{"start":{"line":296,"column":0},"end":{"line":296,"column":3}},"296":{"start":{"line":297,"column":0},"end":{"line":297,"column":0}},"297":{"start":{"line":298,"column":0},"end":{"line":298,"column":14}},"298":{"start":{"line":299,"column":0},"end":{"line":299,"column":12}},"299":{"start":{"line":300,"column":0},"end":{"line":300,"column":41}},"300":{"start":{"line":301,"column":0},"end":{"line":301,"column":80}},"301":{"start":{"line":302,"column":0},"end":{"line":302,"column":30}},"302":{"start":{"line":303,"column":0},"end":{"line":303,"column":13}},"303":{"start":{"line":304,"column":0},"end":{"line":304,"column":72}},"304":{"start":{"line":305,"column":0},"end":{"line":305,"column":16}},"305":{"start":{"line":306,"column":0},"end":{"line":306,"column":6}},"306":{"start":{"line":307,"column":0},"end":{"line":307,"column":3}},"307":{"start":{"line":308,"column":0},"end":{"line":308,"column":0}},"308":{"start":{"line":309,"column":0},"end":{"line":309,"column":28}},"309":{"start":{"line":310,"column":0},"end":{"line":310,"column":18}},"310":{"start":{"line":311,"column":0},"end":{"line":311,"column":58}},"311":{"start":{"line":312,"column":0},"end":{"line":312,"column":66}},"312":{"start":{"line":313,"column":0},"end":{"line":313,"column":66}},"313":{"start":{"line":314,"column":0},"end":{"line":314,"column":58}},"314":{"start":{"line":315,"column":0},"end":{"line":315,"column":76}},"315":{"start":{"line":316,"column":0},"end":{"line":316,"column":4}},"316":{"start":{"line":317,"column":0},"end":{"line":317,"column":57}},"317":{"start":{"line":318,"column":0},"end":{"line":318,"column":129}},"318":{"start":{"line":319,"column":0},"end":{"line":319,"column":0}},"319":{"start":{"line":320,"column":0},"end":{"line":320,"column":10}},"320":{"start":{"line":321,"column":0},"end":{"line":321,"column":39}},"321":{"start":{"line":322,"column":0},"end":{"line":322,"column":20}},"322":{"start":{"line":323,"column":0},"end":{"line":323,"column":40}},"323":{"start":{"line":324,"column":0},"end":{"line":324,"column":123}},"324":{"start":{"line":325,"column":0},"end":{"line":325,"column":15}},"325":{"start":{"line":326,"column":0},"end":{"line":326,"column":84}},"326":{"start":{"line":327,"column":0},"end":{"line":327,"column":34}},"327":{"start":{"line":328,"column":0},"end":{"line":328,"column":17}},"328":{"start":{"line":329,"column":0},"end":{"line":329,"column":77}},"329":{"start":{"line":330,"column":0},"end":{"line":330,"column":96}},"330":{"start":{"line":331,"column":0},"end":{"line":331,"column":16}},"331":{"start":{"line":332,"column":0},"end":{"line":332,"column":16}},"332":{"start":{"line":333,"column":0},"end":{"line":333,"column":23}},"333":{"start":{"line":334,"column":0},"end":{"line":334,"column":33}},"334":{"start":{"line":335,"column":0},"end":{"line":335,"column":37}},"335":{"start":{"line":336,"column":0},"end":{"line":336,"column":29}},"336":{"start":{"line":337,"column":0},"end":{"line":337,"column":26}},"337":{"start":{"line":338,"column":0},"end":{"line":338,"column":31}},"338":{"start":{"line":339,"column":0},"end":{"line":339,"column":13}},"339":{"start":{"line":340,"column":0},"end":{"line":340,"column":81}},"340":{"start":{"line":341,"column":0},"end":{"line":341,"column":77}},"341":{"start":{"line":342,"column":0},"end":{"line":342,"column":16}},"342":{"start":{"line":343,"column":0},"end":{"line":343,"column":14}},"343":{"start":{"line":344,"column":0},"end":{"line":344,"column":12}},"344":{"start":{"line":345,"column":0},"end":{"line":345,"column":0}},"345":{"start":{"line":346,"column":0},"end":{"line":346,"column":28}},"346":{"start":{"line":347,"column":0},"end":{"line":347,"column":19}},"347":{"start":{"line":348,"column":0},"end":{"line":348,"column":24}},"348":{"start":{"line":349,"column":0},"end":{"line":349,"column":68}},"349":{"start":{"line":350,"column":0},"end":{"line":350,"column":15}},"350":{"start":{"line":351,"column":0},"end":{"line":351,"column":9}},"351":{"start":{"line":352,"column":0},"end":{"line":352,"column":23}},"352":{"start":{"line":353,"column":0},"end":{"line":353,"column":20}},"353":{"start":{"line":354,"column":0},"end":{"line":354,"column":20}},"354":{"start":{"line":355,"column":0},"end":{"line":355,"column":22}},"355":{"start":{"line":356,"column":0},"end":{"line":356,"column":19}},"356":{"start":{"line":357,"column":0},"end":{"line":357,"column":205}},"357":{"start":{"line":358,"column":0},"end":{"line":358,"column":35}},"358":{"start":{"line":359,"column":0},"end":{"line":359,"column":55}},"359":{"start":{"line":360,"column":0},"end":{"line":360,"column":23}},"360":{"start":{"line":361,"column":0},"end":{"line":361,"column":42}},"361":{"start":{"line":362,"column":0},"end":{"line":362,"column":9}},"362":{"start":{"line":363,"column":0},"end":{"line":363,"column":67}},"363":{"start":{"line":364,"column":0},"end":{"line":364,"column":128}},"364":{"start":{"line":365,"column":0},"end":{"line":365,"column":14}},"365":{"start":{"line":366,"column":0},"end":{"line":366,"column":22}},"366":{"start":{"line":367,"column":0},"end":{"line":367,"column":0}},"367":{"start":{"line":368,"column":0},"end":{"line":368,"column":63}},"368":{"start":{"line":369,"column":0},"end":{"line":369,"column":20}},"369":{"start":{"line":370,"column":0},"end":{"line":370,"column":20}},"370":{"start":{"line":371,"column":0},"end":{"line":371,"column":32}},"371":{"start":{"line":372,"column":0},"end":{"line":372,"column":19}},"372":{"start":{"line":373,"column":0},"end":{"line":373,"column":184}},"373":{"start":{"line":374,"column":0},"end":{"line":374,"column":73}},"374":{"start":{"line":375,"column":0},"end":{"line":375,"column":93}},"375":{"start":{"line":376,"column":0},"end":{"line":376,"column":23}},"376":{"start":{"line":377,"column":0},"end":{"line":377,"column":33}},"377":{"start":{"line":378,"column":0},"end":{"line":378,"column":64}},"378":{"start":{"line":379,"column":0},"end":{"line":379,"column":33}},"379":{"start":{"line":380,"column":0},"end":{"line":380,"column":57}},"380":{"start":{"line":381,"column":0},"end":{"line":381,"column":52}},"381":{"start":{"line":382,"column":0},"end":{"line":382,"column":33}},"382":{"start":{"line":383,"column":0},"end":{"line":383,"column":49}},"383":{"start":{"line":384,"column":0},"end":{"line":384,"column":24}},"384":{"start":{"line":385,"column":0},"end":{"line":385,"column":9}},"385":{"start":{"line":386,"column":0},"end":{"line":386,"column":42}},"386":{"start":{"line":387,"column":0},"end":{"line":387,"column":74}},"387":{"start":{"line":388,"column":0},"end":{"line":388,"column":75}},"388":{"start":{"line":389,"column":0},"end":{"line":389,"column":133}},"389":{"start":{"line":390,"column":0},"end":{"line":390,"column":14}},"390":{"start":{"line":391,"column":0},"end":{"line":391,"column":22}},"391":{"start":{"line":392,"column":0},"end":{"line":392,"column":0}},"392":{"start":{"line":393,"column":0},"end":{"line":393,"column":29}},"393":{"start":{"line":394,"column":0},"end":{"line":394,"column":20}},"394":{"start":{"line":395,"column":0},"end":{"line":395,"column":20}},"395":{"start":{"line":396,"column":0},"end":{"line":396,"column":28}},"396":{"start":{"line":397,"column":0},"end":{"line":397,"column":19}},"397":{"start":{"line":398,"column":0},"end":{"line":398,"column":160}},"398":{"start":{"line":399,"column":0},"end":{"line":399,"column":39}},"399":{"start":{"line":400,"column":0},"end":{"line":400,"column":59}},"400":{"start":{"line":401,"column":0},"end":{"line":401,"column":23}},"401":{"start":{"line":402,"column":0},"end":{"line":402,"column":33}},"402":{"start":{"line":403,"column":0},"end":{"line":403,"column":55}},"403":{"start":{"line":404,"column":0},"end":{"line":404,"column":33}},"404":{"start":{"line":405,"column":0},"end":{"line":405,"column":49}},"405":{"start":{"line":406,"column":0},"end":{"line":406,"column":24}},"406":{"start":{"line":407,"column":0},"end":{"line":407,"column":9}},"407":{"start":{"line":408,"column":0},"end":{"line":408,"column":67}},"408":{"start":{"line":409,"column":0},"end":{"line":409,"column":121}},"409":{"start":{"line":410,"column":0},"end":{"line":410,"column":14}},"410":{"start":{"line":411,"column":0},"end":{"line":411,"column":22}},"411":{"start":{"line":412,"column":0},"end":{"line":412,"column":0}},"412":{"start":{"line":413,"column":0},"end":{"line":413,"column":50}},"413":{"start":{"line":414,"column":0},"end":{"line":414,"column":20}},"414":{"start":{"line":415,"column":0},"end":{"line":415,"column":20}},"415":{"start":{"line":416,"column":0},"end":{"line":416,"column":32}},"416":{"start":{"line":417,"column":0},"end":{"line":417,"column":19}},"417":{"start":{"line":418,"column":0},"end":{"line":418,"column":165}},"418":{"start":{"line":419,"column":0},"end":{"line":419,"column":37}},"419":{"start":{"line":420,"column":0},"end":{"line":420,"column":105}},"420":{"start":{"line":421,"column":0},"end":{"line":421,"column":20}},"421":{"start":{"line":422,"column":0},"end":{"line":422,"column":42}},"422":{"start":{"line":423,"column":0},"end":{"line":423,"column":9}},"423":{"start":{"line":424,"column":0},"end":{"line":424,"column":67}},"424":{"start":{"line":425,"column":0},"end":{"line":425,"column":137}},"425":{"start":{"line":426,"column":0},"end":{"line":426,"column":14}},"426":{"start":{"line":427,"column":0},"end":{"line":427,"column":22}},"427":{"start":{"line":428,"column":0},"end":{"line":428,"column":0}},"428":{"start":{"line":429,"column":0},"end":{"line":429,"column":34}},"429":{"start":{"line":430,"column":0},"end":{"line":430,"column":20}},"430":{"start":{"line":431,"column":0},"end":{"line":431,"column":20}},"431":{"start":{"line":432,"column":0},"end":{"line":432,"column":28}},"432":{"start":{"line":433,"column":0},"end":{"line":433,"column":19}},"433":{"start":{"line":434,"column":0},"end":{"line":434,"column":146}},"434":{"start":{"line":435,"column":0},"end":{"line":435,"column":38}},"435":{"start":{"line":436,"column":0},"end":{"line":436,"column":109}},"436":{"start":{"line":437,"column":0},"end":{"line":437,"column":22}},"437":{"start":{"line":438,"column":0},"end":{"line":438,"column":38}},"438":{"start":{"line":439,"column":0},"end":{"line":439,"column":32}},"439":{"start":{"line":440,"column":0},"end":{"line":440,"column":61}},"440":{"start":{"line":441,"column":0},"end":{"line":441,"column":39}},"441":{"start":{"line":442,"column":0},"end":{"line":442,"column":61}},"442":{"start":{"line":443,"column":0},"end":{"line":443,"column":24}},"443":{"start":{"line":444,"column":0},"end":{"line":444,"column":9}},"444":{"start":{"line":445,"column":0},"end":{"line":445,"column":67}},"445":{"start":{"line":446,"column":0},"end":{"line":446,"column":146}},"446":{"start":{"line":447,"column":0},"end":{"line":447,"column":14}},"447":{"start":{"line":448,"column":0},"end":{"line":448,"column":22}},"448":{"start":{"line":449,"column":0},"end":{"line":449,"column":12}},"449":{"start":{"line":450,"column":0},"end":{"line":450,"column":0}},"450":{"start":{"line":451,"column":0},"end":{"line":451,"column":33}},"451":{"start":{"line":452,"column":0},"end":{"line":452,"column":19}},"452":{"start":{"line":453,"column":0},"end":{"line":453,"column":22}},"453":{"start":{"line":454,"column":0},"end":{"line":454,"column":20}},"454":{"start":{"line":455,"column":0},"end":{"line":455,"column":30}},"455":{"start":{"line":456,"column":0},"end":{"line":456,"column":36}},"456":{"start":{"line":457,"column":0},"end":{"line":457,"column":24}},"457":{"start":{"line":458,"column":0},"end":{"line":458,"column":9}},"458":{"start":{"line":459,"column":0},"end":{"line":459,"column":92}},"459":{"start":{"line":460,"column":0},"end":{"line":460,"column":82}},"460":{"start":{"line":461,"column":0},"end":{"line":461,"column":99}},"461":{"start":{"line":462,"column":0},"end":{"line":462,"column":93}},"462":{"start":{"line":463,"column":0},"end":{"line":463,"column":126}},"463":{"start":{"line":464,"column":0},"end":{"line":464,"column":115}},"464":{"start":{"line":465,"column":0},"end":{"line":465,"column":12}},"465":{"start":{"line":466,"column":0},"end":{"line":466,"column":12}},"466":{"start":{"line":467,"column":0},"end":{"line":467,"column":14}},"467":{"start":{"line":468,"column":0},"end":{"line":468,"column":4}},"468":{"start":{"line":469,"column":0},"end":{"line":469,"column":1}}},"s":{"0":1,"1":1,"2":1,"3":1,"4":50,"5":50,"6":50,"7":50,"8":50,"9":50,"10":40,"11":40,"12":10,"13":50,"14":50,"15":50,"16":50,"17":50,"18":50,"19":1,"20":1,"21":1,"22":1,"23":40,"24":40,"25":20,"26":20,"27":1,"28":1,"29":0,"30":0,"31":0,"32":0,"33":0,"34":0,"35":1,"36":1,"37":50,"38":50,"39":50,"40":50,"41":50,"42":50,"43":50,"44":50,"45":50,"46":50,"47":50,"48":50,"49":50,"50":50,"51":50,"52":50,"53":50,"54":50,"55":50,"56":50,"57":50,"58":50,"59":50,"60":1,"61":1,"62":50,"63":50,"64":50,"65":50,"66":50,"67":50,"68":50,"69":50,"70":50,"71":50,"72":50,"73":50,"74":50,"75":50,"76":50,"77":50,"78":50,"79":50,"80":50,"81":50,"82":50,"83":50,"84":50,"85":50,"86":50,"87":50,"88":50,"89":50,"90":50,"91":50,"92":50,"93":50,"94":50,"95":50,"96":50,"97":50,"98":50,"99":50,"100":50,"101":50,"102":50,"103":50,"104":50,"105":50,"106":50,"107":50,"108":50,"109":50,"110":50,"111":50,"112":50,"113":50,"114":50,"115":50,"116":50,"117":50,"118":50,"119":50,"120":50,"121":50,"122":50,"123":50,"124":50,"125":50,"126":50,"127":50,"128":50,"129":50,"130":50,"131":50,"132":50,"133":50,"134":50,"135":50,"136":50,"137":50,"138":50,"139":50,"140":50,"141":50,"142":50,"143":50,"144":50,"145":50,"146":50,"147":50,"148":50,"149":50,"150":50,"151":50,"152":50,"153":50,"154":50,"155":50,"156":50,"157":50,"158":50,"159":50,"160":50,"161":50,"162":50,"163":50,"164":50,"165":14,"166":14,"167":14,"168":14,"169":14,"170":14,"171":14,"172":14,"173":14,"174":14,"175":14,"176":14,"177":50,"178":50,"179":50,"180":50,"181":50,"182":50,"183":50,"184":1,"185":1,"186":1,"187":1,"188":1,"189":1,"190":1,"191":1,"192":1,"193":1,"194":1,"195":1,"196":1,"197":1,"198":1,"199":1,"200":1,"201":1,"202":1,"203":1,"204":1,"205":1,"206":1,"207":1,"208":1,"209":1,"210":1,"211":1,"212":1,"213":1,"214":1,"215":1,"216":1,"217":1,"218":1,"219":1,"220":1,"221":10,"222":10,"223":7,"224":7,"225":3,"226":3,"227":3,"228":3,"229":3,"230":10,"231":1,"232":1,"233":1,"234":10,"235":1,"236":1,"237":1,"238":1,"239":1,"240":1,"241":1,"242":1,"243":3,"244":3,"245":3,"246":3,"247":3,"248":3,"249":3,"250":3,"251":3,"252":3,"253":3,"254":3,"255":3,"256":3,"257":3,"258":3,"259":3,"260":3,"261":3,"262":1,"263":26,"264":26,"265":26,"266":26,"267":26,"268":26,"269":14,"270":14,"271":14,"272":14,"273":14,"274":14,"275":10,"276":10,"277":14,"278":2,"279":14,"280":12,"281":12,"282":14,"283":14,"284":26,"285":26,"286":26,"287":14,"288":14,"289":14,"290":14,"291":14,"292":14,"293":14,"294":14,"295":14,"296":12,"297":26,"298":2,"299":2,"300":2,"301":2,"302":2,"303":2,"304":2,"305":2,"306":2,"307":10,"308":10,"309":10,"310":26,"311":26,"312":26,"313":26,"314":26,"315":26,"316":26,"317":26,"318":26,"319":26,"320":26,"321":26,"322":26,"323":26,"324":26,"325":26,"326":26,"327":26,"328":26,"329":26,"330":26,"331":26,"332":26,"333":26,"334":26,"335":26,"336":26,"337":26,"338":26,"339":26,"340":26,"341":26,"342":26,"343":26,"344":26,"345":26,"346":26,"347":26,"348":26,"349":26,"350":26,"351":26,"352":26,"353":26,"354":26,"355":26,"356":26,"357":26,"358":26,"359":26,"360":26,"361":26,"362":26,"363":26,"364":26,"365":26,"366":26,"367":26,"368":26,"369":26,"370":26,"371":26,"372":26,"373":26,"374":26,"375":26,"376":26,"377":26,"378":8,"379":8,"380":26,"381":1,"382":1,"383":2,"384":26,"385":26,"386":26,"387":26,"388":26,"389":26,"390":26,"391":26,"392":26,"393":26,"394":26,"395":26,"396":26,"397":26,"398":26,"399":26,"400":26,"401":26,"402":26,"403":1,"404":1,"405":26,"406":26,"407":26,"408":26,"409":26,"410":26,"411":26,"412":26,"413":26,"414":26,"415":26,"416":26,"417":26,"418":26,"419":26,"420":26,"421":26,"422":26,"423":26,"424":26,"425":26,"426":26,"427":26,"428":26,"429":26,"430":26,"431":26,"432":26,"433":26,"434":26,"435":26,"436":26,"437":26,"438":26,"439":26,"440":4,"441":4,"442":26,"443":26,"444":26,"445":26,"446":26,"447":26,"448":26,"449":26,"450":26,"451":26,"452":26,"453":26,"454":26,"455":26,"456":26,"457":26,"458":26,"459":26,"460":26,"461":26,"462":26,"463":26,"464":26,"465":26,"466":26,"467":26,"468":26},"branchMap":{"0":{"type":"branch","line":5,"loc":{"start":{"line":5,"column":0},"end":{"line":21,"column":1}},"locations":[{"start":{"line":5,"column":0},"end":{"line":21,"column":1}}]},"1":{"type":"branch","line":10,"loc":{"start":{"line":10,"column":45},"end":{"line":12,"column":3}},"locations":[{"start":{"line":10,"column":45},"end":{"line":12,"column":3}}]},"2":{"type":"branch","line":12,"loc":{"start":{"line":12,"column":2},"end":{"line":14,"column":50}},"locations":[{"start":{"line":12,"column":2},"end":{"line":14,"column":50}}]},"3":{"type":"branch","line":14,"loc":{"start":{"line":14,"column":41},"end":{"line":14,"column":65}},"locations":[{"start":{"line":14,"column":41},"end":{"line":14,"column":65}}]},"4":{"type":"branch","line":16,"loc":{"start":{"line":16,"column":20},"end":{"line":16,"column":94}},"locations":[{"start":{"line":16,"column":20},"end":{"line":16,"column":94}}]},"5":{"type":"branch","line":16,"loc":{"start":{"line":16,"column":92},"end":{"line":17,"column":27}},"locations":[{"start":{"line":16,"column":92},"end":{"line":17,"column":27}}]},"6":{"type":"branch","line":17,"loc":{"start":{"line":17,"column":20},"end":{"line":17,"column":89}},"locations":[{"start":{"line":17,"column":20},"end":{"line":17,"column":89}}]},"7":{"type":"branch","line":17,"loc":{"start":{"line":17,"column":87},"end":{"line":18,"column":27}},"locations":[{"start":{"line":17,"column":87},"end":{"line":18,"column":27}}]},"8":{"type":"branch","line":18,"loc":{"start":{"line":18,"column":20},"end":{"line":18,"column":89}},"locations":[{"start":{"line":18,"column":20},"end":{"line":18,"column":89}}]},"9":{"type":"branch","line":18,"loc":{"start":{"line":18,"column":87},"end":{"line":19,"column":27}},"locations":[{"start":{"line":18,"column":87},"end":{"line":19,"column":27}}]},"10":{"type":"branch","line":19,"loc":{"start":{"line":19,"column":20},"end":{"line":21,"column":1}},"locations":[{"start":{"line":19,"column":20},"end":{"line":21,"column":1}}]},"11":{"type":"branch","line":24,"loc":{"start":{"line":24,"column":0},"end":{"line":27,"column":1}},"locations":[{"start":{"line":24,"column":0},"end":{"line":27,"column":1}}]},"12":{"type":"branch","line":25,"loc":{"start":{"line":25,"column":45},"end":{"line":27,"column":1}},"locations":[{"start":{"line":25,"column":45},"end":{"line":27,"column":1}}]},"13":{"type":"branch","line":38,"loc":{"start":{"line":38,"column":0},"end":{"line":60,"column":1}},"locations":[{"start":{"line":38,"column":0},"end":{"line":60,"column":1}}]},"14":{"type":"branch","line":63,"loc":{"start":{"line":63,"column":0},"end":{"line":184,"column":1}},"locations":[{"start":{"line":63,"column":0},"end":{"line":184,"column":1}}]},"15":{"type":"branch","line":165,"loc":{"start":{"line":165,"column":7},"end":{"line":177,"column":14}},"locations":[{"start":{"line":165,"column":7},"end":{"line":177,"column":14}}]},"16":{"type":"branch","line":222,"loc":{"start":{"line":222,"column":0},"end":{"line":262,"column":1}},"locations":[{"start":{"line":222,"column":0},"end":{"line":262,"column":1}}]},"17":{"type":"branch","line":223,"loc":{"start":{"line":223,"column":55},"end":{"line":225,"column":3}},"locations":[{"start":{"line":223,"column":55},"end":{"line":225,"column":3}}]},"18":{"type":"branch","line":225,"loc":{"start":{"line":225,"column":2},"end":{"line":231,"column":26}},"locations":[{"start":{"line":225,"column":2},"end":{"line":231,"column":26}}]},"19":{"type":"branch","line":231,"loc":{"start":{"line":231,"column":26},"end":{"line":235,"column":13}},"locations":[{"start":{"line":231,"column":26},"end":{"line":235,"column":13}}]},"20":{"type":"branch","line":235,"loc":{"start":{"line":235,"column":2},"end":{"line":243,"column":3}},"locations":[{"start":{"line":235,"column":2},"end":{"line":243,"column":3}}]},"21":{"type":"branch","line":235,"loc":{"start":{"line":235,"column":33},"end":{"line":243,"column":3}},"locations":[{"start":{"line":235,"column":33},"end":{"line":243,"column":3}}]},"22":{"type":"branch","line":243,"loc":{"start":{"line":243,"column":2},"end":{"line":262,"column":1}},"locations":[{"start":{"line":243,"column":2},"end":{"line":262,"column":1}}]},"23":{"type":"branch","line":264,"loc":{"start":{"line":264,"column":0},"end":{"line":469,"column":1}},"locations":[{"start":{"line":264,"column":0},"end":{"line":469,"column":1}}]},"24":{"type":"branch","line":287,"loc":{"start":{"line":287,"column":15},"end":{"line":296,"column":3}},"locations":[{"start":{"line":287,"column":15},"end":{"line":296,"column":3}}]},"25":{"type":"branch","line":296,"loc":{"start":{"line":296,"column":2},"end":{"line":298,"column":13}},"locations":[{"start":{"line":296,"column":2},"end":{"line":298,"column":13}}]},"26":{"type":"branch","line":298,"loc":{"start":{"line":298,"column":13},"end":{"line":307,"column":3}},"locations":[{"start":{"line":298,"column":13},"end":{"line":307,"column":3}}]},"27":{"type":"branch","line":307,"loc":{"start":{"line":307,"column":2},"end":{"line":311,"column":25}},"locations":[{"start":{"line":307,"column":2},"end":{"line":311,"column":25}}]},"28":{"type":"branch","line":311,"loc":{"start":{"line":311,"column":13},"end":{"line":311,"column":52}},"locations":[{"start":{"line":311,"column":13},"end":{"line":311,"column":52}}]},"29":{"type":"branch","line":311,"loc":{"start":{"line":311,"column":45},"end":{"line":311,"column":56}},"locations":[{"start":{"line":311,"column":45},"end":{"line":311,"column":56}}]},"30":{"type":"branch","line":311,"loc":{"start":{"line":311,"column":52},"end":{"line":311,"column":58}},"locations":[{"start":{"line":311,"column":52},"end":{"line":311,"column":58}}]},"31":{"type":"branch","line":312,"loc":{"start":{"line":312,"column":4},"end":{"line":312,"column":29}},"loca
[...]
e":345,"column":16}},"345":{"start":{"line":346,"column":0},"end":{"line":346,"column":0}},"346":{"start":{"line":347,"column":0},"end":{"line":347,"column":37}},"347":{"start":{"line":348,"column":0},"end":{"line":348,"column":48}},"348":{"start":{"line":349,"column":0},"end":{"line":349,"column":29}},"349":{"start":{"line":350,"column":0},"end":{"line":350,"column":32}},"350":{"start":{"line":351,"column":0},"end":{"line":351,"column":35}},"351":{"start":{"line":352,"column":0},"end":{"line":352,"column":36}},"352":{"start":{"line":353,"column":0},"end":{"line":353,"column":30}},"353":{"start":{"line":354,"column":0},"end":{"line":354,"column":30}},"354":{"start":{"line":355,"column":0},"end":{"line":355,"column":30}},"355":{"start":{"line":356,"column":0},"end":{"line":356,"column":15}},"356":{"start":{"line":357,"column":0},"end":{"line":357,"column":38}},"357":{"start":{"line":358,"column":0},"end":{"line":358,"column":22}},"358":{"start":{"line":359,"column":0},"end":{"line":359,"column":25}},"359":{"start":{"line":360,"column":0},"end":{"line":360,"column":26}},"360":{"start":{"line":361,"column":0},"end":{"line":361,"column":33}},"361":{"start":{"line":362,"column":0},"end":{"line":362,"column":42}},"362":{"start":{"line":363,"column":0},"end":{"line":363,"column":41}},"363":{"start":{"line":364,"column":0},"end":{"line":364,"column":15}},"364":{"start":{"line":365,"column":0},"end":{"line":365,"column":112}},"365":{"start":{"line":366,"column":0},"end":{"line":366,"column":119}},"366":{"start":{"line":367,"column":0},"end":{"line":367,"column":130}},"367":{"start":{"line":368,"column":0},"end":{"line":368,"column":120}},"368":{"start":{"line":369,"column":0},"end":{"line":369,"column":129}},"369":{"start":{"line":370,"column":0},"end":{"line":370,"column":144}},"370":{"start":{"line":371,"column":0},"end":{"line":371,"column":18}},"371":{"start":{"line":372,"column":0},"end":{"line":372,"column":20}},"372":{"start":{"line":373,"column":0},"end":{"line":373,"column":0}},"373":{"start":{"line":374,"column":0},"end":{"line":374,"column":38}},"374":{"start":{"line":375,"column":0},"end":{"line":375,"column":19}},"375":{"start":{"line":376,"column":0},"end":{"line":376,"column":29}},"376":{"start":{"line":377,"column":0},"end":{"line":377,"column":32}},"377":{"start":{"line":378,"column":0},"end":{"line":378,"column":35}},"378":{"start":{"line":379,"column":0},"end":{"line":379,"column":36}},"379":{"start":{"line":380,"column":0},"end":{"line":380,"column":30}},"380":{"start":{"line":381,"column":0},"end":{"line":381,"column":30}},"381":{"start":{"line":382,"column":0},"end":{"line":382,"column":30}},"382":{"start":{"line":383,"column":0},"end":{"line":383,"column":15}},"383":{"start":{"line":384,"column":0},"end":{"line":384,"column":36}},"384":{"start":{"line":385,"column":0},"end":{"line":385,"column":22}},"385":{"start":{"line":386,"column":0},"end":{"line":386,"column":25}},"386":{"start":{"line":387,"column":0},"end":{"line":387,"column":36}},"387":{"start":{"line":388,"column":0},"end":{"line":388,"column":26}},"388":{"start":{"line":389,"column":0},"end":{"line":389,"column":42}},"389":{"start":{"line":390,"column":0},"end":{"line":390,"column":31}},"390":{"start":{"line":391,"column":0},"end":{"line":391,"column":26}},"391":{"start":{"line":392,"column":0},"end":{"line":392,"column":15}},"392":{"start":{"line":393,"column":0},"end":{"line":393,"column":50}},"393":{"start":{"line":394,"column":0},"end":{"line":394,"column":18}},"394":{"start":{"line":395,"column":0},"end":{"line":395,"column":20}},"395":{"start":{"line":396,"column":0},"end":{"line":396,"column":14}},"396":{"start":{"line":397,"column":0},"end":{"line":397,"column":8}},"397":{"start":{"line":398,"column":0},"end":{"line":398,"column":0}},"398":{"start":{"line":399,"column":0},"end":{"line":399,"column":33}},"399":{"start":{"line":400,"column":0},"end":{"line":400,"column":22}},"400":{"start":{"line":401,"column":0},"end":{"line":401,"column":21}},"401":{"start":{"line":402,"column":0},"end":{"line":402,"column":22}},"402":{"start":{"line":403,"column":0},"end":{"line":403,"column":32}},"403":{"start":{"line":404,"column":0},"end":{"line":404,"column":38}},"404":{"start":{"line":405,"column":0},"end":{"line":405,"column":26}},"405":{"start":{"line":406,"column":0},"end":{"line":406,"column":11}},"406":{"start":{"line":407,"column":0},"end":{"line":407,"column":99}},"407":{"start":{"line":408,"column":0},"end":{"line":408,"column":113}},"408":{"start":{"line":409,"column":0},"end":{"line":409,"column":17}},"409":{"start":{"line":410,"column":0},"end":{"line":410,"column":48}},"410":{"start":{"line":411,"column":0},"end":{"line":411,"column":79}},"411":{"start":{"line":412,"column":0},"end":{"line":412,"column":107}},"412":{"start":{"line":413,"column":0},"end":{"line":413,"column":18}},"413":{"start":{"line":414,"column":0},"end":{"line":414,"column":18}},"414":{"start":{"line":415,"column":0},"end":{"line":415,"column":17}},"415":{"start":{"line":416,"column":0},"end":{"line":416,"column":43}},"416":{"start":{"line":417,"column":0},"end":{"line":417,"column":79}},"417":{"start":{"line":418,"column":0},"end":{"line":418,"column":92}},"418":{"start":{"line":419,"column":0},"end":{"line":419,"column":18}},"419":{"start":{"line":420,"column":0},"end":{"line":420,"column":18}},"420":{"start":{"line":421,"column":0},"end":{"line":421,"column":17}},"421":{"start":{"line":422,"column":0},"end":{"line":422,"column":41}},"422":{"start":{"line":423,"column":0},"end":{"line":423,"column":79}},"423":{"start":{"line":424,"column":0},"end":{"line":424,"column":116}},"424":{"start":{"line":425,"column":0},"end":{"line":425,"column":18}},"425":{"start":{"line":426,"column":0},"end":{"line":426,"column":18}},"426":{"start":{"line":427,"column":0},"end":{"line":427,"column":17}},"427":{"start":{"line":428,"column":0},"end":{"line":428,"column":46}},"428":{"start":{"line":429,"column":0},"end":{"line":429,"column":79}},"429":{"start":{"line":430,"column":0},"end":{"line":430,"column":113}},"430":{"start":{"line":431,"column":0},"end":{"line":431,"column":18}},"431":{"start":{"line":432,"column":0},"end":{"line":432,"column":18}},"432":{"start":{"line":433,"column":0},"end":{"line":433,"column":16}},"433":{"start":{"line":434,"column":0},"end":{"line":434,"column":14}},"434":{"start":{"line":435,"column":0},"end":{"line":435,"column":8}},"435":{"start":{"line":436,"column":0},"end":{"line":436,"column":14}},"436":{"start":{"line":437,"column":0},"end":{"line":437,"column":4}},"437":{"start":{"line":438,"column":0},"end":{"line":438,"column":1}}},"s":{"0":1,"1":1,"2":1,"3":1,"4":1,"5":1,"6":1,"7":1,"8":1,"9":1,"10":1,"11":1,"12":1,"13":1,"14":1,"15":1,"16":1,"17":94,"18":94,"19":94,"20":94,"21":94,"22":94,"23":94,"24":94,"25":94,"26":94,"27":94,"28":94,"29":94,"30":94,"31":94,"32":94,"33":94,"34":94,"35":94,"36":94,"37":94,"38":94,"39":94,"40":1,"41":1,"42":94,"43":94,"44":94,"45":94,"46":94,"47":94,"48":94,"49":94,"50":94,"51":94,"52":94,"53":94,"54":94,"55":94,"56":94,"57":94,"58":94,"59":94,"60":94,"61":94,"62":94,"63":94,"64":94,"65":94,"66":94,"67":94,"68":94,"69":94,"70":94,"71":94,"72":94,"73":94,"74":94,"75":94,"76":94,"77":94,"78":94,"79":94,"80":94,"81":94,"82":94,"83":94,"84":94,"85":94,"86":94,"87":94,"88":94,"89":94,"90":94,"91":94,"92":94,"93":1,"94":1,"95":36,"96":36,"97":36,"98":36,"99":36,"100":36,"101":36,"102":36,"103":36,"104":36,"105":36,"106":36,"107":36,"108":36,"109":29,"110":7,"111":36,"112":36,"113":36,"114":36,"115":36,"116":36,"117":36,"118":36,"119":36,"120":36,"121":36,"122":36,"123":36,"124":36,"125":36,"126":36,"127":36,"128":36,"129":36,"130":36,"131":36,"132":36,"133":36,"134":1,"135":1,"136":54,"137":54,"138":54,"139":54,"140":54,"141":54,"142":54,"143":54,"144":54,"145":54,"146":54,"147":54,"148":54,"149":1,"150":45,"151":45,"152":45,"153":45,"154":45,"155":45,"156":45,"157":45,"158":45,"159":45,"160":10,"161":10,"162":10,"163":10,"164":10,"165":10,"166":10,"167":10,"168":10,"169":10,"170":10,"171":10,"172":9,"173":10,"174":0,"175":10,"176":9,"177":9,"178":10,"179":45,"180":45,"181":45,"182":45,"183":45,"184":45,"185":45,"186":45,"187":45,"188":45,"189":45,"190":45,"191":45,"192":45,"193":45,"194":45,"195":45,"196":45,"197":45,"198":45,"199":45,"200":45,"201":45,"202":45,"203":45,"204":45,"205":45,"206":45,"207":45,"208":45,"209":45,"210":45,"211":45,"212":45,"213":45,"214":45,"215":45,"216":45,"217":45,"218":45,"219":45,"220":45,"221":45,"222":45,"223":45,"224":45,"225":45,"226":45,"227":45,"228":45,"229":45,"230":45,"231":45,"232":45,"233":45,"234":45,"235":45,"236":45,"237":45,"238":45,"239":45,"240":45,"241":2,"242":2,"243":2,"244":2,"245":2,"246":2,"247":2,"248":2,"249":2,"250":2,"251":2,"252":2,"253":2,"254":2,"255":2,"256":2,"257":2,"258":2,"259":2,"260":2,"261":2,"262":2,"263":2,"264":2,"265":2,"266":2,"267":2,"268":2,"269":45,"270":45,"271":45,"272":45,"273":45,"274":45,"275":45,"276":45,"277":45,"278":45,"279":45,"280":45,"281":45,"282":45,"283":45,"284":45,"285":45,"286":45,"287":45,"288":45,"289":45,"290":45,"291":45,"292":45,"293":45,"294":45,"295":45,"296":45,"297":45,"298":45,"299":45,"300":45,"301":45,"302":45,"303":45,"304":45,"305":45,"306":45,"307":45,"308":45,"309":45,"310":45,"311":9,"312":9,"313":9,"314":9,"315":9,"316":9,"317":9,"318":9,"319":9,"320":9,"321":9,"322":9,"323":9,"324":9,"325":9,"326":9,"327":9,"328":9,"329":9,"330":9,"331":9,"332":9,"333":9,"334":9,"335":9,"336":9,"337":9,"338":9,"339":9,"340":9,"341":9,"342":9,"343":9,"344":9,"345":9,"346":9,"347":9,"348":9,"349":9,"350":9,"351":9,"352":9,"353":9,"354":9,"355":9,"356":9,"357":9,"358":9,"359":9,"360":9,"361":9,"362":9,"363":9,"364":9,"365":9,"366":9,"367":9,"368":9,"369":9,"370":9,"371":9,"372":9,"373":9,"374":9,"375":9,"376":9,"377":9,"378":9,"379":9,"380":9,"381":9,"382":9,"383":9,"384":9,"385":9,"386":9,"387":9,"388":9,"389":9,"390":9,"391":9,"392":9,"393":9,"394":9,"395":9,"396":45,"397":45,"398":45,"399":45,"400":36,"401":36,"402":36,"403":36,"404":36,"405":36,"406":36,"407":36,"408":36,"409":36,"410":36,"411":36,"412":36,"413":36,"414":36,"415":36,"416":36,"417":36,"418":36,"419":36,"420":36,"421":36,"422":36,"423":36,"424":36,"425":36,"426":36,"427":36,"428":36,"429":36,"430":36,"431":36,"432":36,"433":36,"434":45,"435":45,"436":45,"437":45},"branchMap":{"0":{"type":"branch","line":18,"loc":{"start":{"line":18,"column":0},"end":{"line":40,"column":1}},"locations":[{"start":{"line":18,"column":0},"end":{"line":40,"column":1}}]},"1":{"type":"branch","line":43,"loc":{"start":{"line":43,"column":0},"end":{"line":93,"column":1}},"locations":[{"start":{"line":43,"column":0},"end":{"line":93,"column":1}}]},"2":{"type":"branch","line":96,"loc":{"start":{"line":96,"column":0},"end":{"line":134,"column":1}},"locations":[{"start":{"line":96,"column":0},"end":{"line":134,"column":1}}]},"3":{"type":"branch","line":109,"loc":{"start":{"line":109,"column":30},"end":{"line":109,"column":58}},"locations":[{"start":{"line":109,"column":30},"end":{"line":109,"column":58}}]},"4":{"type":"branch","line":109,"loc":{"start":{"line":109,"column":48},"end":{"line":110,"column":29}},"locations":[{"start":{"line":109,"column":48},"end":{"line":110,"column":29}}]},"5":{"type":"branch","line":110,"loc":{"start":{"line":110,"column":26},"end":{"line":111,"column":12}},"locations":[{"start":{"line":110,"column":26},"end":{"line":111,"column":12}}]},"6":{"type":"branch","line":116,"loc":{"start":{"line":116,"column":18},"end":{"line":116,"column":42}},"locations":[{"start":{"line":116,"column":18},"end":{"line":116,"column":42}}]},"7":{"type":"branch","line":116,"loc":{"start":{"line":116,"column":30},"end":{"line":116,"column":49}},"locations":[{"start":{"line":116,"column":30},"end":{"line":116,"column":49}}]},"8":{"type":"branch","line":117,"loc":{"start":{"line":117,"column":14},"end":{"line":117,"column":48}},"locations":[{"start":{"line":117,"column":14},"end":{"line":117,"column":48}}]},"9":{"type":"branch","line":117,"loc":{"start":{"line":117,"column":26},"end":{"line":117,"column":68}},"locations":[{"start":{"line":117,"column":26},"end":{"line":117,"column":68}}]},"10":{"type":"branch","line":126,"loc":{"start":{"line":126,"column":15},"end":{"line":126,"column":39}},"locations":[{"start":{"line":126,"column":15},"end":{"line":126,"column":39}}]},"11":{"type":"branch","line":126,"loc":{"start":{"line":126,"column":27},"end":{"line":126,"column":46}},"locations":[{"start":{"line":126,"column":27},"end":{"line":126,"column":46}}]},"12":{"type":"branch","line":137,"loc":{"start":{"line":137,"column":0},"end":{"line":149,"column":1}},"locations":[{"start":{"line":137,"column":0},"end":{"line":149,"column":1}}]},"13":{"type":"branch","line":151,"loc":{"start":{"line":151,"column":0},"end":{"line":438,"column":1}},"locations":[{"start":{"line":151,"column":0},"end":{"line":438,"column":1}}]},"14":{"type":"branch","line":238,"loc":{"start":{"line":238,"column":9},"end":{"line":238,"column":30}},"locations":[{"start":{"line":238,"column":9},"end":{"line":238,"column":30}}]},"15":{"type":"branch","line":238,"loc":{"start":{"line":238,"column":24},"end":{"line":238,"column":34}},"locations":[{"start":{"line":238,"column":24},"end":{"line":238,"column":34}}]},"16":{"type":"branch","line":241,"loc":{"start":{"line":241,"column":7},"end":{"line":269,"column":14}},"locations":[{"start":{"line":241,"column":7},"end":{"line":269,"column":14}}]},"17":{"type":"branch","line":279,"loc":{"start":{"line":279,"column":24},"end":{"line":279,"column":46}},"locations":[{"start":{"line":279,"column":24},"end":{"line":279,"column":46}}]},"18":{"type":"branch","line":279,"loc":{"start":{"line":279,"column":34},"end":{"line":279,"column":56}},"locations":[{"start":{"line":279,"column":34},"end":{"line":279,"column":56}}]},"19":{"type":"branch","line":285,"loc":{"start":{"line":285,"column":20},"end":{"line":285,"column":46}},"locations":[{"start":{"line":285,"column":20},"end":{"line":285,"column":46}}]},"20":{"type":"branch","line":285,"loc":{"start":{"line":285,"column":30},"end":{"line":285,"column":55}},"locations":[{"start":{"line":285,"column":30},"end":{"line":285,"column":55}}]},"21":{"type":"branch","line":288,"loc":{"start":{"line":288,"column":11},"end":{"line":288,"column":40}},"locations":[{"start":{"line":288,"column":11},"end":{"line":288,"column":40}}]},"22":{"type":"branch","line":288,"loc":{"start":{"line":288,"column":21},"end":{"line":288,"column":62}},"locations":[{"start":{"line":288,"column":21},"end":{"line":288,"column":62}}]},"23":{"type":"branch","line":311,"loc":{"start":{"line":311,"column":7},"end":{"line":396,"column":14}},"locations":[{"start":{"line":311,"column":7},"end":{"line":396,"column":14}}]},"24":{"type":"branch","line":365,"loc":{"start":{"line":365,"column":62},"end":{"line":365,"column":103}},"locations":[{"start":{"line":365,"column":62},"end":{"line":365,"column":103}}]},"25":{"type":"branch","line":365,"loc":{"start":{"line":365,"column":98},"end":{"line":365,"column":110}},"locations":[{"start":{"line":365,"column":98},"end":{"line":365,"column":110}}]},"26":{"type":"branch","line":366,"loc":{"start":{"line":366,"column":67},"end":{"line":366,"column":110}},"locations":[{"start":{"line":366,"column":67},"end":{"line":366,"column":110}}]},"27":{"type":"branch","line":366,"loc":{"start":{"line":366,"column":104},"end":{"line":366,"column":117}},"locations":[{"start":{"line":366,"column":104},"end":{"line":366,"column":117}}]},"28":{"type":"branch","line":367,"loc":{"start":{"line":367,"column":68},"end":{"line":367,"column":121}},"locations":[{"start":{"line":367,"column":68},"end":{"line":367,"column":121}}]},"29":{"type":"branch","line":367,"loc":{"start":{"line":367,"column":116},"end":{"line":367,"column":128}},"locations":[{"start":{"line":367,"column":116},"end":{"line":367,"column":128}}]},"30":{"type":"branch","line":368,"loc":{"start":{"line":368,"column":64},"end":{"line":368,"column":111}},"locations":[{"start":{"line":368,"column":64},"end":{"line":368,"column":111}}]},"31":{"type":"branch","line":368,"loc":{"start":{"line":368,"column":105},"end":{"line":368,"column":118}},"locations":[{"start":{"line":368,"column":105},"end":{"line":368,"column":118}}]},"32":{"type":"branch","line":369,"loc":{"start":{"line":369,"column":63},"end":{"line":369,"column":120}},"locations":[{"start":{"line":369,"column":63},"end":{"line":369,"column":120}}]},"33":{"type":"branch","line":369,"loc":{"start":{"line":369,"column":115},"end":{"line":369,"column":127}},"locations":[{"start":{"line":369,"column":115},"end":{"line":369,"column":127}}]},"34":{"type":"branch","line":370,"loc":{"start":{"line":370,"column":65},"end":{"line":370,"column":135}},"locations":[{"start":{"line":370,"column":65},"end":{"line":370,"column":135}}]},"35":{"type":"branch","line":370,"loc":{"start":{"line":370,"column":129},"end":{"line":370,"column":142}},"locations":[{"start":{"line":370,"column":129},"end":{"line":370,"column":142}}]},"36":{"type":"branch","line":400,"loc":{"start":{"line":400,"column":8},"end":{"line":434,"column":14}},"locations":[{"start":{"line":400,"column":8},"end":{"line":434,"column":14}}]},"37":{"type":"branch","line":160,"loc":{"start":{"line":160,"column":23},"end":{"line":179,"column":4}},"locations":[{"start":{"line":160,"column":23},"end":{"line":179,"column":4}}]},"38":{"type":"branch","line":172,"loc":{"start":{"line":172,"column":7},"end":{"line":174,"column":13}},"locations":[{"start":{"line":172,"column":7},"end":{"line":174,"column":13}}]},"39":{"type":"branch","line":174,"loc":{"start":{"line":174,"column":4},"end":{"line":176,"column":6}},"locations":[{"start":{"line":174,"column":4},"end":{"line":176,"column":6}}]},"40":{"type":"branch","line":176,"loc":{"start":{"line":176,"column":4},"end":{"line":178,"column":5}},"locations":[{"start":{"line":176,"column":4},"end":{"line":178,"column":5}}]},"41":{"type":"branch","line":225,"loc":{"start":{"line":225,"column":17},"end":{"line":225,"column":54}},"locations":[{"start":{"line":225,"column":17},"end":{"line":225,"column":54}}]}},"b":{"0":[94],"1":[94],"2":[36],"3":[34],"4":[29],"5":[7],"6":[9],"7":[27],"8":[9],"9":[27],"10":[9],"11":[27],"12":[54],"13":[45],"14":[2],"15":[43],"16":[2],"17":[10],"18":[35],"19":[10],"20":[35],"21":[10],"22":[35],"23":[9],"24":[7],"25":[2],"26":[7],"27":[2],"28":[7],"29":[2],"30":[7],"31":[2],"32":[7],"33":[2],"34":[7],"35":[2],"36":[36],"37":[10],"38":[9],"39":[0],"40":[9],"41":[3]},"fnMap":{"0":{"name":"InfoTip","decl":{"start":{"line":18,"column":0},"end":{"line":40,"column":1}},"loc":{"start":{"line":18,"column":0},"end":{"line":40,"column":1}},"line":18},"1":{"name":"SliderInput","decl":{"start":{"line":43,"column":0},"end":{"line":93,"column":1}},"loc":{"start":{"line":43,"column":0},"end":{"line":93,"column":1}},"line":43},"2":{"name":"onChange","decl":{"start":{"line":79,"column":18},"end":{"line":79,"column":56}},"loc":{"start":{"line":79,"column":18},"end":{"line":79,"column":56}},"line":79},"3":{"name":"PriceCard","decl":{"start":{"line":96,"column":0},"end":{"line":134,"column":1}},"loc":{"start":{"line":96,"column":0},"end":{"line":134,"column":1}},"line":96},"4":{"name":"MetricRow","decl":{"start":{"line":137,"column":0},"end":{"line":149,"column":1}},"loc":{"start":{"line":137,"column":0},"end":{"line":149,"column":1}},"line":137},"5":{"name":"ValuationPanel","decl":{"start":{"line":151,"column":0},"end":{"line":438,"column":1}},"loc":{"start":{"line":151,"column":0},"end":{"line":438,"column":1}},"line":151},"6":{"name":"runValuation","decl":{"start":{"line":160,"column":23},"end":{"line":179,"column":4}},"loc":{"start":{"line":160,"column":23},"end":{"line":179,"column":4}},"line":160},"7":{"name":"onClick","decl":{"start":{"line":225,"column":17},"end":{"line":225,"column":54}},"loc":{"start":{"line":225,"column":17},"end":{"line":225,"column":54}},"line":225}},"f":{"0":94,"1":94,"2":0,"3":36,"4":54,"5":45,"6":10,"7":3}}
}
